#
# A fatal error has been detected by the Java Runtime Environment:
#
#  SIGBUS (0x7) at pc=0x00007f906d9fe52d, pid=7762, tid=7771
#
# JRE version:  (9.0) (build )
# Java VM: OpenJDK 64-Bit Server VM (9-internal+0-adhoc.abuild.jdk9-21b063d75b3e, mixed mode, tiered, compressed oops, g1 gc, linux-amd64)
# Problematic frame:
# C  [libc.so.6+0x13052d]  __memset_avx2_erms+0xd
#
# Core dump will be written. Default location: Core dumps may be processed with "/usr/lib/systemd/systemd-coredump %P %u %g %s %t %c %e" (or dumping to /home/tobias/git/ExaHyPE-Engine/Toolkit/src/core.7762)
#
# If you would like to submit a bug report, please visit:
#   http://bugreport.java.com/bugreport/crash.jsp
#

---------------  S U M M A R Y ------------

Command Line: -Dapplication.home=/usr/lib64/jvm/java-1.9.0-openjdk-1.9.0 --add-modules=ALL-DEFAULT -Xms8m -Djdk.module.main=jdk.compiler jdk.compiler/com.sun.tools.javac.Main -sourcepath . eu/exahype/solvers/OptimisedADERDG.java

Host: Intel(R) Core(TM) i7-6700 CPU @ 3.40GHz, 8 cores, 31G, openSUSE Tumbleweed
Time: Wed May  3 10:47:41 2017 BST elapsed time: 0 seconds (0d 0h 0m 0s)

---------------  T H R E A D  ---------------

Current thread is native thread

Stack: [0x00007f906df60000,0x00007f906e060000],  sp=0x00007f906e05eb18,  free space=1018k
Native frames: (J=compiled Java code, A=aot compiled Java code, j=interpreted, Vv=VM code, C=native code)
C  [libc.so.6+0x13052d]  __memset_avx2_erms+0xd
V  [libjvm.so+0xae8d1a]  PerfMemory::initialize() [clone .part.4]+0x2a
V  [libjvm.so+0x79d662]  vm_init_globals()+0x22
V  [libjvm.so+0xc0d0a9]  Threads::create_vm(JavaVMInitArgs*, bool*)+0x1c9
V  [libjvm.so+0x7edc52]  JNI_CreateJavaVM+0x52
C  [libjli.so+0x3b74]  JavaMain+0x84


siginfo: si_signo: 7 (SIGBUS), si_code: 2 (BUS_ADRERR), si_addr: 0x00007f906df57000

Registers:
RAX=0x0000000000000000, RBX=0x00007f906e05eba0, RCX=0x0000000000008000, RDX=0x00007f906df57000
RSP=0x00007f906e05eb18, RBP=0x00007f906e05ec60, RSI=0x0000000000000000, RDI=0x00007f906df57000
R8 =0x0000000000000005, R9 =0x0000000000000000, R10=0x0000000000000001, R11=0x0000000000000000
R12=0x00007f906df57000, R13=0x0000000000000005, R14=0x0000000000008000, R15=0x00007f906400f840
RIP=0x00007f906d9fe52d, EFLAGS=0x0000000000010206, CSGSFS=0x002b000000000033, ERR=0x0000000000000006
  TRAPNO=0x000000000000000e

Top of Stack: (sp=0x00007f906e05eb18)
0x00007f906e05eb18:   00007f906cb87ebf 00007f906400f400
0x00007f906e05eb28:   00007f906e05eb70 00007f906400f820
0x00007f906e05eb38:   00007f906400f3e0 0000000000001e4c
0x00007f906e05eb48:   00007f906400f417 00007f906400f430 

Instructions: (pc=0x00007f906d9fe52d)
0x00007f906d9fe50d:   fe 7f 44 17 e0 c5 fe 7f 07 c5 f8 77 c3 66 0f 1f
0x00007f906d9fe51d:   44 00 00 c5 f8 77 48 89 d1 40 0f b6 c6 48 89 fa
0x00007f906d9fe52d:   f3 aa 48 89 d0 c3 0f 1f 00 66 2e 0f 1f 84 00 00
0x00007f906d9fe53d:   00 00 00 48 39 d1 0f 82 d7 b8 fc ff 0f 1f 80 00 


---------------  P R O C E S S  ---------------

VM state:not at safepoint (not fully initialized)

VM Mutex/Monitor currently owned by a thread: None


[error occurred during error reporting (printing compressed oops mode), id 0x7]

Deoptimization events (0 events):
No events

Classes redefined (0 events):
No events

Internal exceptions (0 events):
No events

Events (0 events):
No events


Dynamic libraries:
00400000-00401000 r-xp 00000000 00:28 2823907                            /usr/lib64/jvm/java-1.9.0-openjdk-1.9.0/bin/javac
00600000-00601000 r--p 00000000 00:28 2823907                            /usr/lib64/jvm/java-1.9.0-openjdk-1.9.0/bin/javac
00601000-00602000 rw-p 00001000 00:28 2823907                            /usr/lib64/jvm/java-1.9.0-openjdk-1.9.0/bin/javac
008c8000-008e9000 rw-p 00000000 00:00 0                                  [heap]
7f9064000000-7f9064041000 rw-p 00000000 00:00 0 
7f9064041000-7f9068000000 ---p 00000000 00:00 0 
7f906aeaa000-7f906b1a6000 rw-p 00000000 00:00 0 
7f906b1a6000-7f906b1d1000 r-xp 00000000 00:28 2823971                    /usr/lib64/jvm/java-1.9.0-openjdk-1.9.0/lib/libjava.so
7f906b1d1000-7f906b3d0000 ---p 0002b000 00:28 2823971                    /usr/lib64/jvm/java-1.9.0-openjdk-1.9.0/lib/libjava.so
7f906b3d0000-7f906b3d1000 r--p 0002a000 00:28 2823971                    /usr/lib64/jvm/java-1.9.0-openjdk-1.9.0/lib/libjava.so
7f906b3d1000-7f906b3d3000 rw-p 0002b000 00:28 2823971                    /usr/lib64/jvm/java-1.9.0-openjdk-1.9.0/lib/libjava.so
7f906b3d3000-7f906b3e0000 r-xp 00000000 00:28 2823993                    /usr/lib64/jvm/java-1.9.0-openjdk-1.9.0/lib/libverify.so
7f906b3e0000-7f906b5df000 ---p 0000d000 00:28 2823993                    /usr/lib64/jvm/java-1.9.0-openjdk-1.9.0/lib/libverify.so
7f906b5df000-7f906b5e1000 r--p 0000c000 00:28 2823993                    /usr/lib64/jvm/java-1.9.0-openjdk-1.9.0/lib/libverify.so
7f906b5e1000-7f906b5e2000 rw-p 0000e000 00:28 2823993                    /usr/lib64/jvm/java-1.9.0-openjdk-1.9.0/lib/libverify.so
7f906b5e2000-7f906b5e9000 r-xp 00000000 00:28 2870207                    /lib64/librt-2.25.so
7f906b5e9000-7f906b7e8000 ---p 00007000 00:28 2870207                    /lib64/librt-2.25.so
7f906b7e8000-7f906b7e9000 r--p 00006000 00:28 2870207                    /lib64/librt-2.25.so
7f906b7e9000-7f906b7ea000 rw-p 00007000 00:28 2870207                    /lib64/librt-2.25.so
7f906b7ea000-7f906b800000 r-xp 00000000 00:28 2908769                    /lib64/libgcc_s.so.1
7f906b800000-7f906ba00000 ---p 00016000 00:28 2908769                    /lib64/libgcc_s.so.1
7f906ba00000-7f906ba01000 r--p 00016000 00:28 2908769                    /lib64/libgcc_s.so.1
7f906ba01000-7f906ba02000 rw-p 00017000 00:28 2908769                    /lib64/libgcc_s.so.1
7f906ba02000-7f906bb14000 r-xp 00000000 00:28 2870181                    /lib64/libm-2.25.so
7f906bb14000-7f906bd13000 ---p 00112000 00:28 2870181                    /lib64/libm-2.25.so
7f906bd13000-7f906bd14000 r--p 00111000 00:28 2870181                    /lib64/libm-2.25.so
7f906bd14000-7f906bd15000 rw-p 00112000 00:28 2870181                    /lib64/libm-2.25.so
7f906bd15000-7f906be8f000 r-xp 00000000 00:28 2925216                    /usr/lib64/libstdc++.so.6.0.23
7f906be8f000-7f906c08f000 ---p 0017a000 00:28 2925216                    /usr/lib64/libstdc++.so.6.0.23
7f906c08f000-7f906c099000 r--p 0017a000 00:28 2925216                    /usr/lib64/libstdc++.so.6.0.23
7f906c099000-7f906c09b000 rw-p 00184000 00:28 2925216                    /usr/lib64/libstdc++.so.6.0.23
7f906c09b000-7f906c09e000 rw-p 00000000 00:00 0 
7f906c09e000-7f906cf61000 r-xp 00000000 00:28 2824003                    /usr/lib64/jvm/java-1.9.0-openjdk-1.9.0/lib/server/libjvm.so
7f906cf61000-7f906d161000 ---p 00ec3000 00:28 2824003                    /usr/lib64/jvm/java-1.9.0-openjdk-1.9.0/lib/server/libjvm.so
7f906d161000-7f906d218000 r--p 00ec3000 00:28 2824003                    /usr/lib64/jvm/java-1.9.0-openjdk-1.9.0/lib/server/libjvm.so
7f906d218000-7f906d24d000 rw-p 00f7a000 00:28 2824003                    /usr/lib64/jvm/java-1.9.0-openjdk-1.9.0/lib/server/libjvm.so
7f906d24d000-7f906d296000 rw-p 00000000 00:00 0 
7f906d296000-7f906d2af000 r-xp 00000000 00:28 2870203                    /lib64/libpthread-2.25.so
7f906d2af000-7f906d4ae000 ---p 00019000 00:28 2870203                    /lib64/libpthread-2.25.so
7f906d4ae000-7f906d4af000 r--p 00018000 00:28 2870203                    /lib64/libpthread-2.25.so
7f906d4af000-7f906d4b0000 rw-p 00019000 00:28 2870203                    /lib64/libpthread-2.25.so
7f906d4b0000-7f906d4b4000 rw-p 00000000 00:00 0 
7f906d4b4000-7f906d4b7000 r-xp 00000000 00:28 2870179                    /lib64/libdl-2.25.so
7f906d4b7000-7f906d6b6000 ---p 00003000 00:28 2870179                    /lib64/libdl-2.25.so
7f906d6b6000-7f906d6b7000 r--p 00002000 00:28 2870179                    /lib64/libdl-2.25.so
7f906d6b7000-7f906d6b8000 rw-p 00003000 00:28 2870179                    /lib64/libdl-2.25.so
7f906d6b8000-7f906d6cd000 r-xp 00000000 00:28 2022758                    /lib64/libz.so.1.2.8
7f906d6cd000-7f906d8cc000 ---p 00015000 00:28 2022758                    /lib64/libz.so.1.2.8
7f906d8cc000-7f906d8cd000 r--p 00014000 00:28 2022758                    /lib64/libz.so.1.2.8
7f906d8cd000-7f906d8ce000 rw-p 00015000 00:28 2022758                    /lib64/libz.so.1.2.8
7f906d8ce000-7f906da6a000 r-xp 00000000 00:28 2870173                    /lib64/libc-2.25.so
7f906da6a000-7f906dc69000 ---p 0019c000 00:28 2870173                    /lib64/libc-2.25.so
7f906dc69000-7f906dc6d000 r--p 0019b000 00:28 2870173                    /lib64/libc-2.25.so
7f906dc6d000-7f906dc6f000 rw-p 0019f000 00:28 2870173                    /lib64/libc-2.25.so
7f906dc6f000-7f906dc73000 rw-p 00000000 00:00 0 
7f906dc73000-7f906dc81000 r-xp 00000000 00:28 2823957                    /usr/lib64/jvm/java-1.9.0-openjdk-1.9.0/lib/jli/libjli.so
7f906dc81000-7f906de80000 ---p 0000e000 00:28 2823957                    /usr/lib64/jvm/java-1.9.0-openjdk-1.9.0/lib/jli/libjli.so
7f906de80000-7f906de81000 r--p 0000d000 00:28 2823957                    /usr/lib64/jvm/java-1.9.0-openjdk-1.9.0/lib/jli/libjli.so
7f906de81000-7f906de82000 rw-p 0000e000 00:28 2823957                    /usr/lib64/jvm/java-1.9.0-openjdk-1.9.0/lib/jli/libjli.so
7f906de82000-7f906dea6000 r-xp 00000000 00:28 2870165                    /lib64/ld-2.25.so
7f906df32000-7f906df57000 rw-p 00000000 00:00 0 
7f906df57000-7f906df5f000 rw-s 00000000 00:2e 189744                     /tmp/hsperfdata_tobias/7762
7f906df5f000-7f906df60000 ---p 00000000 00:00 0 
7f906df60000-7f906e065000 rw-p 00000000 00:00 0 
7f906e06c000-7f906e0a1000 r--s 00000000 00:28 1662062                    /var/lib/nscd/passwd
7f906e0a1000-7f906e0a2000 rw-p 00000000 00:00 0 
7f906e0a2000-7f906e0a3000 r--p 00000000 00:00 0 
7f906e0a3000-7f906e0a5000 rw-p 00000000 00:00 0 
7f906e0a5000-7f906e0a6000 r--p 00023000 00:28 2870165                    /lib64/ld-2.25.so
7f906e0a6000-7f906e0a8000 rw-p 00024000 00:28 2870165                    /lib64/ld-2.25.so
7ffcd0b06000-7ffcd0b27000 rw-p 00000000 00:00 0                          [stack]
7ffcd0b85000-7ffcd0b87000 r--p 00000000 00:00 0                          [vvar]
7ffcd0b87000-7ffcd0b89000 r-xp 00000000 00:00 0                          [vdso]
ffffffffff600000-ffffffffff601000 r-xp 00000000 00:00 0                  [vsyscall]

VM Arguments:
jvm_args: -Dapplication.home=/usr/lib64/jvm/java-1.9.0-openjdk-1.9.0 --add-modules=ALL-DEFAULT -Xms8m -Djdk.module.main=jdk.compiler 
java_command: jdk.compiler/com.sun.tools.javac.Main -sourcepath . eu/exahype/solvers/OptimisedADERDG.java
java_class_path (initial): <not set>
Launcher Type: SUN_STANDARD

Logging:
Log output configuration:
#0: stdout all=warning uptime,level,tags
#1: stderr all=off uptime,level,tags

Environment Variables:
JAVA_HOME=/usr/lib64/jvm/java
JRE_HOME=/usr/lib64/jvm/java/jre
PATH=/home/tobias/bin:/usr/local/bin:/usr/bin:/bin
SHELL=/bin/bash
DISPLAY=:0
HOSTTYPE=x86_64
OSTYPE=linux
MACHTYPE=x86_64-suse-linux

Signal Handlers:
SIGSEGV: [libjvm.so+0xc671c0], sa_mask[0]=11111111011111111101111111111110, sa_flags=SA_RESTART|SA_SIGINFO
SIGBUS: [libjvm.so+0xc671c0], sa_mask[0]=11111111011111111101111111111110, sa_flags=SA_RESTART|SA_SIGINFO
SIGFPE: [libjvm.so+0xc671c0], sa_mask[0]=11111111011111111101111111111110, sa_flags=SA_RESTART|SA_SIGINFO
SIGPIPE: [libjvm.so+0xa90bf0], sa_mask[0]=11111111011111111101111111111110, sa_flags=SA_RESTART|SA_SIGINFO
SIGXFSZ: [libjvm.so+0xa90bf0], sa_mask[0]=11111111011111111101111111111110, sa_flags=SA_RESTART|SA_SIGINFO
SIGILL: [libjvm.so+0xc671c0], sa_mask[0]=11111111011111111101111111111110, sa_flags=SA_RESTART|SA_SIGINFO
SIGUSR2: [libjvm.so+0xa90ab0], sa_mask[0]=00000000000000000000000000000000, sa_flags=SA_RESTART|SA_SIGINFO
SIGHUP: SIG_DFL, sa_mask[0]=00000000000000000000000000000000, sa_flags=none
SIGINT: SIG_DFL, sa_mask[0]=00000000000000000000000000000000, sa_flags=none
SIGTERM: SIG_DFL, sa_mask[0]=00000000000000000000000000000000, sa_flags=none
SIGQUIT: SIG_DFL, sa_mask[0]=00000000000000000000000000000000, sa_flags=none


---------------  S Y S T E M  ---------------

OS:NAME="openSUSE Tumbleweed"
# VERSION="20170430"
ID=opensuse
ID_LIKE="suse"
VERSION_ID="20170430"
PRETTY_NAME="openSUSE Tumbleweed"
ANSI_COLOR="0;32"
CPE_NAME="cpe:/o:opensuse:tumbleweed:20170430"
BUG_REPORT_URL="https://bugs.opensuse.org"
HOME_URL="https://www.opensuse.org/"
uname:Linux 4.10.12-1-default #1 SMP PREEMPT Fri Apr 21 11:50:25 UTC 2017 (3043bd9) x86_64
libc:glibc 2.25 NPTL 2.25 
rlimit: STACK 8192k, CORE 0k, NPROC 4096, NOFILE 4096, AS infinity
load average:0.69 0.47 0.37

/proc/meminfo:
MemTotal:       32821376 kB
MemFree:        26788252 kB
MemAvailable:   29916448 kB
Buffers:            2100 kB
Cached:          3359572 kB
SwapCached:            0 kB
Active:          3622424 kB
Inactive:        1835728 kB
Active(anon):    2055620 kB
Inactive(anon):    71240 kB
Active(file):    1566804 kB
Inactive(file):  1764488 kB
Unevictable:          80 kB
Mlocked:              80 kB
SwapTotal:       2103292 kB
SwapFree:        2103292 kB
Dirty:               976 kB
Writeback:             0 kB
AnonPages:       2076172 kB
Mapped:           438168 kB
Shmem:             30496 kB
Slab:             373212 kB
SReclaimable:     263000 kB
SUnreclaim:       110212 kB
KernelStack:       13112 kB
PageTables:        53004 kB
NFS_Unstable:          0 kB
Bounce:                0 kB
WritebackTmp:          0 kB
CommitLimit:    18513980 kB
Committed_AS:    5804464 kB
VmallocTotal:   34359738367 kB
VmallocUsed:           0 kB
VmallocChunk:          0 kB
HardwareCorrupted:     0 kB
AnonHugePages:   1191936 kB
ShmemHugePages:        0 kB
ShmemPmdMapped:        0 kB
HugePages_Total:       0
HugePages_Free:        0
HugePages_Rsvd:        0
HugePages_Surp:        0
Hugepagesize:       2048 kB
DirectMap4k:      181976 kB
DirectMap2M:     9129984 kB
DirectMap1G:    24117248 kB


CPU:total 8 (initial active 8) 
CPU Model and flags from /proc/cpuinfo:
model name	: Intel(R) Core(TM) i7-6700 CPU @ 3.40GHz
flags		: fpu vme de pse tsc msr pae mce cx8 apic sep mtrr pge mca cmov pat pse36 clflush dts acpi mmx fxsr sse sse2 ss ht tm pbe syscall nx pdpe1gb rdtscp lm constant_tsc art arch_perfmon pebs bts rep_good nopl xtopology nonstop_tsc aperfmperf tsc_known_freq pni pclmulqdq dtes64 monitor ds_cpl vmx smx est tm2 ssse3 sdbg fma cx16 xtpr pdcm pcid sse4_1 sse4_2 x2apic movbe popcnt tsc_deadline_timer aes xsave avx f16c rdrand lahf_lm abm 3dnowprefetch intel_pt tpr_shadow vnmi flexpriority ept vpid fsgsbase tsc_adjust bmi1 hle avx2 smep bmi2 erms invpcid rtm mpx rdseed adx smap clflushopt xsaveopt xsavec xgetbv1 xsaves dtherm ida arat pln pts hwp hwp_notify hwp_act_window hwp_epp

Memory: 4k page, physical 32821376k(26787880k free), swap 2103292k(2103292k free)

vm_info: OpenJDK 64-Bit Server VM (9-internal+0-adhoc.abuild.jdk9-21b063d75b3e) for linux-amd64 JRE (9-internal+0-adhoc.abuild.jdk9-21b063d75b3e), built on Mar 31 2017 15:37:21 by "abuild" with gcc 6.3.1 20170202 [gcc-6-branch revision 245119]

END.
