#
# A fatal error has been detected by the Java Runtime Environment:
#
#  SIGBUS (0x7) at pc=0x00007fda8e8720b5, pid=9182, tid=9190
#
# JRE version:  (9.0) (build )
# Java VM: OpenJDK 64-Bit Server VM (9-internal+0-adhoc.abuild.jdk9-21b063d75b3e, mixed mode, tiered, compressed oops, g1 gc, linux-amd64)
# Problematic frame:
# V  [libjvm.so+0xae90b5]  PerfMemory::mark_updated()+0x25
#
# Core dump will be written. Default location: Core dumps may be processed with "/usr/lib/systemd/systemd-coredump %P %u %g %s %t %c %e" (or dumping to /home/tobias/git/ExaHyPE-Engine/Toolkit/src/core.9182)
#
# If you would like to submit a bug report, please visit:
#   http://bugreport.java.com/bugreport/crash.jsp
#

---------------  S U M M A R Y ------------

Command Line: -Dapplication.home=/usr/lib64/jvm/java-1.9.0-openjdk-1.9.0 --add-modules=ALL-DEFAULT -Xms8m -Djdk.module.main=jdk.compiler jdk.compiler/com.sun.tools.javac.Main -sourcepath . eu/exahype/solvers/OptimisedADERDG.java

Host: Intel(R) Core(TM) i7-6700 CPU @ 3.40GHz, 8 cores, 31G, openSUSE Tumbleweed
Time: Wed May  3 10:49:28 2017 BST elapsed time: 0 seconds (0d 0h 0m 0s)

---------------  T H R E A D  ---------------

Current thread (0x00007fda88010000):  JavaThread "Unknown thread" [_thread_in_vm, id=9190, stack(0x00007fda8fc4b000,0x00007fda8fd4b000)]

Stack: [0x00007fda8fc4b000,0x00007fda8fd4b000],  sp=0x00007fda8fd49ba0,  free space=1018k
Native frames: (J=compiled Java code, A=aot compiled Java code, j=interpreted, Vv=VM code, C=native code)
V  [libjvm.so+0xae90b5]  PerfMemory::mark_updated()+0x25
V  [libjvm.so+0xae8597]  PerfDataManager::create_long_counter(CounterNS, char const*, PerfData::Units, long, Thread*)+0xf7
V  [libjvm.so+0x62860d]  dependencyContext_init()+0x4d
V  [libjvm.so+0x79d72b]  init_globals()+0xbb
V  [libjvm.so+0xc0d28a]  Threads::create_vm(JavaVMInitArgs*, bool*)+0x3aa
V  [libjvm.so+0x7edc52]  JNI_CreateJavaVM+0x52
C  [libjli.so+0x3b74]  JavaMain+0x84
C  [libpthread.so.0+0x7537]  start_thread+0xd7


siginfo: si_signo: 7 (SIGBUS), si_code: 2 (BUS_ADRERR), si_addr: 0x00007fda8fc42010

Registers:
RAX=0x0000000004b5e7ec, RBX=0x00007fda8fc42000, RCX=0x0000000000000018, RDX=0x0000000000000000
RSP=0x00007fda8fd49ba0, RBP=0x00007fda8fd49bb0, RSI=0x00007fda8fd49b80, RDI=0x0000000000000001
R8 =0x000000000000fcc1, R9 =0x000000000000001e, R10=0x0005d5ae4c5be342, R11=0x0000000000000001
R12=0x00007fda8fc44458, R13=0x0000000000000040, R14=0x0000000000000000, R15=0x00007fda8fc44420
RIP=0x00007fda8e8720b5, EFLAGS=0x0000000000010212, CSGSFS=0x002b000000000033, ERR=0x0000000000000007
  TRAPNO=0x000000000000000e

Top of Stack: (sp=0x00007fda8fd49ba0)
0x00007fda8fd49ba0:   0000000000000038 00007fda880d6570
0x00007fda8fd49bb0:   00007fda8fd49c30 00007fda8e871597
0x00007fda8fd49bc0:   00007fda8fd49e3f 00007fda88010000
0x00007fda8fd49bd0:   0000000000000017 00007fda8e4322c7 

Instructions: (pc=0x00007fda8e8720b5)
0x00007fda8e872095:   69 00 80 38 00 75 04 c3 0f 1f 00 55 48 89 e5 53
0x00007fda8e8720a5:   48 83 ec 08 48 8b 1d 50 b8 6e 00 e8 5b 92 fa ff
0x00007fda8e8720b5:   48 89 43 10 48 83 c4 08 5b 5d c3 55 48 89 e5 41
0x00007fda8e8720c5:   56 41 55 41 54 53 4c 8d 75 b0 48 83 ec 30 4c 8d 


---------------  P R O C E S S  ---------------

Java Threads: ( => current thread )

Other Threads:
  0x00007fda88025000 GCTaskThread "GC Thread#0" [stack: 0x00007fda8c7ad000,0x00007fda8c8ad000] [id=9282]
  0x00007fda88026800 GCTaskThread "GC Thread#1" [stack: 0x00007fda8c6ac000,0x00007fda8c7ac000] [id=9285]
  0x00007fda88028800 GCTaskThread "GC Thread#2" [stack: 0x00007fda8c5ab000,0x00007fda8c6ab000] [id=9286]
  0x00007fda8802a000 GCTaskThread "GC Thread#3" [stack: 0x00007fda8c4aa000,0x00007fda8c5aa000] [id=9287]
  0x00007fda8802c000 GCTaskThread "GC Thread#4" [stack: 0x00007fda8c3a9000,0x00007fda8c4a9000] [id=9289]
  0x00007fda8802d800 GCTaskThread "GC Thread#5" [stack: 0x00007fda8c2a8000,0x00007fda8c3a8000] [id=9291]
  0x00007fda8802f000 GCTaskThread "GC Thread#6" [stack: 0x00007fda8c1a7000,0x00007fda8c2a7000] [id=9294]
  0x00007fda88031000 GCTaskThread "GC Thread#7" [stack: 0x00007fda8c0a6000,0x00007fda8c1a6000] [id=9296]
  0x00007fda8808b000 ConcurrentGCThread "G1 Main Marker" [stack: 0x00007fda50301000,0x00007fda50401000] [id=9326]
  0x00007fda8808c800 ConcurrentGCThread "G1 Marker#0" [stack: 0x00007fda50200000,0x00007fda50300000] [id=9327]
  0x00007fda8808e800 ConcurrentGCThread "G1 Marker#1" [stack: 0x00007fda500ff000,0x00007fda501ff000] [id=9328]
  0x00007fda8803f800 ConcurrentGCThread "G1 Refine#0" [stack: 0x00007fda536f8000,0x00007fda537f8000] [id=9305]
  0x00007fda8803d800 ConcurrentGCThread "G1 Refine#1" [stack: 0x00007fda537f9000,0x00007fda538f9000] [id=9304]
  0x00007fda8803c000 ConcurrentGCThread "G1 Refine#2" [stack: 0x00007fda538fa000,0x00007fda539fa000] [id=9303]
  0x00007fda8803a000 ConcurrentGCThread "G1 Refine#3" [stack: 0x00007fda539fb000,0x00007fda53afb000] [id=9302]
  0x00007fda88038800 ConcurrentGCThread "G1 Refine#4" [stack: 0x00007fda53afc000,0x00007fda53bfc000] [id=9301]
  0x00007fda88036800 ConcurrentGCThread "G1 Refine#5" [stack: 0x00007fda53bfd000,0x00007fda53cfd000] [id=9300]
  0x00007fda88035000 ConcurrentGCThread "G1 Refine#6" [stack: 0x00007fda53cfe000,0x00007fda53dfe000] [id=9299]
  0x00007fda88033000 ConcurrentGCThread "G1 Refine#7" [stack: 0x00007fda53dff000,0x00007fda53eff000] [id=9298]
  0x00007fda88041000 ConcurrentGCThread "G1 Young RemSet Sampling" [stack: 0x00007fda535f7000,0x00007fda536f7000] [id=9306]

=>0x00007fda88010000 (exited) JavaThread "Unknown thread" [_thread_in_vm, id=9190, stack(0x00007fda8fc4b000,0x00007fda8fd4b000)]

Threads with active compile tasks:

VM state:not at safepoint (not fully initialized)

VM Mutex/Monitor currently owned by a thread: None

Heap address: 0x00000005cb200000, size: 8014 MB, Compressed Oops mode: Zero based, Oop shift amount: 3
Narrow klass base: 0x0000000000000000, Narrow klass shift: 3
Compressed class space size: 1073741824 Address: 0x00000007c0000000

GC Heap History (0 events):
No events

Deoptimization events (0 events):
No events

Classes redefined (0 events):
No events

Internal exceptions (0 events):
No events

Events (10 events):
Event: 0.056 loading class java/lang/Double
Event: 0.056 loading class java/lang/Double done
Event: 0.056 loading class java/lang/Byte
Event: 0.056 loading class java/lang/Byte done
Event: 0.056 loading class java/lang/Short
Event: 0.056 loading class java/lang/Short done
Event: 0.056 loading class java/lang/Integer
Event: 0.056 loading class java/lang/Integer done
Event: 0.056 loading class java/lang/Long
Event: 0.056 loading class java/lang/Long done


Dynamic libraries:
00400000-00401000 r-xp 00000000 00:28 2823907                            /usr/lib64/jvm/java-1.9.0-openjdk-1.9.0/bin/javac
00600000-00601000 r--p 00000000 00:28 2823907                            /usr/lib64/jvm/java-1.9.0-openjdk-1.9.0/bin/javac
00601000-00602000 rw-p 00001000 00:28 2823907                            /usr/lib64/jvm/java-1.9.0-openjdk-1.9.0/bin/javac
007c1000-007e2000 rw-p 00000000 00:00 0                                  [heap]
5cb200000-5cba00000 rw-p 00000000 00:00 0 
5cba00000-7c0000000 ---p 00000000 00:00 0 
7c0000000-7c0060000 rw-p 00000000 00:00 0 
7c0060000-800000000 ---p 00000000 00:00 0 
7fda08000000-7fda08021000 rw-p 00000000 00:00 0 
7fda08021000-7fda0c000000 ---p 00000000 00:00 0 
7fda0c000000-7fda0c021000 rw-p 00000000 00:00 0 
7fda0c021000-7fda10000000 ---p 00000000 00:00 0 
7fda10000000-7fda10021000 rw-p 00000000 00:00 0 
7fda10021000-7fda14000000 ---p 00000000 00:00 0 
7fda142e5000-7fda149e1000 rw-p 00000000 00:00 0 
7fda149e1000-7fda14de1000 ---p 00000000 00:00 0 
7fda14de1000-7fda155e9000 rw-p 00000000 00:00 0 
7fda155e9000-7fda175e9000 rwxp 00000000 00:00 0 
7fda175e9000-7fda17609000 rw-p 00000000 00:00 0 
7fda17609000-7fda1f321000 ---p 00000000 00:00 0 
7fda1f321000-7fda1f341000 rw-p 00000000 00:00 0 
7fda1f341000-7fda27059000 ---p 00000000 00:00 0 
7fda27059000-7fda2705d000 rw-p 00000000 00:00 0 
7fda2705d000-7fda28000000 ---p 00000000 00:00 0 
7fda28000000-7fda28021000 rw-p 00000000 00:00 0 
7fda28021000-7fda2c000000 ---p 00000000 00:00 0 
7fda2c000000-7fda2c021000 rw-p 00000000 00:00 0 
7fda2c021000-7fda30000000 ---p 00000000 00:00 0 
7fda30000000-7fda30021000 rw-p 00000000 00:00 0 
7fda30021000-7fda34000000 ---p 00000000 00:00 0 
7fda34000000-7fda34021000 rw-p 00000000 00:00 0 
7fda34021000-7fda38000000 ---p 00000000 00:00 0 
7fda38000000-7fda38021000 rw-p 00000000 00:00 0 
7fda38021000-7fda3c000000 ---p 00000000 00:00 0 
7fda3c000000-7fda3c021000 rw-p 00000000 00:00 0 
7fda3c021000-7fda40000000 ---p 00000000 00:00 0 
7fda40000000-7fda40021000 rw-p 00000000 00:00 0 
7fda40021000-7fda44000000 ---p 00000000 00:00 0 
7fda44000000-7fda44021000 rw-p 00000000 00:00 0 
7fda44021000-7fda48000000 ---p 00000000 00:00 0 
7fda48000000-7fda48021000 rw-p 00000000 00:00 0 
7fda48021000-7fda4c000000 ---p 00000000 00:00 0 
7fda4c000000-7fda4c021000 rw-p 00000000 00:00 0 
7fda4c021000-7fda50000000 ---p 00000000 00:00 0 
7fda50088000-7fda500fe000 rw-p 00000000 00:00 0 
7fda500fe000-7fda500ff000 ---p 00000000 00:00 0 
7fda500ff000-7fda501ff000 rw-p 00000000 00:00 0 
7fda501ff000-7fda50200000 ---p 00000000 00:00 0 
7fda50200000-7fda50300000 rw-p 00000000 00:00 0 
7fda50300000-7fda50301000 ---p 00000000 00:00 0 
7fda50301000-7fda50705000 rw-p 00000000 00:00 0 
7fda50705000-7fda5264f000 ---p 00000000 00:00 0 
7fda5264f000-7fda52653000 rw-p 00000000 00:00 0 
7fda52653000-7fda535f6000 ---p 00000000 00:00 0 
7fda535f6000-7fda535f7000 ---p 00000000 00:00 0 
7fda535f7000-7fda536f7000 rw-p 00000000 00:00 0 
7fda536f7000-7fda536f8000 ---p 00000000 00:00 0 
7fda536f8000-7fda537f8000 rw-p 00000000 00:00 0 
7fda537f8000-7fda537f9000 ---p 00000000 00:00 0 
7fda537f9000-7fda538f9000 rw-p 00000000 00:00 0 
7fda538f9000-7fda538fa000 ---p 00000000 00:00 0 
7fda538fa000-7fda539fa000 rw-p 00000000 00:00 0 
7fda539fa000-7fda539fb000 ---p 00000000 00:00 0 
7fda539fb000-7fda53afb000 rw-p 00000000 00:00 0 
7fda53afb000-7fda53afc000 ---p 00000000 00:00 0 
7fda53afc000-7fda53bfc000 rw-p 00000000 00:00 0 
7fda53bfc000-7fda53bfd000 ---p 00000000 00:00 0 
7fda53bfd000-7fda53cfd000 rw-p 00000000 00:00 0 
7fda53cfd000-7fda53cfe000 ---p 00000000 00:00 0 
7fda53cfe000-7fda53dfe000 rw-p 00000000 00:00 0 
7fda53dfe000-7fda53dff000 ---p 00000000 00:00 0 
7fda53dff000-7fda54000000 rw-p 00000000 00:00 0 
7fda54000000-7fda54021000 rw-p 00000000 00:00 0 
7fda54021000-7fda58000000 ---p 00000000 00:00 0 
7fda58000000-7fda58021000 rw-p 00000000 00:00 0 
7fda58021000-7fda5c000000 ---p 00000000 00:00 0 
7fda5c000000-7fda5c021000 rw-p 00000000 00:00 0 
7fda5c021000-7fda60000000 ---p 00000000 00:00 0 
7fda60000000-7fda60021000 rw-p 00000000 00:00 0 
7fda60021000-7fda64000000 ---p 00000000 00:00 0 
7fda64000000-7fda64021000 rw-p 00000000 00:00 0 
7fda64021000-7fda68000000 ---p 00000000 00:00 0 
7fda68000000-7fda68021000 rw-p 00000000 00:00 0 
7fda68021000-7fda6c000000 ---p 00000000 00:00 0 
7fda6c000000-7fda6c021000 rw-p 00000000 00:00 0 
7fda6c021000-7fda70000000 ---p 00000000 00:00 0 
7fda7003f000-7fda70746000 rw-p 00000000 00:00 0 
7fda70746000-7fda709b6000 rwxp 00000000 00:00 0 
7fda709b6000-7fda70cd7000 ---p 00000000 00:00 0 
7fda70cd7000-7fda70f47000 rwxp 00000000 00:00 0 
7fda70f47000-7fda7820e000 ---p 00000000 00:00 0 
7fda7820e000-7fda7847e000 rwxp 00000000 00:00 0 
7fda7847e000-7fda7f746000 ---p 00000000 00:00 0 
7fda7f746000-7fda88000000 r--s 00000000 00:28 2823995                    /usr/lib64/jvm/java-1.9.0-openjdk-1.9.0/lib/modules
7fda88000000-7fda8811d000 rw-p 00000000 00:00 0 
7fda8811d000-7fda8c000000 ---p 00000000 00:00 0 
7fda8c04a000-7fda8c0a5000 rw-p 00000000 00:00 0 
7fda8c0a5000-7fda8c0a6000 ---p 00000000 00:00 0 
7fda8c0a6000-7fda8c1a6000 rw-p 00000000 00:00 0 
7fda8c1a6000-7fda8c1a7000 ---p 00000000 00:00 0 
7fda8c1a7000-7fda8c2a7000 rw-p 00000000 00:00 0 
7fda8c2a7000-7fda8c2a8000 ---p 00000000 00:00 0 
7fda8c2a8000-7fda8c3a8000 rw-p 00000000 00:00 0 
7fda8c3a8000-7fda8c3a9000 ---p 00000000 00:00 0 
7fda8c3a9000-7fda8c4a9000 rw-p 00000000 00:00 0 
7fda8c4a9000-7fda8c4aa000 ---p 00000000 00:00 0 
7fda8c4aa000-7fda8c5aa000 rw-p 00000000 00:00 0 
7fda8c5aa000-7fda8c5ab000 ---p 00000000 00:00 0 
7fda8c5ab000-7fda8c6ab000 rw-p 00000000 00:00 0 
7fda8c6ab000-7fda8c6ac000 ---p 00000000 00:00 0 
7fda8c6ac000-7fda8c7ac000 rw-p 00000000 00:00 0 
7fda8c7ac000-7fda8c7ad000 ---p 00000000 00:00 0 
7fda8c7ad000-7fda8c8b2000 rw-p 00000000 00:00 0 
7fda8c8b2000-7fda8c998000 ---p 00000000 00:00 0 
7fda8c998000-7fda8c99d000 rw-p 00000000 00:00 0 
7fda8c99d000-7fda8ca83000 ---p 00000000 00:00 0 
7fda8ca83000-7fda8ca88000 r-xp 00000000 00:28 2823975                    /usr/lib64/jvm/java-1.9.0-openjdk-1.9.0/lib/libjimage.so
7fda8ca88000-7fda8cc87000 ---p 00005000 00:28 2823975                    /usr/lib64/jvm/java-1.9.0-openjdk-1.9.0/lib/libjimage.so
7fda8cc87000-7fda8cc88000 r--p 00004000 00:28 2823975                    /usr/lib64/jvm/java-1.9.0-openjdk-1.9.0/lib/libjimage.so
7fda8cc88000-7fda8cc89000 rw-p 00005000 00:28 2823975                    /usr/lib64/jvm/java-1.9.0-openjdk-1.9.0/lib/libjimage.so
7fda8cc89000-7fda8cc90000 r-xp 00000000 00:28 2823994                    /usr/lib64/jvm/java-1.9.0-openjdk-1.9.0/lib/libzip.so
7fda8cc90000-7fda8ce8f000 ---p 00007000 00:28 2823994                    /usr/lib64/jvm/java-1.9.0-openjdk-1.9.0/lib/libzip.so
7fda8ce8f000-7fda8ce90000 r--p 00006000 00:28 2823994                    /usr/lib64/jvm/java-1.9.0-openjdk-1.9.0/lib/libzip.so
7fda8ce90000-7fda8ce91000 rw-p 00007000 00:28 2823994                    /usr/lib64/jvm/java-1.9.0-openjdk-1.9.0/lib/libzip.so
7fda8ce91000-7fda8cebc000 r-xp 00000000 00:28 2823971                    /usr/lib64/jvm/java-1.9.0-openjdk-1.9.0/lib/libjava.so
7fda8cebc000-7fda8d0bb000 ---p 0002b000 00:28 2823971                    /usr/lib64/jvm/java-1.9.0-openjdk-1.9.0/lib/libjava.so
7fda8d0bb000-7fda8d0bc000 r--p 0002a000 00:28 2823971                    /usr/lib64/jvm/java-1.9.0-openjdk-1.9.0/lib/libjava.so
7fda8d0bc000-7fda8d0be000 rw-p 0002b000 00:28 2823971                    /usr/lib64/jvm/java-1.9.0-openjdk-1.9.0/lib/libjava.so
7fda8d0be000-7fda8d0cb000 r-xp 00000000 00:28 2823993                    /usr/lib64/jvm/java-1.9.0-openjdk-1.9.0/lib/libverify.so
7fda8d0cb000-7fda8d2ca000 ---p 0000d000 00:28 2823993                    /usr/lib64/jvm/java-1.9.0-openjdk-1.9.0/lib/libverify.so
7fda8d2ca000-7fda8d2cc000 r--p 0000c000 00:28 2823993                    /usr/lib64/jvm/java-1.9.0-openjdk-1.9.0/lib/libverify.so
7fda8d2cc000-7fda8d2cd000 rw-p 0000e000 00:28 2823993                    /usr/lib64/jvm/java-1.9.0-openjdk-1.9.0/lib/libverify.so
7fda8d2cd000-7fda8d2d4000 r-xp 00000000 00:28 2870207                    /lib64/librt-2.25.so
7fda8d2d4000-7fda8d4d3000 ---p 00007000 00:28 2870207                    /lib64/librt-2.25.so
7fda8d4d3000-7fda8d4d4000 r--p 00006000 00:28 2870207                    /lib64/librt-2.25.so
7fda8d4d4000-7fda8d4d5000 rw-p 00007000 00:28 2870207                    /lib64/librt-2.25.so
7fda8d4d5000-7fda8d4eb000 r-xp 00000000 00:28 2908769                    /lib64/libgcc_s.so.1
7fda8d4eb000-7fda8d6eb000 ---p 00016000 00:28 2908769                    /lib64/libgcc_s.so.1
7fda8d6eb000-7fda8d6ec000 r--p 00016000 00:28 2908769                    /lib64/libgcc_s.so.1
7fda8d6ec000-7fda8d6ed000 rw-p 00017000 00:28 2908769                    /lib64/libgcc_s.so.1
7fda8d6ed000-7fda8d7ff000 r-xp 00000000 00:28 2870181                    /lib64/libm-2.25.so
7fda8d7ff000-7fda8d9fe000 ---p 00112000 00:28 2870181                    /lib64/libm-2.25.so
7fda8d9fe000-7fda8d9ff000 r--p 00111000 00:28 2870181                    /lib64/libm-2.25.so
7fda8d9ff000-7fda8da00000 rw-p 00112000 00:28 2870181                    /lib64/libm-2.25.so
7fda8da00000-7fda8db7a000 r-xp 00000000 00:28 2925216                    /usr/lib64/libstdc++.so.6.0.23
7fda8db7a000-7fda8dd7a000 ---p 0017a000 00:28 2925216                    /usr/lib64/libstdc++.so.6.0.23
7fda8dd7a000-7fda8dd84000 r--p 0017a000 00:28 2925216                    /usr/lib64/libstdc++.so.6.0.23
7fda8dd84000-7fda8dd86000 rw-p 00184000 00:28 2925216                    /usr/lib64/libstdc++.so.6.0.23
7fda8dd86000-7fda8dd89000 rw-p 00000000 00:00 0 
7fda8dd89000-7fda8ec4c000 r-xp 00000000 00:28 2824003                    /usr/lib64/jvm/java-1.9.0-openjdk-1.9.0/lib/server/libjvm.so
7fda8ec4c000-7fda8ee4c000 ---p 00ec3000 00:28 2824003                    /usr/lib64/jvm/java-1.9.0-openjdk-1.9.0/lib/server/libjvm.so
7fda8ee4c000-7fda8ef03000 r--p 00ec3000 00:28 2824003                    /usr/lib64/jvm/java-1.9.0-openjdk-1.9.0/lib/server/libjvm.so
7fda8ef03000-7fda8ef38000 rw-p 00f7a000 00:28 2824003                    /usr/lib64/jvm/java-1.9.0-openjdk-1.9.0/lib/server/libjvm.so
7fda8ef38000-7fda8ef81000 rw-p 00000000 00:00 0 
7fda8ef81000-7fda8ef9a000 r-xp 00000000 00:28 2870203                    /lib64/libpthread-2.25.so
7fda8ef9a000-7fda8f199000 ---p 00019000 00:28 2870203                    /lib64/libpthread-2.25.so
7fda8f199000-7fda8f19a000 r--p 00018000 00:28 2870203                    /lib64/libpthread-2.25.so
7fda8f19a000-7fda8f19b000 rw-p 00019000 00:28 2870203                    /lib64/libpthread-2.25.so
7fda8f19b000-7fda8f19f000 rw-p 00000000 00:00 0 
7fda8f19f000-7fda8f1a2000 r-xp 00000000 00:28 2870179                    /lib64/libdl-2.25.so
7fda8f1a2000-7fda8f3a1000 ---p 00003000 00:28 2870179                    /lib64/libdl-2.25.so
7fda8f3a1000-7fda8f3a2000 r--p 00002000 00:28 2870179                    /lib64/libdl-2.25.so
7fda8f3a2000-7fda8f3a3000 rw-p 00003000 00:28 2870179                    /lib64/libdl-2.25.so
7fda8f3a3000-7fda8f3b8000 r-xp 00000000 00:28 2022758                    /lib64/libz.so.1.2.8
7fda8f3b8000-7fda8f5b7000 ---p 00015000 00:28 2022758                    /lib64/libz.so.1.2.8
7fda8f5b7000-7fda8f5b8000 r--p 00014000 00:28 2022758                    /lib64/libz.so.1.2.8
7fda8f5b8000-7fda8f5b9000 rw-p 00015000 00:28 2022758                    /lib64/libz.so.1.2.8
7fda8f5b9000-7fda8f755000 r-xp 00000000 00:28 2870173                    /lib64/libc-2.25.so
7fda8f755000-7fda8f954000 ---p 0019c000 00:28 2870173                    /lib64/libc-2.25.so
7fda8f954000-7fda8f958000 r--p 0019b000 00:28 2870173                    /lib64/libc-2.25.so
7fda8f958000-7fda8f95a000 rw-p 0019f000 00:28 2870173                    /lib64/libc-2.25.so
7fda8f95a000-7fda8f95e000 rw-p 00000000 00:00 0 
7fda8f95e000-7fda8f96c000 r-xp 00000000 00:28 2823957                    /usr/lib64/jvm/java-1.9.0-openjdk-1.9.0/lib/jli/libjli.so
7fda8f96c000-7fda8fb6b000 ---p 0000e000 00:28 2823957                    /usr/lib64/jvm/java-1.9.0-openjdk-1.9.0/lib/jli/libjli.so
7fda8fb6b000-7fda8fb6c000 r--p 0000d000 00:28 2823957                    /usr/lib64/jvm/java-1.9.0-openjdk-1.9.0/lib/jli/libjli.so
7fda8fb6c000-7fda8fb6d000 rw-p 0000e000 00:28 2823957                    /usr/lib64/jvm/java-1.9.0-openjdk-1.9.0/lib/jli/libjli.so
7fda8fb6d000-7fda8fb91000 r-xp 00000000 00:28 2870165                    /lib64/ld-2.25.so
7fda8fbcf000-7fda8fc3b000 rw-p 00000000 00:00 0 
7fda8fc3b000-7fda8fc42000 ---p 00000000 00:00 0 
7fda8fc42000-7fda8fc4a000 rw-s 00000000 00:2e 189810                     /tmp/hsperfdata_tobias/9182
7fda8fc4a000-7fda8fc4f000 ---p 00000000 00:00 0 
7fda8fc4f000-7fda8fd50000 rw-p 00000000 00:00 0 
7fda8fd56000-7fda8fd57000 rw-p 00000000 00:00 0 
7fda8fd57000-7fda8fd8c000 r--s 00000000 00:28 1662062                    /var/lib/nscd/passwd
7fda8fd8c000-7fda8fd8d000 rw-p 00000000 00:00 0 
7fda8fd8d000-7fda8fd8e000 r--p 00000000 00:00 0 
7fda8fd8e000-7fda8fd90000 rw-p 00000000 00:00 0 
7fda8fd90000-7fda8fd91000 r--p 00023000 00:28 2870165                    /lib64/ld-2.25.so
7fda8fd91000-7fda8fd93000 rw-p 00024000 00:28 2870165                    /lib64/ld-2.25.so
7fff8eb00000-7fff8eb21000 rw-p 00000000 00:00 0                          [stack]
7fff8eb58000-7fff8eb5a000 r--p 00000000 00:00 0                          [vvar]
7fff8eb5a000-7fff8eb5c000 r-xp 00000000 00:00 0                          [vdso]
ffffffffff600000-ffffffffff601000 r-xp 00000000 00:00 0                  [vsyscall]

VM Arguments:
jvm_args: -Dapplication.home=/usr/lib64/jvm/java-1.9.0-openjdk-1.9.0 --add-modules=ALL-DEFAULT -Xms8m -Djdk.module.main=jdk.compiler 
java_command: jdk.compiler/com.sun.tools.javac.Main -sourcepath . eu/exahype/solvers/OptimisedADERDG.java
java_class_path (initial): <not set>
Launcher Type: SUN_STANDARD

Logging:
Log output configuration:
#0: stdout all=warning uptime,level,tags
#1: stderr all=off uptime,level,tags

Environment Variables:
JAVA_HOME=/usr/lib64/jvm/java
JRE_HOME=/usr/lib64/jvm/java/jre
PATH=/home/tobias/bin:/usr/local/bin:/usr/bin:/bin
SHELL=/bin/bash
DISPLAY=:0
HOSTTYPE=x86_64
OSTYPE=linux
MACHTYPE=x86_64-suse-linux

Signal Handlers:
SIGSEGV: [libjvm.so+0xc671c0], sa_mask[0]=11111111011111111101111111111110, sa_flags=SA_RESTART|SA_SIGINFO
SIGBUS: [libjvm.so+0xc671c0], sa_mask[0]=11111111011111111101111111111110, sa_flags=SA_RESTART|SA_SIGINFO
SIGFPE: [libjvm.so+0xc671c0], sa_mask[0]=11111111011111111101111111111110, sa_flags=SA_RESTART|SA_SIGINFO
SIGPIPE: [libjvm.so+0xa90bf0], sa_mask[0]=11111111011111111101111111111110, sa_flags=SA_RESTART|SA_SIGINFO
SIGXFSZ: [libjvm.so+0xa90bf0], sa_mask[0]=11111111011111111101111111111110, sa_flags=SA_RESTART|SA_SIGINFO
SIGILL: [libjvm.so+0xc671c0], sa_mask[0]=11111111011111111101111111111110, sa_flags=SA_RESTART|SA_SIGINFO
SIGUSR2: [libjvm.so+0xa90ab0], sa_mask[0]=00000000000000000000000000000000, sa_flags=SA_RESTART|SA_SIGINFO
SIGHUP: SIG_DFL, sa_mask[0]=00000000000000000000000000000000, sa_flags=none
SIGINT: SIG_DFL, sa_mask[0]=00000000000000000000000000000000, sa_flags=none
SIGTERM: SIG_DFL, sa_mask[0]=00000000000000000000000000000000, sa_flags=none
SIGQUIT: SIG_DFL, sa_mask[0]=00000000000000000000000000000000, sa_flags=none


---------------  S Y S T E M  ---------------

OS:NAME="openSUSE Tumbleweed"
# VERSION="20170430"
ID=opensuse
ID_LIKE="suse"
VERSION_ID="20170430"
PRETTY_NAME="openSUSE Tumbleweed"
ANSI_COLOR="0;32"
CPE_NAME="cpe:/o:opensuse:tumbleweed:20170430"
BUG_REPORT_URL="https://bugs.opensuse.org"
HOME_URL="https://www.opensuse.org/"
uname:Linux 4.10.12-1-default #1 SMP PREEMPT Fri Apr 21 11:50:25 UTC 2017 (3043bd9) x86_64
libc:glibc 2.25 NPTL 2.25 
rlimit: STACK 8192k, CORE 0k, NPROC 4096, NOFILE 4096, AS infinity
load average:1.75 0.92 0.55

/proc/meminfo:
MemTotal:       32821376 kB
MemFree:        27611292 kB
MemAvailable:   30772072 kB
Buffers:            2100 kB
Cached:          3382960 kB
SwapCached:            0 kB
Active:          2838420 kB
Inactive:        1799248 kB
Active(anon):    1231452 kB
Inactive(anon):    42824 kB
Active(file):    1606968 kB
Inactive(file):  1756424 kB
Unevictable:          80 kB
Mlocked:              80 kB
SwapTotal:       2103292 kB
SwapFree:        2103292 kB
Dirty:              1704 kB
Writeback:             0 kB
AnonPages:       1231924 kB
Mapped:           403436 kB
Shmem:             21964 kB
Slab:             373964 kB
SReclaimable:     263484 kB
SUnreclaim:       110480 kB
KernelStack:       13148 kB
PageTables:        49712 kB
NFS_Unstable:          0 kB
Bounce:                0 kB
WritebackTmp:          0 kB
CommitLimit:    18513980 kB
Committed_AS:    5232944 kB
VmallocTotal:   34359738367 kB
VmallocUsed:           0 kB
VmallocChunk:          0 kB
HardwareCorrupted:     0 kB
AnonHugePages:    673792 kB
ShmemHugePages:        0 kB
ShmemPmdMapped:        0 kB
HugePages_Total:       0
HugePages_Free:        0
HugePages_Rsvd:        0
HugePages_Surp:        0
Hugepagesize:       2048 kB
DirectMap4k:      181976 kB
DirectMap2M:     9129984 kB
DirectMap1G:    24117248 kB


CPU:total 8 (initial active 8) (4 cores per cpu, 2 threads per core) family 6 model 94 stepping 3, cmov, cx8, fxsr, mmx, sse, sse2, sse3, ssse3, sse4.1, sse4.2, popcnt, avx, avx2, aes, clmul, erms, rtm, 3dnowpref, lzcnt, ht, tsc, tscinvbit, bmi1, bmi2, adx, fma
CPU Model and flags from /proc/cpuinfo:
model name	: Intel(R) Core(TM) i7-6700 CPU @ 3.40GHz
flags		: fpu vme de pse tsc msr pae mce cx8 apic sep mtrr pge mca cmov pat pse36 clflush dts acpi mmx fxsr sse sse2 ss ht tm pbe syscall nx pdpe1gb rdtscp lm constant_tsc art arch_perfmon pebs bts rep_good nopl xtopology nonstop_tsc aperfmperf tsc_known_freq pni pclmulqdq dtes64 monitor ds_cpl vmx smx est tm2 ssse3 sdbg fma cx16 xtpr pdcm pcid sse4_1 sse4_2 x2apic movbe popcnt tsc_deadline_timer aes xsave avx f16c rdrand lahf_lm abm 3dnowprefetch intel_pt tpr_shadow vnmi flexpriority ept vpid fsgsbase tsc_adjust bmi1 hle avx2 smep bmi2 erms invpcid rtm mpx rdseed adx smap clflushopt xsaveopt xsavec xgetbv1 xsaves dtherm ida arat pln pts hwp hwp_notify hwp_act_window hwp_epp

Memory: 4k page, physical 32821376k(27611292k free), swap 2103292k(2103292k free)

vm_info: OpenJDK 64-Bit Server VM (9-internal+0-adhoc.abuild.jdk9-21b063d75b3e) for linux-amd64 JRE (9-internal+0-adhoc.abuild.jdk9-21b063d75b3e), built on Mar 31 2017 15:37:21 by "abuild" with gcc 6.3.1 20170202 [gcc-6-branch revision 245119]

END.
