#
# A fatal error has been detected by the Java Runtime Environment:
#
#  SIGBUS (0x7) at pc=0x00007fe3e248e059, pid=7760, tid=7773
#
# JRE version:  (9.0) (build )
# Java VM: OpenJDK 64-Bit Server VM (9-internal+0-adhoc.abuild.jdk9-21b063d75b3e, mixed mode, tiered, compressed oops, g1 gc, linux-amd64)
# Problematic frame:
# V  [libjvm.so+0xae9059]  PerfMemory::alloc(unsigned long)+0x59
#
# Core dump will be written. Default location: Core dumps may be processed with "/usr/lib/systemd/systemd-coredump %P %u %g %s %t %c %e" (or dumping to /home/tobias/git/ExaHyPE-Engine/Toolkit/src/core.7760)
#
# If you would like to submit a bug report, please visit:
#   http://bugreport.java.com/bugreport/crash.jsp
#

---------------  S U M M A R Y ------------

Command Line: -Dapplication.home=/usr/lib64/jvm/java-1.9.0-openjdk-1.9.0 --add-modules=ALL-DEFAULT -Xms8m -Djdk.module.main=jdk.compiler jdk.compiler/com.sun.tools.javac.Main -sourcepath . eu/exahype/solvers/UserDefinedFiniteVolumesinC.java

Host: Intel(R) Core(TM) i7-6700 CPU @ 3.40GHz, 8 cores, 31G, openSUSE Tumbleweed
Time: Wed May  3 10:47:40 2017 BST elapsed time: 0 seconds (0d 0h 0m 0s)

---------------  T H R E A D  ---------------

Current thread (0x00007fe3dc010000):  JavaThread "Unknown thread" [_thread_in_vm, id=7773, stack(0x00007fe3e3867000,0x00007fe3e3967000)]

Stack: [0x00007fe3e3867000,0x00007fe3e3967000],  sp=0x00007fe3e3965b50,  free space=1018k
Native frames: (J=compiled Java code, A=aot compiled Java code, j=interpreted, Vv=VM code, C=native code)
V  [libjvm.so+0xae9059]  PerfMemory::alloc(unsigned long)+0x59
V  [libjvm.so+0xae8533]  PerfDataManager::create_long_counter(CounterNS, char const*, PerfData::Units, long, Thread*)+0x93
V  [libjvm.so+0x56b386]  ClassLoader::initialize()+0x5c6
V  [libjvm.so+0x79d6a9]  init_globals()+0x39
V  [libjvm.so+0xc0d28a]  Threads::create_vm(JavaVMInitArgs*, bool*)+0x3aa
V  [libjvm.so+0x7edc52]  JNI_CreateJavaVM+0x52
C  [libjli.so+0x3b74]  JavaMain+0x84
C  [libpthread.so.0+0x7537]  start_thread+0xd7


siginfo: si_signo: 7 (SIGBUS), si_code: 2 (BUS_ADRERR), si_addr: 0x00007fe3e385e01c

Registers:
RAX=0x0000000000001048, RBX=0x00007fe3e385f008, RCX=0x0000000000000001, RDX=0x00007fe3e385e000
RSP=0x00007fe3e3965b50, RBP=0x00007fe3e3965b70, RSI=0x00007fe3dc010000, RDI=0x00007fe3dc00de50
R8 =0x000000000000fcfe, R9 =0x0000000000000021, R10=0x0000000000000000, R11=0x0000000000000073
R12=0x0000000000000040, R13=0x00007fe3dc00de50, R14=0x0000000000000000, R15=0x0000000000000004
RIP=0x00007fe3e248e059, EFLAGS=0x0000000000010206, CSGSFS=0x002b000000000033, ERR=0x0000000000000007
  TRAPNO=0x000000000000000e

Top of Stack: (sp=0x00007fe3e3965b50)
0x00007fe3e3965b50:   000000000000000b 00007fe3dc01bfc0
0x00007fe3e3965b60:   0000000000000038 0000000000000040
0x00007fe3e3965b70:   00007fe3e3965bf0 00007fe3e248d533
0x00007fe3e3965b80:   00007fe3e3965c00 00007fe3dc010000 

Instructions: (pc=0x00007fe3e248e059)
0x00007fe3e248e039:   04 23 48 3b 05 de b8 6e 00 73 3c 48 8b 15 b5 b8
0x00007fe3e248e049:   6e 00 48 89 05 c6 b8 6e 00 48 2b 05 cf b8 6e 00
0x00007fe3e248e059:   83 42 1c 01 89 42 08 4c 89 ef e8 f8 83 f7 ff 48
0x00007fe3e248e069:   83 c4 08 48 89 d8 5b 41 5c 41 5d 5d c3 66 2e 0f 


---------------  P R O C E S S  ---------------

Java Threads: ( => current thread )

Other Threads:

[error occurred during error reporting (printing all threads), id 0x7]

VM state:not at safepoint (not fully initialized)

VM Mutex/Monitor currently owned by a thread:  ([mutex/lock_event])
[0x00007fe3dc00de50] PerfDataMemAlloc_lock - owner thread: 0x00007fe3dc010000


[error occurred during error reporting (printing compressed oops mode), id 0x7]

Deoptimization events (0 events):
No events

Classes redefined (0 events):
No events

Internal exceptions (0 events):
No events

Events (0 events):
No events


Dynamic libraries:
00400000-00401000 r-xp 00000000 00:28 2823907                            /usr/lib64/jvm/java-1.9.0-openjdk-1.9.0/bin/javac
00600000-00601000 r--p 00000000 00:28 2823907                            /usr/lib64/jvm/java-1.9.0-openjdk-1.9.0/bin/javac
00601000-00602000 rw-p 00001000 00:28 2823907                            /usr/lib64/jvm/java-1.9.0-openjdk-1.9.0/bin/javac
01510000-01531000 rw-p 00000000 00:00 0                                  [heap]
7fe3dc000000-7fe3dc034000 rw-p 00000000 00:00 0 
7fe3dc034000-7fe3e0000000 ---p 00000000 00:00 0 
7fe3e07b1000-7fe3e0aad000 rw-p 00000000 00:00 0 
7fe3e0aad000-7fe3e0ad8000 r-xp 00000000 00:28 2823971                    /usr/lib64/jvm/java-1.9.0-openjdk-1.9.0/lib/libjava.so
7fe3e0ad8000-7fe3e0cd7000 ---p 0002b000 00:28 2823971                    /usr/lib64/jvm/java-1.9.0-openjdk-1.9.0/lib/libjava.so
7fe3e0cd7000-7fe3e0cd8000 r--p 0002a000 00:28 2823971                    /usr/lib64/jvm/java-1.9.0-openjdk-1.9.0/lib/libjava.so
7fe3e0cd8000-7fe3e0cda000 rw-p 0002b000 00:28 2823971                    /usr/lib64/jvm/java-1.9.0-openjdk-1.9.0/lib/libjava.so
7fe3e0cda000-7fe3e0ce7000 r-xp 00000000 00:28 2823993                    /usr/lib64/jvm/java-1.9.0-openjdk-1.9.0/lib/libverify.so
7fe3e0ce7000-7fe3e0ee6000 ---p 0000d000 00:28 2823993                    /usr/lib64/jvm/java-1.9.0-openjdk-1.9.0/lib/libverify.so
7fe3e0ee6000-7fe3e0ee8000 r--p 0000c000 00:28 2823993                    /usr/lib64/jvm/java-1.9.0-openjdk-1.9.0/lib/libverify.so
7fe3e0ee8000-7fe3e0ee9000 rw-p 0000e000 00:28 2823993                    /usr/lib64/jvm/java-1.9.0-openjdk-1.9.0/lib/libverify.so
7fe3e0ee9000-7fe3e0ef0000 r-xp 00000000 00:28 2870207                    /lib64/librt-2.25.so
7fe3e0ef0000-7fe3e10ef000 ---p 00007000 00:28 2870207                    /lib64/librt-2.25.so
7fe3e10ef000-7fe3e10f0000 r--p 00006000 00:28 2870207                    /lib64/librt-2.25.so
7fe3e10f0000-7fe3e10f1000 rw-p 00007000 00:28 2870207                    /lib64/librt-2.25.so
7fe3e10f1000-7fe3e1107000 r-xp 00000000 00:28 2908769                    /lib64/libgcc_s.so.1
7fe3e1107000-7fe3e1307000 ---p 00016000 00:28 2908769                    /lib64/libgcc_s.so.1
7fe3e1307000-7fe3e1308000 r--p 00016000 00:28 2908769                    /lib64/libgcc_s.so.1
7fe3e1308000-7fe3e1309000 rw-p 00017000 00:28 2908769                    /lib64/libgcc_s.so.1
7fe3e1309000-7fe3e141b000 r-xp 00000000 00:28 2870181                    /lib64/libm-2.25.so
7fe3e141b000-7fe3e161a000 ---p 00112000 00:28 2870181                    /lib64/libm-2.25.so
7fe3e161a000-7fe3e161b000 r--p 00111000 00:28 2870181                    /lib64/libm-2.25.so
7fe3e161b000-7fe3e161c000 rw-p 00112000 00:28 2870181                    /lib64/libm-2.25.so
7fe3e161c000-7fe3e1796000 r-xp 00000000 00:28 2925216                    /usr/lib64/libstdc++.so.6.0.23
7fe3e1796000-7fe3e1996000 ---p 0017a000 00:28 2925216                    /usr/lib64/libstdc++.so.6.0.23
7fe3e1996000-7fe3e19a0000 r--p 0017a000 00:28 2925216                    /usr/lib64/libstdc++.so.6.0.23
7fe3e19a0000-7fe3e19a2000 rw-p 00184000 00:28 2925216                    /usr/lib64/libstdc++.so.6.0.23
7fe3e19a2000-7fe3e19a5000 rw-p 00000000 00:00 0 
7fe3e19a5000-7fe3e2868000 r-xp 00000000 00:28 2824003                    /usr/lib64/jvm/java-1.9.0-openjdk-1.9.0/lib/server/libjvm.so
7fe3e2868000-7fe3e2a68000 ---p 00ec3000 00:28 2824003                    /usr/lib64/jvm/java-1.9.0-openjdk-1.9.0/lib/server/libjvm.so
7fe3e2a68000-7fe3e2b1f000 r--p 00ec3000 00:28 2824003                    /usr/lib64/jvm/java-1.9.0-openjdk-1.9.0/lib/server/libjvm.so
7fe3e2b1f000-7fe3e2b54000 rw-p 00f7a000 00:28 2824003                    /usr/lib64/jvm/java-1.9.0-openjdk-1.9.0/lib/server/libjvm.so
7fe3e2b54000-7fe3e2b9d000 rw-p 00000000 00:00 0 
7fe3e2b9d000-7fe3e2bb6000 r-xp 00000000 00:28 2870203                    /lib64/libpthread-2.25.so
7fe3e2bb6000-7fe3e2db5000 ---p 00019000 00:28 2870203                    /lib64/libpthread-2.25.so
7fe3e2db5000-7fe3e2db6000 r--p 00018000 00:28 2870203                    /lib64/libpthread-2.25.so
7fe3e2db6000-7fe3e2db7000 rw-p 00019000 00:28 2870203                    /lib64/libpthread-2.25.so
7fe3e2db7000-7fe3e2dbb000 rw-p 00000000 00:00 0 
7fe3e2dbb000-7fe3e2dbe000 r-xp 00000000 00:28 2870179                    /lib64/libdl-2.25.so
7fe3e2dbe000-7fe3e2fbd000 ---p 00003000 00:28 2870179                    /lib64/libdl-2.25.so
7fe3e2fbd000-7fe3e2fbe000 r--p 00002000 00:28 2870179                    /lib64/libdl-2.25.so
7fe3e2fbe000-7fe3e2fbf000 rw-p 00003000 00:28 2870179                    /lib64/libdl-2.25.so
7fe3e2fbf000-7fe3e2fd4000 r-xp 00000000 00:28 2022758                    /lib64/libz.so.1.2.8
7fe3e2fd4000-7fe3e31d3000 ---p 00015000 00:28 2022758                    /lib64/libz.so.1.2.8
7fe3e31d3000-7fe3e31d4000 r--p 00014000 00:28 2022758                    /lib64/libz.so.1.2.8
7fe3e31d4000-7fe3e31d5000 rw-p 00015000 00:28 2022758                    /lib64/libz.so.1.2.8
7fe3e31d5000-7fe3e3371000 r-xp 00000000 00:28 2870173                    /lib64/libc-2.25.so
7fe3e3371000-7fe3e3570000 ---p 0019c000 00:28 2870173                    /lib64/libc-2.25.so
7fe3e3570000-7fe3e3574000 r--p 0019b000 00:28 2870173                    /lib64/libc-2.25.so
7fe3e3574000-7fe3e3576000 rw-p 0019f000 00:28 2870173                    /lib64/libc-2.25.so
7fe3e3576000-7fe3e357a000 rw-p 00000000 00:00 0 
7fe3e357a000-7fe3e3588000 r-xp 00000000 00:28 2823957                    /usr/lib64/jvm/java-1.9.0-openjdk-1.9.0/lib/jli/libjli.so
7fe3e3588000-7fe3e3787000 ---p 0000e000 00:28 2823957                    /usr/lib64/jvm/java-1.9.0-openjdk-1.9.0/lib/jli/libjli.so
7fe3e3787000-7fe3e3788000 r--p 0000d000 00:28 2823957                    /usr/lib64/jvm/java-1.9.0-openjdk-1.9.0/lib/jli/libjli.so
7fe3e3788000-7fe3e3789000 rw-p 0000e000 00:28 2823957                    /usr/lib64/jvm/java-1.9.0-openjdk-1.9.0/lib/jli/libjli.so
7fe3e3789000-7fe3e37ad000 r-xp 00000000 00:28 2870165                    /lib64/ld-2.25.so
7fe3e385e000-7fe3e3866000 rw-s 00000000 00:2e 189743                     /tmp/hsperfdata_tobias/7760
7fe3e3866000-7fe3e386b000 ---p 00000000 00:00 0 
7fe3e386b000-7fe3e396c000 rw-p 00000000 00:00 0 
7fe3e3973000-7fe3e39a8000 r--s 00000000 00:28 1662062                    /var/lib/nscd/passwd
7fe3e39a8000-7fe3e39a9000 rw-p 00000000 00:00 0 
7fe3e39a9000-7fe3e39aa000 r--p 00000000 00:00 0 
7fe3e39aa000-7fe3e39ac000 rw-p 00000000 00:00 0 
7fe3e39ac000-7fe3e39ad000 r--p 00023000 00:28 2870165                    /lib64/ld-2.25.so
7fe3e39ad000-7fe3e39af000 rw-p 00024000 00:28 2870165                    /lib64/ld-2.25.so
7ffd4e76e000-7ffd4e78f000 rw-p 00000000 00:00 0                          [stack]
7ffd4e7ef000-7ffd4e7f1000 r--p 00000000 00:00 0                          [vvar]
7ffd4e7f1000-7ffd4e7f3000 r-xp 00000000 00:00 0                          [vdso]
ffffffffff600000-ffffffffff601000 r-xp 00000000 00:00 0                  [vsyscall]

VM Arguments:
jvm_args: -Dapplication.home=/usr/lib64/jvm/java-1.9.0-openjdk-1.9.0 --add-modules=ALL-DEFAULT -Xms8m -Djdk.module.main=jdk.compiler 
java_command: jdk.compiler/com.sun.tools.javac.Main -sourcepath . eu/exahype/solvers/UserDefinedFiniteVolumesinC.java
java_class_path (initial): <not set>
Launcher Type: SUN_STANDARD

Logging:
Log output configuration:
#0: stdout all=warning uptime,level,tags
#1: stderr all=off uptime,level,tags

Environment Variables:
JAVA_HOME=/usr/lib64/jvm/java
JRE_HOME=/usr/lib64/jvm/java/jre
PATH=/home/tobias/bin:/usr/local/bin:/usr/bin:/bin
SHELL=/bin/bash
DISPLAY=:0
HOSTTYPE=x86_64
OSTYPE=linux
MACHTYPE=x86_64-suse-linux

Signal Handlers:
SIGSEGV: [libjvm.so+0xc671c0], sa_mask[0]=11111111011111111101111111111110, sa_flags=SA_RESTART|SA_SIGINFO
SIGBUS: [libjvm.so+0xc671c0], sa_mask[0]=11111111011111111101111111111110, sa_flags=SA_RESTART|SA_SIGINFO
SIGFPE: [libjvm.so+0xc671c0], sa_mask[0]=11111111011111111101111111111110, sa_flags=SA_RESTART|SA_SIGINFO
SIGPIPE: [libjvm.so+0xa90bf0], sa_mask[0]=11111111011111111101111111111110, sa_flags=SA_RESTART|SA_SIGINFO
SIGXFSZ: [libjvm.so+0xa90bf0], sa_mask[0]=11111111011111111101111111111110, sa_flags=SA_RESTART|SA_SIGINFO
SIGILL: [libjvm.so+0xc671c0], sa_mask[0]=11111111011111111101111111111110, sa_flags=SA_RESTART|SA_SIGINFO
SIGUSR2: [libjvm.so+0xa90ab0], sa_mask[0]=00000000000000000000000000000000, sa_flags=SA_RESTART|SA_SIGINFO
SIGHUP: SIG_DFL, sa_mask[0]=00000000000000000000000000000000, sa_flags=none
SIGINT: SIG_DFL, sa_mask[0]=00000000000000000000000000000000, sa_flags=none
SIGTERM: SIG_DFL, sa_mask[0]=00000000000000000000000000000000, sa_flags=none
SIGQUIT: SIG_DFL, sa_mask[0]=00000000000000000000000000000000, sa_flags=none


---------------  S Y S T E M  ---------------

OS:NAME="openSUSE Tumbleweed"
# VERSION="20170430"
ID=opensuse
ID_LIKE="suse"
VERSION_ID="20170430"
PRETTY_NAME="openSUSE Tumbleweed"
ANSI_COLOR="0;32"
CPE_NAME="cpe:/o:opensuse:tumbleweed:20170430"
BUG_REPORT_URL="https://bugs.opensuse.org"
HOME_URL="https://www.opensuse.org/"
uname:Linux 4.10.12-1-default #1 SMP PREEMPT Fri Apr 21 11:50:25 UTC 2017 (3043bd9) x86_64
libc:glibc 2.25 NPTL 2.25 
rlimit: STACK 8192k, CORE 0k, NPROC 4096, NOFILE 4096, AS infinity
load average:0.69 0.47 0.37

/proc/meminfo:
MemTotal:       32821376 kB
MemFree:        26804340 kB
MemAvailable:   29928740 kB
Buffers:            2100 kB
Cached:          3355648 kB
SwapCached:            0 kB
Active:          3610568 kB
Inactive:        1831932 kB
Active(anon):    2043764 kB
Inactive(anon):    71240 kB
Active(file):    1566804 kB
Inactive(file):  1760692 kB
Unevictable:          80 kB
Mlocked:              80 kB
SwapTotal:       2103292 kB
SwapFree:        2103292 kB
Dirty:               976 kB
Writeback:             0 kB
AnonPages:       2064388 kB
Mapped:           437292 kB
Shmem:             30496 kB
Slab:             373212 kB
SReclaimable:     263000 kB
SUnreclaim:       110212 kB
KernelStack:       13036 kB
PageTables:        53004 kB
NFS_Unstable:          0 kB
Bounce:                0 kB
WritebackTmp:          0 kB
CommitLimit:    18513980 kB
Committed_AS:    5678340 kB
VmallocTotal:   34359738367 kB
VmallocUsed:           0 kB
VmallocChunk:          0 kB
HardwareCorrupted:     0 kB
AnonHugePages:   1191936 kB
ShmemHugePages:        0 kB
ShmemPmdMapped:        0 kB
HugePages_Total:       0
HugePages_Free:        0
HugePages_Rsvd:        0
HugePages_Surp:        0
Hugepagesize:       2048 kB
DirectMap4k:      181976 kB
DirectMap2M:     9129984 kB
DirectMap1G:    24117248 kB


CPU:total 8 (initial active 8) 
CPU Model and flags from /proc/cpuinfo:
model name	: Intel(R) Core(TM) i7-6700 CPU @ 3.40GHz
flags		: fpu vme de pse tsc msr pae mce cx8 apic sep mtrr pge mca cmov pat pse36 clflush dts acpi mmx fxsr sse sse2 ss ht tm pbe syscall nx pdpe1gb rdtscp lm constant_tsc art arch_perfmon pebs bts rep_good nopl xtopology nonstop_tsc aperfmperf tsc_known_freq pni pclmulqdq dtes64 monitor ds_cpl vmx smx est tm2 ssse3 sdbg fma cx16 xtpr pdcm pcid sse4_1 sse4_2 x2apic movbe popcnt tsc_deadline_timer aes xsave avx f16c rdrand lahf_lm abm 3dnowprefetch intel_pt tpr_shadow vnmi flexpriority ept vpid fsgsbase tsc_adjust bmi1 hle avx2 smep bmi2 erms invpcid rtm mpx rdseed adx smap clflushopt xsaveopt xsavec xgetbv1 xsaves dtherm ida arat pln pts hwp hwp_notify hwp_act_window hwp_epp

Memory: 4k page, physical 32821376k(26800432k free), swap 2103292k(2103292k free)

vm_info: OpenJDK 64-Bit Server VM (9-internal+0-adhoc.abuild.jdk9-21b063d75b3e) for linux-amd64 JRE (9-internal+0-adhoc.abuild.jdk9-21b063d75b3e), built on Mar 31 2017 15:37:21 by "abuild" with gcc 6.3.1 20170202 [gcc-6-branch revision 245119]

END.
