#
# A fatal error has been detected by the Java Runtime Environment:
#
#  SIGBUS (0x7) at pc=0x00007fc3f7c989d6, pid=7756, tid=7769
#
# JRE version:  (9.0) (build )
# Java VM: OpenJDK 64-Bit Server VM (9-internal+0-adhoc.abuild.jdk9-21b063d75b3e, mixed mode, tiered, compressed oops, g1 gc, linux-amd64)
# Problematic frame:
# C  [libc.so.6+0x979d6]  __strncpy_sse2_unaligned+0x616
#
# Core dump will be written. Default location: Core dumps may be processed with "/usr/lib/systemd/systemd-coredump %P %u %g %s %t %c %e" (or dumping to /home/tobias/git/ExaHyPE-Engine/Toolkit/src/core.7756)
#
# If you would like to submit a bug report, please visit:
#   http://bugreport.java.com/bugreport/crash.jsp
#

---------------  S U M M A R Y ------------

Command Line: -Dapplication.home=/usr/lib64/jvm/java-1.9.0-openjdk-1.9.0 --add-modules=ALL-DEFAULT -Xms8m -Djdk.module.main=jdk.compiler jdk.compiler/com.sun.tools.javac.Main -sourcepath . eu/exahype/solvers/GenericFiniteVolumesGodunovInC.java

Host: Intel(R) Core(TM) i7-6700 CPU @ 3.40GHz, 8 cores, 31G, openSUSE Tumbleweed
Time: Wed May  3 10:47:40 2017 BST elapsed time: 0 seconds (0d 0h 0m 0s)

---------------  T H R E A D  ---------------

Current thread (0x00007fc3f0010000):  JavaThread "Unknown thread" [_thread_in_vm, id=7769, stack(0x00007fc3f8293000,0x00007fc3f8393000)]

Stack: [0x00007fc3f8293000,0x00007fc3f8393000],  sp=0x00007fc3f83919e8,  free space=1018k
Native frames: (J=compiled Java code, A=aot compiled Java code, j=interpreted, Vv=VM code, C=native code)
C  [libc.so.6+0x979d6]  __strncpy_sse2_unaligned+0x616
V  [libjvm.so+0x5963b8]  CollectedHeap::CollectedHeap()+0x138
V  [libjvm.so+0x6cd0fc]  G1CollectedHeap::G1CollectedHeap(G1CollectorPolicy*)+0x1c
V  [libjvm.so+0xc2914b]  Universe::create_heap()+0x28b
V  [libjvm.so+0xc29545]  Universe::initialize_heap()+0x395
V  [libjvm.so+0xc29679]  universe_init()+0x49
V  [libjvm.so+0x79d6c7]  init_globals()+0x57
V  [libjvm.so+0xc0d28a]  Threads::create_vm(JavaVMInitArgs*, bool*)+0x3aa
V  [libjvm.so+0x7edc52]  JNI_CreateJavaVM+0x52
C  [libjli.so+0x3b74]  JavaMain+0x84
C  [libpthread.so.0+0x7537]  start_thread+0xd7


siginfo: si_signo: 7 (SIGBUS), si_code: 2 (BUS_ADRERR), si_addr: 0x00007fc3f828b069

Registers:
RAX=0x00007fc3f828b069, RBX=0x00007fc3f001dce0, RCX=0x0000000047206f4e, RDX=0x0000000000000043
RSP=0x00007fc3f83919e8, RBP=0x00007fc3f8391a30, RSI=0x00007fc3f70a1f54, RDI=0x00007fc3f828b069
R8 =0x0000000000000051, R9 =0x000000000000000c, R10=0x0039dff15539fb8a, R11=0x00007fc3f7d650f0
R12=0x00007fc3f70a1f54, R13=0x0000000000000005, R14=0x00007fc3f7087d6b, R15=0x0000000000000050
RIP=0x00007fc3f7c989d6, EFLAGS=0x0000000000010206, CSGSFS=0x002b000000000033, ERR=0x0000000000000007
  TRAPNO=0x000000000000000e

Top of Stack: (sp=0x00007fc3f83919e8)
0x00007fc3f83919e8:   00007fc3f6eb8d49 0000006e0000005d
0x00007fc3f83919f8:   00007fc3f0010000 0000000000000000
0x00007fc3f8391a08:   00007fc3f001e180 00007fc3f8391a40
0x00007fc3f8391a18:   00007fc3f0010000 00007fc3f8391e3f 

Instructions: (pc=0x00007fc3f7c989d6)
0x00007fc3f7c989b6:   0f 49 83 e8 05 48 8d 7f 05 0f 85 2b 08 00 00 c3
0x00007fc3f7c989c6:   66 2e 0f 1f 84 00 00 00 00 00 8b 0e 66 8b 56 04
0x00007fc3f7c989d6:   89 0f 66 89 57 04 49 83 e8 06 48 8d 7f 06 0f 85
0x00007fc3f7c989e6:   06 08 00 00 c3 0f 1f 44 00 00 8b 0e 8b 56 03 89 


---------------  P R O C E S S  ---------------

Java Threads: ( => current thread )

Other Threads:

[error occurred during error reporting (printing all threads), id 0x7]

VM state:not at safepoint (not fully initialized)

VM Mutex/Monitor currently owned by a thread: None


[error occurred during error reporting (printing compressed oops mode), id 0x7]

Deoptimization events (0 events):
No events

Classes redefined (0 events):
No events

Internal exceptions (0 events):
No events

Events (0 events):
No events


Dynamic libraries:
00400000-00401000 r-xp 00000000 00:28 2823907                            /usr/lib64/jvm/java-1.9.0-openjdk-1.9.0/bin/javac
00600000-00601000 r--p 00000000 00:28 2823907                            /usr/lib64/jvm/java-1.9.0-openjdk-1.9.0/bin/javac
00601000-00602000 rw-p 00001000 00:28 2823907                            /usr/lib64/jvm/java-1.9.0-openjdk-1.9.0/bin/javac
01a0b000-01a2c000 rw-p 00000000 00:00 0                                  [heap]
7fc3d8746000-7fc3d89b6000 rwxp 00000000 00:00 0 
7fc3d89b6000-7fc3d8cd7000 ---p 00000000 00:00 0 
7fc3d8cd7000-7fc3d8f47000 rwxp 00000000 00:00 0 
7fc3d8f47000-7fc3e020e000 ---p 00000000 00:00 0 
7fc3e020e000-7fc3e047e000 rwxp 00000000 00:00 0 
7fc3e047e000-7fc3e7746000 ---p 00000000 00:00 0 
7fc3e7746000-7fc3f0000000 r--s 00000000 00:28 2823995                    /usr/lib64/jvm/java-1.9.0-openjdk-1.9.0/lib/modules
7fc3f0000000-7fc3f005d000 rw-p 00000000 00:00 0 
7fc3f005d000-7fc3f4000000 ---p 00000000 00:00 0 
7fc3f4bf9000-7fc3f4efa000 rw-p 00000000 00:00 0 
7fc3f4efa000-7fc3f4fe0000 ---p 00000000 00:00 0 
7fc3f4fe0000-7fc3f4fe5000 rw-p 00000000 00:00 0 
7fc3f4fe5000-7fc3f50cb000 ---p 00000000 00:00 0 
7fc3f50cb000-7fc3f50d0000 r-xp 00000000 00:28 2823975                    /usr/lib64/jvm/java-1.9.0-openjdk-1.9.0/lib/libjimage.so
7fc3f50d0000-7fc3f52cf000 ---p 00005000 00:28 2823975                    /usr/lib64/jvm/java-1.9.0-openjdk-1.9.0/lib/libjimage.so
7fc3f52cf000-7fc3f52d0000 r--p 00004000 00:28 2823975                    /usr/lib64/jvm/java-1.9.0-openjdk-1.9.0/lib/libjimage.so
7fc3f52d0000-7fc3f52d1000 rw-p 00005000 00:28 2823975                    /usr/lib64/jvm/java-1.9.0-openjdk-1.9.0/lib/libjimage.so
7fc3f52d1000-7fc3f52d8000 r-xp 00000000 00:28 2823994                    /usr/lib64/jvm/java-1.9.0-openjdk-1.9.0/lib/libzip.so
7fc3f52d8000-7fc3f54d7000 ---p 00007000 00:28 2823994                    /usr/lib64/jvm/java-1.9.0-openjdk-1.9.0/lib/libzip.so
7fc3f54d7000-7fc3f54d8000 r--p 00006000 00:28 2823994                    /usr/lib64/jvm/java-1.9.0-openjdk-1.9.0/lib/libzip.so
7fc3f54d8000-7fc3f54d9000 rw-p 00007000 00:28 2823994                    /usr/lib64/jvm/java-1.9.0-openjdk-1.9.0/lib/libzip.so
7fc3f54d9000-7fc3f5504000 r-xp 00000000 00:28 2823971                    /usr/lib64/jvm/java-1.9.0-openjdk-1.9.0/lib/libjava.so
7fc3f5504000-7fc3f5703000 ---p 0002b000 00:28 2823971                    /usr/lib64/jvm/java-1.9.0-openjdk-1.9.0/lib/libjava.so
7fc3f5703000-7fc3f5704000 r--p 0002a000 00:28 2823971                    /usr/lib64/jvm/java-1.9.0-openjdk-1.9.0/lib/libjava.so
7fc3f5704000-7fc3f5706000 rw-p 0002b000 00:28 2823971                    /usr/lib64/jvm/java-1.9.0-openjdk-1.9.0/lib/libjava.so
7fc3f5706000-7fc3f5713000 r-xp 00000000 00:28 2823993                    /usr/lib64/jvm/java-1.9.0-openjdk-1.9.0/lib/libverify.so
7fc3f5713000-7fc3f5912000 ---p 0000d000 00:28 2823993                    /usr/lib64/jvm/java-1.9.0-openjdk-1.9.0/lib/libverify.so
7fc3f5912000-7fc3f5914000 r--p 0000c000 00:28 2823993                    /usr/lib64/jvm/java-1.9.0-openjdk-1.9.0/lib/libverify.so
7fc3f5914000-7fc3f5915000 rw-p 0000e000 00:28 2823993                    /usr/lib64/jvm/java-1.9.0-openjdk-1.9.0/lib/libverify.so
7fc3f5915000-7fc3f591c000 r-xp 00000000 00:28 2870207                    /lib64/librt-2.25.so
7fc3f591c000-7fc3f5b1b000 ---p 00007000 00:28 2870207                    /lib64/librt-2.25.so
7fc3f5b1b000-7fc3f5b1c000 r--p 00006000 00:28 2870207                    /lib64/librt-2.25.so
7fc3f5b1c000-7fc3f5b1d000 rw-p 00007000 00:28 2870207                    /lib64/librt-2.25.so
7fc3f5b1d000-7fc3f5b33000 r-xp 00000000 00:28 2908769                    /lib64/libgcc_s.so.1
7fc3f5b33000-7fc3f5d33000 ---p 00016000 00:28 2908769                    /lib64/libgcc_s.so.1
7fc3f5d33000-7fc3f5d34000 r--p 00016000 00:28 2908769                    /lib64/libgcc_s.so.1
7fc3f5d34000-7fc3f5d35000 rw-p 00017000 00:28 2908769                    /lib64/libgcc_s.so.1
7fc3f5d35000-7fc3f5e47000 r-xp 00000000 00:28 2870181                    /lib64/libm-2.25.so
7fc3f5e47000-7fc3f6046000 ---p 00112000 00:28 2870181                    /lib64/libm-2.25.so
7fc3f6046000-7fc3f6047000 r--p 00111000 00:28 2870181                    /lib64/libm-2.25.so
7fc3f6047000-7fc3f6048000 rw-p 00112000 00:28 2870181                    /lib64/libm-2.25.so
7fc3f6048000-7fc3f61c2000 r-xp 00000000 00:28 2925216                    /usr/lib64/libstdc++.so.6.0.23
7fc3f61c2000-7fc3f63c2000 ---p 0017a000 00:28 2925216                    /usr/lib64/libstdc++.so.6.0.23
7fc3f63c2000-7fc3f63cc000 r--p 0017a000 00:28 2925216                    /usr/lib64/libstdc++.so.6.0.23
7fc3f63cc000-7fc3f63ce000 rw-p 00184000 00:28 2925216                    /usr/lib64/libstdc++.so.6.0.23
7fc3f63ce000-7fc3f63d1000 rw-p 00000000 00:00 0 
7fc3f63d1000-7fc3f7294000 r-xp 00000000 00:28 2824003                    /usr/lib64/jvm/java-1.9.0-openjdk-1.9.0/lib/server/libjvm.so
7fc3f7294000-7fc3f7494000 ---p 00ec3000 00:28 2824003                    /usr/lib64/jvm/java-1.9.0-openjdk-1.9.0/lib/server/libjvm.so
7fc3f7494000-7fc3f754b000 r--p 00ec3000 00:28 2824003                    /usr/lib64/jvm/java-1.9.0-openjdk-1.9.0/lib/server/libjvm.so
7fc3f754b000-7fc3f7580000 rw-p 00f7a000 00:28 2824003                    /usr/lib64/jvm/java-1.9.0-openjdk-1.9.0/lib/server/libjvm.so
7fc3f7580000-7fc3f75c9000 rw-p 00000000 00:00 0 
7fc3f75c9000-7fc3f75e2000 r-xp 00000000 00:28 2870203                    /lib64/libpthread-2.25.so
7fc3f75e2000-7fc3f77e1000 ---p 00019000 00:28 2870203                    /lib64/libpthread-2.25.so
7fc3f77e1000-7fc3f77e2000 r--p 00018000 00:28 2870203                    /lib64/libpthread-2.25.so
7fc3f77e2000-7fc3f77e3000 rw-p 00019000 00:28 2870203                    /lib64/libpthread-2.25.so
7fc3f77e3000-7fc3f77e7000 rw-p 00000000 00:00 0 
7fc3f77e7000-7fc3f77ea000 r-xp 00000000 00:28 2870179                    /lib64/libdl-2.25.so
7fc3f77ea000-7fc3f79e9000 ---p 00003000 00:28 2870179                    /lib64/libdl-2.25.so
7fc3f79e9000-7fc3f79ea000 r--p 00002000 00:28 2870179                    /lib64/libdl-2.25.so
7fc3f79ea000-7fc3f79eb000 rw-p 00003000 00:28 2870179                    /lib64/libdl-2.25.so
7fc3f79eb000-7fc3f7a00000 r-xp 00000000 00:28 2022758                    /lib64/libz.so.1.2.8
7fc3f7a00000-7fc3f7bff000 ---p 00015000 00:28 2022758                    /lib64/libz.so.1.2.8
7fc3f7bff000-7fc3f7c00000 r--p 00014000 00:28 2022758                    /lib64/libz.so.1.2.8
7fc3f7c00000-7fc3f7c01000 rw-p 00015000 00:28 2022758                    /lib64/libz.so.1.2.8
7fc3f7c01000-7fc3f7d9d000 r-xp 00000000 00:28 2870173                    /lib64/libc-2.25.so
7fc3f7d9d000-7fc3f7f9c000 ---p 0019c000 00:28 2870173                    /lib64/libc-2.25.so
7fc3f7f9c000-7fc3f7fa0000 r--p 0019b000 00:28 2870173                    /lib64/libc-2.25.so
7fc3f7fa0000-7fc3f7fa2000 rw-p 0019f000 00:28 2870173                    /lib64/libc-2.25.so
7fc3f7fa2000-7fc3f7fa6000 rw-p 00000000 00:00 0 
7fc3f7fa6000-7fc3f7fb4000 r-xp 00000000 00:28 2823957                    /usr/lib64/jvm/java-1.9.0-openjdk-1.9.0/lib/jli/libjli.so
7fc3f7fb4000-7fc3f81b3000 ---p 0000e000 00:28 2823957                    /usr/lib64/jvm/java-1.9.0-openjdk-1.9.0/lib/jli/libjli.so
7fc3f81b3000-7fc3f81b4000 r--p 0000d000 00:28 2823957                    /usr/lib64/jvm/java-1.9.0-openjdk-1.9.0/lib/jli/libjli.so
7fc3f81b4000-7fc3f81b5000 rw-p 0000e000 00:28 2823957                    /usr/lib64/jvm/java-1.9.0-openjdk-1.9.0/lib/jli/libjli.so
7fc3f81b5000-7fc3f81d9000 r-xp 00000000 00:28 2870165                    /lib64/ld-2.25.so
7fc3f8259000-7fc3f8283000 rw-p 00000000 00:00 0 
7fc3f8283000-7fc3f828a000 ---p 00000000 00:00 0 
7fc3f828a000-7fc3f8292000 rw-s 00000000 00:2e 189742                     /tmp/hsperfdata_tobias/7756
7fc3f8292000-7fc3f8297000 ---p 00000000 00:00 0 
7fc3f8297000-7fc3f8398000 rw-p 00000000 00:00 0 
7fc3f839f000-7fc3f83d4000 r--s 00000000 00:28 1662062                    /var/lib/nscd/passwd
7fc3f83d4000-7fc3f83d5000 rw-p 00000000 00:00 0 
7fc3f83d5000-7fc3f83d6000 r--p 00000000 00:00 0 
7fc3f83d6000-7fc3f83d8000 rw-p 00000000 00:00 0 
7fc3f83d8000-7fc3f83d9000 r--p 00023000 00:28 2870165                    /lib64/ld-2.25.so
7fc3f83d9000-7fc3f83db000 rw-p 00024000 00:28 2870165                    /lib64/ld-2.25.so
7ffe603ca000-7ffe603eb000 rw-p 00000000 00:00 0                          [stack]
7ffe603f5000-7ffe603f7000 r--p 00000000 00:00 0                          [vvar]
7ffe603f7000-7ffe603f9000 r-xp 00000000 00:00 0                          [vdso]
ffffffffff600000-ffffffffff601000 r-xp 00000000 00:00 0                  [vsyscall]

VM Arguments:
jvm_args: -Dapplication.home=/usr/lib64/jvm/java-1.9.0-openjdk-1.9.0 --add-modules=ALL-DEFAULT -Xms8m -Djdk.module.main=jdk.compiler 
java_command: jdk.compiler/com.sun.tools.javac.Main -sourcepath . eu/exahype/solvers/GenericFiniteVolumesGodunovInC.java
java_class_path (initial): <not set>
Launcher Type: SUN_STANDARD

Logging:
Log output configuration:
#0: stdout all=warning uptime,level,tags
#1: stderr all=off uptime,level,tags

Environment Variables:
JAVA_HOME=/usr/lib64/jvm/java
JRE_HOME=/usr/lib64/jvm/java/jre
PATH=/home/tobias/bin:/usr/local/bin:/usr/bin:/bin
SHELL=/bin/bash
DISPLAY=:0
HOSTTYPE=x86_64
OSTYPE=linux
MACHTYPE=x86_64-suse-linux

Signal Handlers:
SIGSEGV: [libjvm.so+0xc671c0], sa_mask[0]=11111111011111111101111111111110, sa_flags=SA_RESTART|SA_SIGINFO
SIGBUS: [libjvm.so+0xc671c0], sa_mask[0]=11111111011111111101111111111110, sa_flags=SA_RESTART|SA_SIGINFO
SIGFPE: [libjvm.so+0xc671c0], sa_mask[0]=11111111011111111101111111111110, sa_flags=SA_RESTART|SA_SIGINFO
SIGPIPE: [libjvm.so+0xa90bf0], sa_mask[0]=11111111011111111101111111111110, sa_flags=SA_RESTART|SA_SIGINFO
SIGXFSZ: [libjvm.so+0xa90bf0], sa_mask[0]=11111111011111111101111111111110, sa_flags=SA_RESTART|SA_SIGINFO
SIGILL: [libjvm.so+0xc671c0], sa_mask[0]=11111111011111111101111111111110, sa_flags=SA_RESTART|SA_SIGINFO
SIGUSR2: [libjvm.so+0xa90ab0], sa_mask[0]=00000000000000000000000000000000, sa_flags=SA_RESTART|SA_SIGINFO
SIGHUP: SIG_DFL, sa_mask[0]=00000000000000000000000000000000, sa_flags=none
SIGINT: SIG_DFL, sa_mask[0]=00000000000000000000000000000000, sa_flags=none
SIGTERM: SIG_DFL, sa_mask[0]=00000000000000000000000000000000, sa_flags=none
SIGQUIT: SIG_DFL, sa_mask[0]=00000000000000000000000000000000, sa_flags=none


---------------  S Y S T E M  ---------------

OS:NAME="openSUSE Tumbleweed"
# VERSION="20170430"
ID=opensuse
ID_LIKE="suse"
VERSION_ID="20170430"
PRETTY_NAME="openSUSE Tumbleweed"
ANSI_COLOR="0;32"
CPE_NAME="cpe:/o:opensuse:tumbleweed:20170430"
BUG_REPORT_URL="https://bugs.opensuse.org"
HOME_URL="https://www.opensuse.org/"
uname:Linux 4.10.12-1-default #1 SMP PREEMPT Fri Apr 21 11:50:25 UTC 2017 (3043bd9) x86_64
libc:glibc 2.25 NPTL 2.25 
rlimit: STACK 8192k, CORE 0k, NPROC 4096, NOFILE 4096, AS infinity
load average:0.69 0.47 0.37

/proc/meminfo:
MemTotal:       32821376 kB
MemFree:        26797084 kB
MemAvailable:   29922652 kB
Buffers:            2100 kB
Cached:          3356956 kB
SwapCached:            0 kB
Active:          3612980 kB
Inactive:        1833100 kB
Active(anon):    2046176 kB
Inactive(anon):    71240 kB
Active(file):    1566804 kB
Inactive(file):  1761860 kB
Unevictable:          80 kB
Mlocked:              80 kB
SwapTotal:       2103292 kB
SwapFree:        2103292 kB
Dirty:               976 kB
Writeback:             0 kB
AnonPages:       2067044 kB
Mapped:           437292 kB
Shmem:             30496 kB
Slab:             373212 kB
SReclaimable:     263000 kB
SUnreclaim:       110212 kB
KernelStack:       13036 kB
PageTables:        53004 kB
NFS_Unstable:          0 kB
Bounce:                0 kB
WritebackTmp:          0 kB
CommitLimit:    18513980 kB
Committed_AS:    5678340 kB
VmallocTotal:   34359738367 kB
VmallocUsed:           0 kB
VmallocChunk:          0 kB
HardwareCorrupted:     0 kB
AnonHugePages:   1191936 kB
ShmemHugePages:        0 kB
ShmemPmdMapped:        0 kB
HugePages_Total:       0
HugePages_Free:        0
HugePages_Rsvd:        0
HugePages_Surp:        0
Hugepagesize:       2048 kB
DirectMap4k:      181976 kB
DirectMap2M:     9129984 kB
DirectMap1G:    24117248 kB


CPU:total 8 (initial active 8) (4 cores per cpu, 2 threads per core) family 6 model 94 stepping 3, cmov, cx8, fxsr, mmx, sse, sse2, sse3, ssse3, sse4.1, sse4.2, popcnt, avx, avx2, aes, clmul, erms, rtm, 3dnowpref, lzcnt, ht, tsc, tscinvbit, bmi1, bmi2, adx, fma
CPU Model and flags from /proc/cpuinfo:
model name	: Intel(R) Core(TM) i7-6700 CPU @ 3.40GHz
flags		: fpu vme de pse tsc msr pae mce cx8 apic sep mtrr pge mca cmov pat pse36 clflush dts acpi mmx fxsr sse sse2 ss ht tm pbe syscall nx pdpe1gb rdtscp lm constant_tsc art arch_perfmon pebs bts rep_good nopl xtopology nonstop_tsc aperfmperf tsc_known_freq pni pclmulqdq dtes64 monitor ds_cpl vmx smx est tm2 ssse3 sdbg fma cx16 xtpr pdcm pcid sse4_1 sse4_2 x2apic movbe popcnt tsc_deadline_timer aes xsave avx f16c rdrand lahf_lm abm 3dnowprefetch intel_pt tpr_shadow vnmi flexpriority ept vpid fsgsbase tsc_adjust bmi1 hle avx2 smep bmi2 erms invpcid rtm mpx rdseed adx smap clflushopt xsaveopt xsavec xgetbv1 xsaves dtherm ida arat pln pts hwp hwp_notify hwp_act_window hwp_epp

Memory: 4k page, physical 32821376k(26797084k free), swap 2103292k(2103292k free)

vm_info: OpenJDK 64-Bit Server VM (9-internal+0-adhoc.abuild.jdk9-21b063d75b3e) for linux-amd64 JRE (9-internal+0-adhoc.abuild.jdk9-21b063d75b3e), built on Mar 31 2017 15:37:21 by "abuild" with gcc 6.3.1 20170202 [gcc-6-branch revision 245119]

END.
