#
# A fatal error has been detected by the Java Runtime Environment:
#
#  SIGBUS (0x7) at pc=0x00007f7a09b7e52d, pid=9958, tid=0x00007f7a0a1df700
#
# JRE version:  (8.0_121-b13) (build )
# Java VM: OpenJDK 64-Bit Server VM (25.121-b13 mixed mode linux-amd64 compressed oops)
# Derivative: IcedTea 3.3.0
# Distribution: Custom build (Tue Apr 18 15:05:52 UTC 2017)
# Problematic frame:
# C  [libc.so.6+0x13052d]  __memset_avx2_erms+0xd
#
# Failed to write core dump. Core dumps have been disabled. To enable core dumping, try "ulimit -c unlimited" before starting Java again
#
# If you would like to submit a bug report, please include
# instructions on how to reproduce the bug and visit:
#   http://icedtea.classpath.org/bugzilla
#

---------------  T H R E A D  ---------------

Current thread is native thread

siginfo: si_signo: 7 (SIGBUS), si_code: 2 (BUS_ADRERR), si_addr: 0x00007f7a0a0da000

Registers:
RAX=0x0000000000000000, RBX=0x0000000000000005, RCX=0x0000000000005000, RDX=0x00007f7a0a0d7000
RSP=0x00007f7a0a1deb58, RBP=0x00007f7a0a1dec40, RSI=0x0000000000000000, RDI=0x00007f7a0a0da000
R8 =0x0000000000000005, R9 =0x0000000000000000, R10=0x0000000000000001, R11=0x0000000000000000
R12=0x00007f7a0a1debb0, R13=0x00007f7a0a0d7000, R14=0x0000000000008000, R15=0x00007f7a00007437
RIP=0x00007f7a09b7e52d, EFLAGS=0x0000000000010206, CSGSFS=0x002b000000000033, ERR=0x0000000000000006
  TRAPNO=0x000000000000000e

Top of Stack: (sp=0x00007f7a0a1deb58)
0x00007f7a0a1deb58:   00007f7a08e1b3a7 00007f7a00007420
0x00007f7a0a1deb68:   00007f7a0a1deba8 00007f7a00007840
0x00007f7a0a1deb78:   00007f7a00007400 00007f7a0a1debe0
0x00007f7a0a1deb88:   000026e500000000 00007f7a00007450
0x00007f7a0a1deb98:   00007f7a00007860 0000000000000000
0x00007f7a0a1deba8:   00007f7a00000003 0000000000000000
0x00007f7a0a1debb8:   00007f7a00007407 00000064000003e8
0x00007f7a0a1debc8:   00007f7a00007409 00007f7a0000741a
0x00007f7a0a1debd8:   00007f7a00007427 0000000000000000
0x00007f7a0a1debe8:   0000000000000000 0000000000000000
0x00007f7a0a1debf8:   0000000000000000 0000000000000000
0x00007f7a0a1dec08:   431ab49e3afd3700 00007f7a0a1dec60
0x00007f7a0a1dec18:   00007f7a0a1ded40 00007f7a0a1ded10
0x00007f7a0a1dec28:   00007f7a0a1dee3f 0000000000100000
0x00007f7a0a1dec38:   0000000000000000 00007f7a0a1deca0
0x00007f7a0a1dec48:   00007f7a08e19ff9 0000000000000000
0x00007f7a0a1dec58:   0000000000000000 0000000000000000
0x00007f7a0a1dec68:   431ab49e3afd3700 00007f7a0a1ded40
0x00007f7a0a1dec78:   00007f7a0a1ded10 00007f7a0a1dec90
0x00007f7a0a1dec88:   431ab49e3afd3700 00007f7a0a1deca0
0x00007f7a0a1dec98:   00007f7a0a1ded40 00007f7a0a1dee20
0x00007f7a0a1deca8:   00007f7a08f0008e 0000000000000005
0x00007f7a0a1decb8:   0000000000000000 00007f7a0a1dee18
0x00007f7a0a1decc8:   00007f7a0a00bde1 0000000000000002
0x00007f7a0a1decd8:   00007f7a0a1e3ee8 0000000000000005
0x00007f7a0a1dece8:   0000000000000000 0000000000000001
0x00007f7a0a1decf8:   00007f7a0a1e3000 0000000000000000
0x00007f7a0a1ded08:   0000000000000000 0000000000000001
0x00007f7a0a1ded18:   0000015bcdb7da3f 00007f7a0a1ded60
0x00007f7a0a1ded28:   0000000100000000 00007f7a0a1e3000
0x00007f7a0a1ded38:   00007f7a0a1ded50 00007f7a09410100
0x00007f7a0a1ded48:   0000000000000000 00000000ffffffff 

Instructions: (pc=0x00007f7a09b7e52d)
0x00007f7a09b7e50d:   fe 7f 44 17 e0 c5 fe 7f 07 c5 f8 77 c3 66 0f 1f
0x00007f7a09b7e51d:   44 00 00 c5 f8 77 48 89 d1 40 0f b6 c6 48 89 fa
0x00007f7a09b7e52d:   f3 aa 48 89 d0 c3 0f 1f 00 66 2e 0f 1f 84 00 00
0x00007f7a09b7e53d:   00 00 00 48 39 d1 0f 82 d7 b8 fc ff 0f 1f 80 00 

Stack: [0x00007f7a0a0df000,0x00007f7a0a1e0000],  sp=0x00007f7a0a1deb58,  free space=1022k
Native frames: (J=compiled Java code, j=interpreted, Vv=VM code, C=native code)
C  [libc.so.6+0x13052d]  __memset_avx2_erms+0xd
V  [libjvm.so+0x82eff9]  PerfMemory::initialize() [clone .part.0]+0x39
V  [libjvm.so+0x91508e]  Threads::create_vm(JavaVMInitArgs*, bool*)+0x17e
V  [libjvm.so+0x5efd71]  JNI_CreateJavaVM+0x61
C  [libjli.so+0x2fc6]


---------------  P R O C E S S  ---------------

VM state:not at safepoint (not fully initialized)

VM Mutex/Monitor currently owned by a thread: None

Deoptimization events (0 events):
No events

Internal exceptions (0 events):
No events

Events (0 events):
No events


Dynamic libraries:
00400000-00401000 r-xp 00000000 00:28 2855294                            /usr/lib64/jvm/java-1.8.0-openjdk-1.8.0/bin/javac
00600000-00601000 r--p 00000000 00:28 2855294                            /usr/lib64/jvm/java-1.8.0-openjdk-1.8.0/bin/javac
00601000-00602000 rw-p 00001000 00:28 2855294                            /usr/lib64/jvm/java-1.8.0-openjdk-1.8.0/bin/javac
019ee000-01a0f000 rw-p 00000000 00:00 0                                  [heap]
7f7a00000000-7f7a00037000 rw-p 00000000 00:00 0 
7f7a00037000-7f7a04000000 ---p 00000000 00:00 0 
7f7a0748c000-7f7a076f1000 rw-p 00000000 00:00 0 
7f7a076f1000-7f7a0771d000 r-xp 00000000 00:28 2855134                    /usr/lib64/jvm/java-1.8.0-openjdk-1.8.0/jre/lib/amd64/libjava.so
7f7a0771d000-7f7a0791d000 ---p 0002c000 00:28 2855134                    /usr/lib64/jvm/java-1.8.0-openjdk-1.8.0/jre/lib/amd64/libjava.so
7f7a0791d000-7f7a0791e000 r--p 0002c000 00:28 2855134                    /usr/lib64/jvm/java-1.8.0-openjdk-1.8.0/jre/lib/amd64/libjava.so
7f7a0791e000-7f7a07920000 rw-p 0002d000 00:28 2855134                    /usr/lib64/jvm/java-1.8.0-openjdk-1.8.0/jre/lib/amd64/libjava.so
7f7a07920000-7f7a0792d000 r-xp 00000000 00:28 2855150                    /usr/lib64/jvm/java-1.8.0-openjdk-1.8.0/jre/lib/amd64/libverify.so
7f7a0792d000-7f7a07b2c000 ---p 0000d000 00:28 2855150                    /usr/lib64/jvm/java-1.8.0-openjdk-1.8.0/jre/lib/amd64/libverify.so
7f7a07b2c000-7f7a07b2e000 r--p 0000c000 00:28 2855150                    /usr/lib64/jvm/java-1.8.0-openjdk-1.8.0/jre/lib/amd64/libverify.so
7f7a07b2e000-7f7a07b2f000 rw-p 0000e000 00:28 2855150                    /usr/lib64/jvm/java-1.8.0-openjdk-1.8.0/jre/lib/amd64/libverify.so
7f7a07b2f000-7f7a07b36000 r-xp 00000000 00:28 2870207                    /lib64/librt-2.25.so
7f7a07b36000-7f7a07d35000 ---p 00007000 00:28 2870207                    /lib64/librt-2.25.so
7f7a07d35000-7f7a07d36000 r--p 00006000 00:28 2870207                    /lib64/librt-2.25.so
7f7a07d36000-7f7a07d37000 rw-p 00007000 00:28 2870207                    /lib64/librt-2.25.so
7f7a07d37000-7f7a07d4d000 r-xp 00000000 00:28 2908769                    /lib64/libgcc_s.so.1
7f7a07d4d000-7f7a07f4d000 ---p 00016000 00:28 2908769                    /lib64/libgcc_s.so.1
7f7a07f4d000-7f7a07f4e000 r--p 00016000 00:28 2908769                    /lib64/libgcc_s.so.1
7f7a07f4e000-7f7a07f4f000 rw-p 00017000 00:28 2908769                    /lib64/libgcc_s.so.1
7f7a07f4f000-7f7a08061000 r-xp 00000000 00:28 2870181                    /lib64/libm-2.25.so
7f7a08061000-7f7a08260000 ---p 00112000 00:28 2870181                    /lib64/libm-2.25.so
7f7a08260000-7f7a08261000 r--p 00111000 00:28 2870181                    /lib64/libm-2.25.so
7f7a08261000-7f7a08262000 rw-p 00112000 00:28 2870181                    /lib64/libm-2.25.so
7f7a08262000-7f7a083dc000 r-xp 00000000 00:28 2925216                    /usr/lib64/libstdc++.so.6.0.23
7f7a083dc000-7f7a085dc000 ---p 0017a000 00:28 2925216                    /usr/lib64/libstdc++.so.6.0.23
7f7a085dc000-7f7a085e6000 r--p 0017a000 00:28 2925216                    /usr/lib64/libstdc++.so.6.0.23
7f7a085e6000-7f7a085e8000 rw-p 00184000 00:28 2925216                    /usr/lib64/libstdc++.so.6.0.23
7f7a085e8000-7f7a085eb000 rw-p 00000000 00:00 0 
7f7a085eb000-7f7a0912b000 r-xp 00000000 00:28 2855155                    /usr/lib64/jvm/java-1.8.0-openjdk-1.8.0/jre/lib/amd64/server/libjvm.so
7f7a0912b000-7f7a0932a000 ---p 00b40000 00:28 2855155                    /usr/lib64/jvm/java-1.8.0-openjdk-1.8.0/jre/lib/amd64/server/libjvm.so
7f7a0932a000-7f7a093bd000 r--p 00b3f000 00:28 2855155                    /usr/lib64/jvm/java-1.8.0-openjdk-1.8.0/jre/lib/amd64/server/libjvm.so
7f7a093bd000-7f7a093e6000 rw-p 00bd2000 00:28 2855155                    /usr/lib64/jvm/java-1.8.0-openjdk-1.8.0/jre/lib/amd64/server/libjvm.so
7f7a093e6000-7f7a09416000 rw-p 00000000 00:00 0 
7f7a09416000-7f7a0942f000 r-xp 00000000 00:28 2870203                    /lib64/libpthread-2.25.so
7f7a0942f000-7f7a0962e000 ---p 00019000 00:28 2870203                    /lib64/libpthread-2.25.so
7f7a0962e000-7f7a0962f000 r--p 00018000 00:28 2870203                    /lib64/libpthread-2.25.so
7f7a0962f000-7f7a09630000 rw-p 00019000 00:28 2870203                    /lib64/libpthread-2.25.so
7f7a09630000-7f7a09634000 rw-p 00000000 00:00 0 
7f7a09634000-7f7a09637000 r-xp 00000000 00:28 2870179                    /lib64/libdl-2.25.so
7f7a09637000-7f7a09836000 ---p 00003000 00:28 2870179                    /lib64/libdl-2.25.so
7f7a09836000-7f7a09837000 r--p 00002000 00:28 2870179                    /lib64/libdl-2.25.so
7f7a09837000-7f7a09838000 rw-p 00003000 00:28 2870179                    /lib64/libdl-2.25.so
7f7a09838000-7f7a0984d000 r-xp 00000000 00:28 2022758                    /lib64/libz.so.1.2.8
7f7a0984d000-7f7a09a4c000 ---p 00015000 00:28 2022758                    /lib64/libz.so.1.2.8
7f7a09a4c000-7f7a09a4d000 r--p 00014000 00:28 2022758                    /lib64/libz.so.1.2.8
7f7a09a4d000-7f7a09a4e000 rw-p 00015000 00:28 2022758                    /lib64/libz.so.1.2.8
7f7a09a4e000-7f7a09bea000 r-xp 00000000 00:28 2870173                    /lib64/libc-2.25.so
7f7a09bea000-7f7a09de9000 ---p 0019c000 00:28 2870173                    /lib64/libc-2.25.so
7f7a09de9000-7f7a09ded000 r--p 0019b000 00:28 2870173                    /lib64/libc-2.25.so
7f7a09ded000-7f7a09def000 rw-p 0019f000 00:28 2870173                    /lib64/libc-2.25.so
7f7a09def000-7f7a09df3000 rw-p 00000000 00:00 0 
7f7a09df3000-7f7a09e00000 r-xp 00000000 00:28 2855336                    /usr/lib64/jvm/java-1.8.0-openjdk-1.8.0/lib/amd64/jli/libjli.so
7f7a09e00000-7f7a0a000000 ---p 0000d000 00:28 2855336                    /usr/lib64/jvm/java-1.8.0-openjdk-1.8.0/lib/amd64/jli/libjli.so
7f7a0a000000-7f7a0a001000 r--p 0000d000 00:28 2855336                    /usr/lib64/jvm/java-1.8.0-openjdk-1.8.0/lib/amd64/jli/libjli.so
7f7a0a001000-7f7a0a002000 rw-p 0000e000 00:28 2855336                    /usr/lib64/jvm/java-1.8.0-openjdk-1.8.0/lib/amd64/jli/libjli.so
7f7a0a002000-7f7a0a026000 r-xp 00000000 00:28 2870165                    /lib64/ld-2.25.so
7f7a0a0b2000-7f7a0a0d7000 rw-p 00000000 00:00 0 
7f7a0a0d7000-7f7a0a0df000 rw-s 00000000 00:2e 189829                     /tmp/hsperfdata_tobias/9958
7f7a0a0df000-7f7a0a0e0000 ---p 00000000 00:00 0 
7f7a0a0e0000-7f7a0a1e5000 rw-p 00000000 00:00 0 
7f7a0a1ec000-7f7a0a221000 r--s 00000000 00:28 1662062                    /var/lib/nscd/passwd
7f7a0a221000-7f7a0a222000 rw-p 00000000 00:00 0 
7f7a0a222000-7f7a0a223000 r--p 00000000 00:00 0 
7f7a0a223000-7f7a0a225000 rw-p 00000000 00:00 0 
7f7a0a225000-7f7a0a226000 r--p 00023000 00:28 2870165                    /lib64/ld-2.25.so
7f7a0a226000-7f7a0a228000 rw-p 00024000 00:28 2870165                    /lib64/ld-2.25.so
7ffeb8867000-7ffeb8888000 rw-p 00000000 00:00 0                          [stack]
7ffeb89ea000-7ffeb89ec000 r--p 00000000 00:00 0                          [vvar]
7ffeb89ec000-7ffeb89ee000 r-xp 00000000 00:00 0                          [vdso]
ffffffffff600000-ffffffffff601000 r-xp 00000000 00:00 0                  [vsyscall]

VM Arguments:
jvm_args: -Dapplication.home=/usr/lib64/jvm/java-1.8.0-openjdk-1.8.0 -Xms8m 
java_command: com.sun.tools.javac.Main -sourcepath . eu/exahype/solvers/UserDefinedADER_DGinC.java
java_class_path (initial): /usr/lib64/jvm/java-1.8.0-openjdk-1.8.0/lib/tools.jar:/usr/lib64/jvm/java-1.8.0-openjdk-1.8.0/classes
Launcher Type: SUN_STANDARD

Environment Variables:
JAVA_HOME=/usr/lib64/jvm/java
JRE_HOME=/usr/lib64/jvm/java/jre
PATH=/home/tobias/bin:/usr/local/bin:/usr/bin:/bin
SHELL=/bin/bash
DISPLAY=:0
HOSTTYPE=x86_64
OSTYPE=linux
MACHTYPE=x86_64-suse-linux

Signal Handlers:
SIGSEGV: [libjvm.so+0x95f220], sa_mask[0]=11111111011111111101111111111110, sa_flags=SA_RESTART|SA_SIGINFO
SIGBUS: [libjvm.so+0x95f220], sa_mask[0]=11111111011111111101111111111110, sa_flags=SA_RESTART|SA_SIGINFO
SIGFPE: [libjvm.so+0x7ee730], sa_mask[0]=11111111011111111101111111111110, sa_flags=SA_RESTART|SA_SIGINFO
SIGPIPE: [libjvm.so+0x7ee730], sa_mask[0]=11111111011111111101111111111110, sa_flags=SA_RESTART|SA_SIGINFO
SIGXFSZ: [libjvm.so+0x7ee730], sa_mask[0]=11111111011111111101111111111110, sa_flags=SA_RESTART|SA_SIGINFO
SIGILL: [libjvm.so+0x7ee730], sa_mask[0]=11111111011111111101111111111110, sa_flags=SA_RESTART|SA_SIGINFO
SIGUSR1: SIG_DFL, sa_mask[0]=00000000000000000000000000000000, sa_flags=none
SIGUSR2: [libjvm.so+0x7ee460], sa_mask[0]=00000000000000000000000000000000, sa_flags=SA_RESTART|SA_SIGINFO
SIGHUP: SIG_DFL, sa_mask[0]=00000000000000000000000000000000, sa_flags=none
SIGINT: SIG_DFL, sa_mask[0]=00000000000000000000000000000000, sa_flags=none
SIGTERM: SIG_DFL, sa_mask[0]=00000000000000000000000000000000, sa_flags=none
SIGQUIT: SIG_DFL, sa_mask[0]=00000000000000000000000000000000, sa_flags=none


---------------  S Y S T E M  ---------------

OS:NAME="openSUSE Tumbleweed"
# VERSION="20170430"
ID=opensuse
ID_LIKE="suse"
VERSION_ID="20170430"
PRETTY_NAME="openSUSE Tumbleweed"
ANSI_COLOR="0;32"
CPE_NAME="cpe:/o:opensuse:tumbleweed:20170430"
BUG_REPORT_URL="https://bugs.opensuse.org"
HOME_URL="https://www.opensuse.org/"

uname:Linux 4.10.12-1-default #1 SMP PREEMPT Fri Apr 21 11:50:25 UTC 2017 (3043bd9) x86_64
libc:glibc 2.25 NPTL 2.25 
rlimit: STACK 8192k, CORE 0k, NPROC 4096, NOFILE 4096, AS infinity
load average:0.95 0.85 0.55

/proc/meminfo:
MemTotal:       32821376 kB
MemFree:        27643084 kB
MemAvailable:   30803676 kB
Buffers:            2100 kB
Cached:          3382128 kB
SwapCached:            0 kB
Active:          2811932 kB
Inactive:        1797936 kB
Active(anon):    1203740 kB
Inactive(anon):    42984 kB
Active(file):    1608192 kB
Inactive(file):  1754952 kB
Unevictable:          80 kB
Mlocked:              80 kB
SwapTotal:       2103292 kB
SwapFree:        2103292 kB
Dirty:               664 kB
Writeback:             0 kB
AnonPages:       1204540 kB
Mapped:           398676 kB
Shmem:             21964 kB
Slab:             374220 kB
SReclaimable:     263544 kB
SUnreclaim:       110676 kB
KernelStack:       10936 kB
PageTables:        48356 kB
NFS_Unstable:          0 kB
Bounce:                0 kB
WritebackTmp:          0 kB
CommitLimit:    18513980 kB
Committed_AS:    4582236 kB
VmallocTotal:   34359738367 kB
VmallocUsed:           0 kB
VmallocChunk:          0 kB
HardwareCorrupted:     0 kB
AnonHugePages:    665600 kB
ShmemHugePages:        0 kB
ShmemPmdMapped:        0 kB
HugePages_Total:       0
HugePages_Free:        0
HugePages_Rsvd:        0
HugePages_Surp:        0
Hugepagesize:       2048 kB
DirectMap4k:      181976 kB
DirectMap2M:     9129984 kB
DirectMap1G:    24117248 kB


CPU:total 8 

/proc/cpuinfo:
processor	: 0
vendor_id	: GenuineIntel
cpu family	: 6
model		: 94
model name	: Intel(R) Core(TM) i7-6700 CPU @ 3.40GHz
stepping	: 3
microcode	: 0x9e
cpu MHz		: 799.987
cache size	: 8192 KB
physical id	: 0
siblings	: 8
core id		: 0
cpu cores	: 4
apicid		: 0
initial apicid	: 0
fpu		: yes
fpu_exception	: yes
cpuid level	: 22
wp		: yes
flags		: fpu vme de pse tsc msr pae mce cx8 apic sep mtrr pge mca cmov pat pse36 clflush dts acpi mmx fxsr sse sse2 ss ht tm pbe syscall nx pdpe1gb rdtscp lm constant_tsc art arch_perfmon pebs bts rep_good nopl xtopology nonstop_tsc aperfmperf tsc_known_freq pni pclmulqdq dtes64 monitor ds_cpl vmx smx est tm2 ssse3 sdbg fma cx16 xtpr pdcm pcid sse4_1 sse4_2 x2apic movbe popcnt tsc_deadline_timer aes xsave avx f16c rdrand lahf_lm abm 3dnowprefetch intel_pt tpr_shadow vnmi flexpriority ept vpid fsgsbase tsc_adjust bmi1 hle avx2 smep bmi2 erms invpcid rtm mpx rdseed adx smap clflushopt xsaveopt xsavec xgetbv1 xsaves dtherm ida arat pln pts hwp hwp_notify hwp_act_window hwp_epp
bugs		:
bogomips	: 6816.00
clflush size	: 64
cache_alignment	: 64
address sizes	: 39 bits physical, 48 bits virtual
power management:

processor	: 1
vendor_id	: GenuineIntel
cpu family	: 6
model		: 94
model name	: Intel(R) Core(TM) i7-6700 CPU @ 3.40GHz
stepping	: 3
microcode	: 0x9e
cpu MHz		: 799.987
cache size	: 8192 KB
physical id	: 0
siblings	: 8
core id		: 1
cpu cores	: 4
apicid		: 2
initial apicid	: 2
fpu		: yes
fpu_exception	: yes
cpuid level	: 22
wp		: yes
flags		: fpu vme de pse tsc msr pae mce cx8 apic sep mtrr pge mca cmov pat pse36 clflush dts acpi mmx fxsr sse sse2 ss ht tm pbe syscall nx pdpe1gb rdtscp lm constant_tsc art arch_perfmon pebs bts rep_good nopl xtopology nonstop_tsc aperfmperf tsc_known_freq pni pclmulqdq dtes64 monitor ds_cpl vmx smx est tm2 ssse3 sdbg fma cx16 xtpr pdcm pcid sse4_1 sse4_2 x2apic movbe popcnt tsc_deadline_timer aes xsave avx f16c rdrand lahf_lm abm 3dnowprefetch intel_pt tpr_shadow vnmi flexpriority ept vpid fsgsbase tsc_adjust bmi1 hle avx2 smep bmi2 erms invpcid rtm mpx rdseed adx smap clflushopt xsaveopt xsavec xgetbv1 xsaves dtherm ida arat pln pts hwp hwp_notify hwp_act_window hwp_epp
bugs		:
bogomips	: 6816.88
clflush size	: 64
cache_alignment	: 64
address sizes	: 39 bits physical, 48 bits virtual
power management:

processor	: 2
vendor_id	: GenuineIntel
cpu family	: 6
model		: 94
model name	: Intel(R) Core(TM) i7-6700 CPU @ 3.40GHz
stepping	: 3
microcode	: 0x9e
cpu MHz		: 799.987
cache size	: 8192 KB
physical id	: 0
siblings	: 8
core id		: 2
cpu cores	: 4
apicid		: 4
initial apicid	: 4
fpu		: yes
fpu_exception	: yes
cpuid level	: 22
wp		: yes
flags		: fpu vme de pse tsc msr pae mce cx8 apic sep mtrr pge mca cmov pat pse36 clflush dts acpi mmx fxsr sse sse2 ss ht tm pbe syscall nx pdpe1gb rdtscp lm constant_tsc art arch_perfmon pebs bts rep_good nopl xtopology nonstop_tsc aperfmperf tsc_known_freq pni pclmulqdq dtes64 monitor ds_cpl vmx smx est tm2 ssse3 sdbg fma cx16 xtpr pdcm pcid sse4_1 sse4_2 x2apic movbe popcnt tsc_deadline_timer aes xsave avx f16c rdrand lahf_lm abm 3dnowprefetch intel_pt tpr_shadow vnmi flexpriority ept vpid fsgsbase tsc_adjust bmi1 hle avx2 smep bmi2 erms invpcid rtm mpx rdseed adx smap clflushopt xsaveopt xsavec xgetbv1 xsaves dtherm ida arat pln pts hwp hwp_notify hwp_act_window hwp_epp
bugs		:
bogomips	: 6816.93
clflush size	: 64
cache_alignment	: 64
address sizes	: 39 bits physical, 48 bits virtual
power management:

processor	: 3
vendor_id	: GenuineIntel
cpu family	: 6
model		: 94
model name	: Intel(R) Core(TM) i7-6700 CPU @ 3.40GHz
stepping	: 3
microcode	: 0x9e
cpu MHz		: 799.987
cache size	: 8192 KB
physical id	: 0
siblings	: 8
core id		: 3
cpu cores	: 4
apicid		: 6
initial apicid	: 6
fpu		: yes
fpu_exception	: yes
cpuid level	: 22
wp		: yes
flags		: fpu vme de pse tsc msr pae mce cx8 apic sep mtrr pge mca cmov pat pse36 clflush dts acpi mmx fxsr sse sse2 ss ht tm pbe syscall nx pdpe1gb rdtscp lm constant_tsc art arch_perfmon pebs bts rep_good nopl xtopology nonstop_tsc aperfmperf tsc_known_freq pni pclmulqdq dtes64 monitor ds_cpl vmx smx est tm2 ssse3 sdbg fma cx16 xtpr pdcm pcid sse4_1 sse4_2 x2apic movbe popcnt tsc_deadline_timer aes xsave avx f16c rdrand lahf_lm abm 3dnowprefetch intel_pt tpr_shadow vnmi flexpriority ept vpid fsgsbase tsc_adjust bmi1 hle avx2 smep bmi2 erms invpcid rtm mpx rdseed adx smap clflushopt xsaveopt xsavec xgetbv1 xsaves dtherm ida arat pln pts hwp hwp_notify hwp_act_window hwp_epp
bugs		:
bogomips	: 6816.93
clflush size	: 64
cache_alignment	: 64
address sizes	: 39 bits physical, 48 bits virtual
power management:

processor	: 4
vendor_id	: GenuineIntel
cpu family	: 6
model		: 94
model name	: Intel(R) Core(TM) i7-6700 CPU @ 3.40GHz
stepping	: 3
microcode	: 0x9e
cpu MHz		: 799.987
cache size	: 8192 KB
physical id	: 0
siblings	: 8
core id		: 0
cpu cores	: 4
apicid		: 1
initial apicid	: 1
fpu		: yes
fpu_exception	: yes
cpuid level	: 22
wp		: yes
flags		: fpu vme de pse tsc msr pae mce cx8 apic sep mtrr pge mca cmov pat pse36 clflush dts acpi mmx fxsr sse sse2 ss ht tm pbe syscall nx pdpe1gb rdtscp lm constant_tsc art arch_perfmon pebs bts rep_good nopl xtopology nonstop_tsc aperfmperf tsc_known_freq pni pclmulqdq dtes64 monitor ds_cpl vmx smx est tm2 ssse3 sdbg fma cx16 xtpr pdcm pcid sse4_1 sse4_2 x2apic movbe popcnt tsc_deadline_timer aes xsave avx f16c rdrand lahf_lm abm 3dnowprefetch intel_pt tpr_shadow vnmi flexpriority ept vpid fsgsbase tsc_adjust bmi1 hle avx2 smep bmi2 erms invpcid rtm mpx rdseed adx smap clflushopt xsaveopt xsavec xgetbv1 xsaves dtherm ida arat pln pts hwp hwp_notify hwp_act_window hwp_epp
bugs		:
bogomips	: 6817.24
clflush size	: 64
cache_alignment	: 64
address sizes	: 39 bits physical, 48 bits virtual
power management:

processor	: 5
vendor_id	: GenuineIntel
cpu family	: 6
model		: 94
model name	: Intel(R) Core(TM) i7-6700 CPU @ 3.40GHz
stepping	: 3
microcode	: 0x9e
cpu MHz		: 799.987
cache size	: 8192 KB
physical id	: 0
siblings	: 8
core id		: 1
cpu cores	: 4
apicid		: 3
initial apicid	: 3
fpu		: yes
fpu_exception	: yes
cpuid level	: 22
wp		: yes
flags		: fpu vme de pse tsc msr pae mce cx8 apic sep mtrr pge mca cmov pat pse36 clflush dts acpi mmx fxsr sse sse2 ss ht tm pbe syscall nx pdpe1gb rdtscp lm constant_tsc art arch_perfmon pebs bts rep_good nopl xtopology nonstop_tsc aperfmperf tsc_known_freq pni pclmulqdq dtes64 monitor ds_cpl vmx smx est tm2 ssse3 sdbg fma cx16 xtpr pdcm pcid sse4_1 sse4_2 x2apic movbe popcnt tsc_deadline_timer aes xsave avx f16c rdrand lahf_lm abm 3dnowprefetch intel_pt tpr_shadow vnmi flexpriority ept vpid fsgsbase tsc_adjust bmi1 hle avx2 smep bmi2 erms invpcid rtm mpx rdseed adx smap clflushopt xsaveopt xsavec xgetbv1 xsaves dtherm ida arat pln pts hwp hwp_notify hwp_act_window hwp_epp
bugs		:
bogomips	: 6816.97
clflush size	: 64
cache_alignment	: 64
address sizes	: 39 bits physical, 48 bits virtual
power management:

processor	: 6
vendor_id	: GenuineIntel
cpu family	: 6
model		: 94
model name	: Intel(R) Core(TM) i7-6700 CPU @ 3.40GHz
stepping	: 3
microcode	: 0x9e
cpu MHz		: 799.987
cache size	: 8192 KB
physical id	: 0
siblings	: 8
core id		: 2
cpu cores	: 4
apicid		: 5
initial apicid	: 5
fpu		: yes
fpu_exception	: yes
cpuid level	: 22
wp		: yes
flags		: fpu vme de pse tsc msr pae mce cx8 apic sep mtrr pge mca cmov pat pse36 clflush dts acpi mmx fxsr sse sse2 ss ht tm pbe syscall nx pdpe1gb rdtscp lm constant_tsc art arch_perfmon pebs bts rep_good nopl xtopology nonstop_tsc aperfmperf tsc_known_freq pni pclmulqdq dtes64 monitor ds_cpl vmx smx est tm2 ssse3 sdbg fma cx16 xtpr pdcm pcid sse4_1 sse4_2 x2apic movbe popcnt tsc_deadline_timer aes xsave avx f16c rdrand lahf_lm abm 3dnowprefetch intel_pt tpr_shadow vnmi flexpriority ept vpid fsgsbase tsc_adjust bmi1 hle avx2 smep bmi2 erms invpcid rtm mpx rdseed adx smap clflushopt xsaveopt xsavec xgetbv1 xsaves dtherm ida arat pln pts hwp hwp_notify hwp_act_window hwp_epp
bugs		:
bogomips	: 6816.97
clflush size	: 64
cache_alignment	: 64
address sizes	: 39 bits physical, 48 bits virtual
power management:

processor	: 7
vendor_id	: GenuineIntel
cpu family	: 6
model		: 94
model name	: Intel(R) Core(TM) i7-6700 CPU @ 3.40GHz
stepping	: 3
microcode	: 0x9e
cpu MHz		: 799.987
cache size	: 8192 KB
physical id	: 0
siblings	: 8
core id		: 3
cpu cores	: 4
apicid		: 7
initial apicid	: 7
fpu		: yes
fpu_exception	: yes
cpuid level	: 22
wp		: yes
flags		: fpu vme de pse tsc msr pae mce cx8 apic sep mtrr pge mca cmov pat pse36 clflush dts acpi mmx fxsr sse sse2 ss ht tm pbe syscall nx pdpe1gb rdtscp lm constant_tsc art arch_perfmon pebs bts rep_good nopl xtopology nonstop_tsc aperfmperf tsc_known_freq pni pclmulqdq dtes64 monitor ds_cpl vmx smx est tm2 ssse3 sdbg fma cx16 xtpr pdcm pcid sse4_1 sse4_2 x2apic movbe popcnt tsc_deadline_timer aes xsave avx f16c rdrand lahf_lm abm 3dnowprefetch intel_pt tpr_shadow vnmi flexpriority ept vpid fsgsbase tsc_adjust bmi1 hle avx2 smep bmi2 erms invpcid rtm mpx rdseed adx smap clflushopt xsaveopt xsavec xgetbv1 xsaves dtherm ida arat pln pts hwp hwp_notify hwp_act_window hwp_epp
bugs		:
bogomips	: 6816.95
clflush size	: 64
cache_alignment	: 64
address sizes	: 39 bits physical, 48 bits virtual
power management:



Memory: 4k page, physical 32821376k(27641596k free), swap 2103292k(2103292k free)

vm_info: OpenJDK 64-Bit Server VM (25.121-b13) for linux-amd64 JRE (1.8.0_121-b13), built on Apr 18 2017 15:30:30 by "abuild" with gcc 6.3.1 20170202 [gcc-6-branch revision 245119]

time: Wed May  3 10:50:30 2017
elapsed time: 0 seconds (0d 0h 0m 0s)

