#
# A fatal error has been detected by the Java Runtime Environment:
#
#  SIGBUS (0x7) at pc=0x00007f39f84f10b5, pid=8524, tid=8531
#
# JRE version:  (9.0) (build )
# Java VM: OpenJDK 64-Bit Server VM (9-internal+0-adhoc.abuild.jdk9-21b063d75b3e, mixed mode, tiered, compressed oops, g1 gc, linux-amd64)
# Problematic frame:
# V  [libjvm.so+0xae90b5]  PerfMemory::mark_updated()+0x25
#
# Core dump will be written. Default location: Core dumps may be processed with "/usr/lib/systemd/systemd-coredump %P %u %g %s %t %c %e" (or dumping to /home/tobias/git/ExaHyPE-Engine/Toolkit/src/core.8524)
#
# If you would like to submit a bug report, please visit:
#   http://bugreport.java.com/bugreport/crash.jsp
#

---------------  S U M M A R Y ------------

Command Line: -Dapplication.home=/usr/lib64/jvm/java-1.9.0-openjdk-1.9.0 --add-modules=ALL-DEFAULT -Xms8m -Djdk.module.main=jdk.compiler jdk.compiler/com.sun.tools.javac.Main -sourcepath . eu/exahype/solvers/OptimisedFluxesLinearADER_DGinC.java

Host: Intel(R) Core(TM) i7-6700 CPU @ 3.40GHz, 8 cores, 31G, openSUSE Tumbleweed
Time: Wed May  3 10:49:05 2017 BST elapsed time: 0 seconds (0d 0h 0m 0s)

---------------  T H R E A D  ---------------

Current thread (0x00007f39f0010000):  JavaThread "Unknown thread" [_thread_in_vm, id=8531, stack(0x00007f39f98ca000,0x00007f39f99ca000)]

Stack: [0x00007f39f98ca000,0x00007f39f99ca000],  sp=0x00007f39f99c8870,  free space=1018k
Native frames: (J=compiled Java code, A=aot compiled Java code, j=interpreted, Vv=VM code, C=native code)
V  [libjvm.so+0xae90b5]  PerfMemory::mark_updated()+0x25
V  [libjvm.so+0xae8597]  PerfDataManager::create_long_counter(CounterNS, char const*, PerfData::Units, long, Thread*)+0xf7
V  [libjvm.so+0x598c19]  CollectorCounters::CollectorCounters(char const*, int)+0x249
V  [libjvm.so+0x6f76e2]  G1MonitoringSupport::G1MonitoringSupport(G1CollectedHeap*)+0xf2
V  [libjvm.so+0x6cccaf]  G1CollectedHeap::initialize()+0x7df
V  [libjvm.so+0xc291df]  Universe::initialize_heap()+0x2f
V  [libjvm.so+0xc29679]  universe_init()+0x49
V  [libjvm.so+0x79d6c7]  init_globals()+0x57
V  [libjvm.so+0xc0d28a]  Threads::create_vm(JavaVMInitArgs*, bool*)+0x3aa
V  [libjvm.so+0x7edc52]  JNI_CreateJavaVM+0x52
C  [libjli.so+0x3b74]  JavaMain+0x84
C  [libpthread.so.0+0x7537]  start_thread+0xd7


siginfo: si_signo: 7 (SIGBUS), si_code: 2 (BUS_ADRERR), si_addr: 0x00007f39f98c1010

Registers:
RAX=0x000000000573e714, RBX=0x00007f39f98c1000, RCX=0x0000000000000018, RDX=0x0000000000000000
RSP=0x00007f39f99c8870, RBP=0x00007f39f99c8880, RSI=0x00007f39f99c8850, RDI=0x0000000000000001
R8 =0x000000000000feff, R9 =0x000000000000001e, R10=0x0004a81240835062, R11=0x0000000000000001
R12=0x00007f39f98c27e0, R13=0x0000000000000040, R14=0x0000000000000000, R15=0x00007f39f98c27a8
RIP=0x00007f39f84f10b5, EFLAGS=0x0000000000010206, CSGSFS=0x002b000000000033, ERR=0x0000000000000007
  TRAPNO=0x000000000000000e

Top of Stack: (sp=0x00007f39f99c8870)
0x00007f39f99c8870:   0000000000000038 00007f39f0099f40
0x00007f39f99c8880:   00007f39f99c8900 00007f39f84f0597
0x00007f39f99c8890:   0000000000000000 00007f39f0010000
0x00007f39f99c88a0:   0000000000000005 00007f39f854cf6b 

Instructions: (pc=0x00007f39f84f10b5)
0x00007f39f84f1095:   69 00 80 38 00 75 04 c3 0f 1f 00 55 48 89 e5 53
0x00007f39f84f10a5:   48 83 ec 08 48 8b 1d 50 b8 6e 00 e8 5b 92 fa ff
0x00007f39f84f10b5:   48 89 43 10 48 83 c4 08 5b 5d c3 55 48 89 e5 41
0x00007f39f84f10c5:   56 41 55 41 54 53 4c 8d 75 b0 48 83 ec 30 4c 8d 


---------------  P R O C E S S  ---------------

Java Threads: ( => current thread )

Other Threads:
  0x00007f39f0025000 GCTaskThread "GC Thread#0" [stack: 0x00007f39f642c000,0x00007f39f652c000] [id=8563]
  0x00007f39f0026800 GCTaskThread "GC Thread#1" [stack: 0x00007f39f632b000,0x00007f39f642b000] [id=8568]
  0x00007f39f0028800 GCTaskThread "GC Thread#2" [stack: 0x00007f39f622a000,0x00007f39f632a000] [id=8569]
  0x00007f39f002a000 GCTaskThread "GC Thread#3" [stack: 0x00007f39f6129000,0x00007f39f6229000] [id=8578]
  0x00007f39f002c000 GCTaskThread "GC Thread#4" [stack: 0x00007f39f6028000,0x00007f39f6128000] [id=8580]
  0x00007f39f002d800 GCTaskThread "GC Thread#5" [stack: 0x00007f39f5f27000,0x00007f39f6027000] [id=8581]
  0x00007f39f002f000 GCTaskThread "GC Thread#6" [stack: 0x00007f39f5e26000,0x00007f39f5f26000] [id=8583]
  0x00007f39f0031000 GCTaskThread "GC Thread#7" [stack: 0x00007f39f5d25000,0x00007f39f5e25000] [id=8591]
  0x00007f39f008b000 ConcurrentGCThread "G1 Main Marker" [stack: 0x00007f39f4813000,0x00007f39f4913000] [id=8649]
  0x00007f39f008c800 ConcurrentGCThread "G1 Marker#0" [stack: 0x00007f39f4712000,0x00007f39f4812000] [id=8650]
  0x00007f39f008e800 ConcurrentGCThread "G1 Marker#1" [stack: 0x00007f39f4611000,0x00007f39f4711000] [id=8652]
  0x00007f39f003f800 ConcurrentGCThread "G1 Refine#0" [stack: 0x00007f39f4d15000,0x00007f39f4e15000] [id=8631]
  0x00007f39f003d800 ConcurrentGCThread "G1 Refine#1" [stack: 0x00007f39f4e16000,0x00007f39f4f16000] [id=8629]
  0x00007f39f003c000 ConcurrentGCThread "G1 Refine#2" [stack: 0x00007f39f4f17000,0x00007f39f5017000] [id=8624]
  0x00007f39f003a000 ConcurrentGCThread "G1 Refine#3" [stack: 0x00007f39f5018000,0x00007f39f5118000] [id=8621]
  0x00007f39f0038800 ConcurrentGCThread "G1 Refine#4" [stack: 0x00007f39f5119000,0x00007f39f5219000] [id=8617]
  0x00007f39f0036800 ConcurrentGCThread "G1 Refine#5" [stack: 0x00007f39f521a000,0x00007f39f531a000] [id=8614]
  0x00007f39f0035000 ConcurrentGCThread "G1 Refine#6" [stack: 0x00007f39f531b000,0x00007f39f541b000] [id=8612]
  0x00007f39f0033000 ConcurrentGCThread "G1 Refine#7" [stack: 0x00007f39f541c000,0x00007f39f551c000] [id=8608]
  0x00007f39f0041000 ConcurrentGCThread "G1 Young RemSet Sampling" [stack: 0x00007f39f4c14000,0x00007f39f4d14000] [id=8634]

=>0x00007f39f0010000 (exited) JavaThread "Unknown thread" [_thread_in_vm, id=8531, stack(0x00007f39f98ca000,0x00007f39f99ca000)]

Threads with active compile tasks:

VM state:not at safepoint (not fully initialized)

VM Mutex/Monitor currently owned by a thread:  ([mutex/lock_event])
[0x00007f39f000e5c0] Heap_lock - owner thread: 0x00007f39f0010000

Heap address: 0x00000005cb200000, size: 8014 MB, Compressed Oops mode: Non-zero based: 0x00000005cb200000
Narrow klass base: 0x0000000000000000, Narrow klass shift: 0

GC Heap History (0 events):
No events

Deoptimization events (0 events):
No events

Classes redefined (0 events):
No events

Internal exceptions (0 events):
No events

Events (0 events):
No events


Dynamic libraries:
00400000-00401000 r-xp 00000000 00:28 2823907                            /usr/lib64/jvm/java-1.9.0-openjdk-1.9.0/bin/javac
00600000-00601000 r--p 00000000 00:28 2823907                            /usr/lib64/jvm/java-1.9.0-openjdk-1.9.0/bin/javac
00601000-00602000 rw-p 00001000 00:28 2823907                            /usr/lib64/jvm/java-1.9.0-openjdk-1.9.0/bin/javac
01d71000-01d92000 rw-p 00000000 00:00 0                                  [heap]
5cb200000-5cba00000 rw-p 00000000 00:00 0 
5cba00000-7c0000000 ---p 00000000 00:00 0 
7f3972000000-7f3974000000 rwxp 00000000 00:00 0 
7f3974000000-7f3974021000 rw-p 00000000 00:00 0 
7f3974021000-7f3978000000 ---p 00000000 00:00 0 
7f3978000000-7f3978021000 rw-p 00000000 00:00 0 
7f3978021000-7f397c000000 ---p 00000000 00:00 0 
7f397c000000-7f397c021000 rw-p 00000000 00:00 0 
7f397c021000-7f3980000000 ---p 00000000 00:00 0 
7f39806f4000-7f3980714000 rw-p 00000000 00:00 0 
7f3980714000-7f398842c000 ---p 00000000 00:00 0 
7f398842c000-7f398844c000 rw-p 00000000 00:00 0 
7f398844c000-7f3990164000 ---p 00000000 00:00 0 
7f3990164000-7f3990168000 rw-p 00000000 00:00 0 
7f3990168000-7f399110b000 ---p 00000000 00:00 0 
7f399110b000-7f399110f000 rw-p 00000000 00:00 0 
7f399110f000-7f3993059000 ---p 00000000 00:00 0 
7f3993059000-7f399305d000 rw-p 00000000 00:00 0 
7f399305d000-7f3994000000 ---p 00000000 00:00 0 
7f3994000000-7f3994021000 rw-p 00000000 00:00 0 
7f3994021000-7f3998000000 ---p 00000000 00:00 0 
7f3998000000-7f3998021000 rw-p 00000000 00:00 0 
7f3998021000-7f399c000000 ---p 00000000 00:00 0 
7f399c000000-7f399c021000 rw-p 00000000 00:00 0 
7f399c021000-7f39a0000000 ---p 00000000 00:00 0 
7f39a0000000-7f39a0021000 rw-p 00000000 00:00 0 
7f39a0021000-7f39a4000000 ---p 00000000 00:00 0 
7f39a4000000-7f39a4021000 rw-p 00000000 00:00 0 
7f39a4021000-7f39a8000000 ---p 00000000 00:00 0 
7f39a8000000-7f39a8021000 rw-p 00000000 00:00 0 
7f39a8021000-7f39ac000000 ---p 00000000 00:00 0 
7f39ac000000-7f39ac021000 rw-p 00000000 00:00 0 
7f39ac021000-7f39b0000000 ---p 00000000 00:00 0 
7f39b0000000-7f39b0021000 rw-p 00000000 00:00 0 
7f39b0021000-7f39b4000000 ---p 00000000 00:00 0 
7f39b4000000-7f39b4021000 rw-p 00000000 00:00 0 
7f39b4021000-7f39b8000000 ---p 00000000 00:00 0 
7f39b8000000-7f39b8021000 rw-p 00000000 00:00 0 
7f39b8021000-7f39bc000000 ---p 00000000 00:00 0 
7f39bc000000-7f39bc021000 rw-p 00000000 00:00 0 
7f39bc021000-7f39c0000000 ---p 00000000 00:00 0 
7f39c0000000-7f39c0021000 rw-p 00000000 00:00 0 
7f39c0021000-7f39c4000000 ---p 00000000 00:00 0 
7f39c4000000-7f39c4021000 rw-p 00000000 00:00 0 
7f39c4021000-7f39c8000000 ---p 00000000 00:00 0 
7f39c8000000-7f39c8021000 rw-p 00000000 00:00 0 
7f39c8021000-7f39cc000000 ---p 00000000 00:00 0 
7f39cc000000-7f39cc021000 rw-p 00000000 00:00 0 
7f39cc021000-7f39d0000000 ---p 00000000 00:00 0 
7f39d0000000-7f39d0021000 rw-p 00000000 00:00 0 
7f39d0021000-7f39d4000000 ---p 00000000 00:00 0 
7f39d4000000-7f39d4021000 rw-p 00000000 00:00 0 
7f39d4021000-7f39d8000000 ---p 00000000 00:00 0 
7f39d8248000-7f39d8746000 rw-p 00000000 00:00 0 
7f39d8746000-7f39d89b6000 rwxp 00000000 00:00 0 
7f39d89b6000-7f39d8cd7000 ---p 00000000 00:00 0 
7f39d8cd7000-7f39d8f47000 rwxp 00000000 00:00 0 
7f39d8f47000-7f39e020e000 ---p 00000000 00:00 0 
7f39e020e000-7f39e047e000 rwxp 00000000 00:00 0 
7f39e047e000-7f39e7746000 ---p 00000000 00:00 0 
7f39e7746000-7f39f0000000 r--s 00000000 00:28 2823995                    /usr/lib64/jvm/java-1.9.0-openjdk-1.9.0/lib/modules
7f39f0000000-7f39f00b2000 rw-p 00000000 00:00 0 
7f39f00b2000-7f39f4000000 ---p 00000000 00:00 0 
7f39f400a000-7f39f4610000 rw-p 00000000 00:00 0 
7f39f4610000-7f39f4611000 ---p 00000000 00:00 0 
7f39f4611000-7f39f4711000 rw-p 00000000 00:00 0 
7f39f4711000-7f39f4712000 ---p 00000000 00:00 0 
7f39f4712000-7f39f4812000 rw-p 00000000 00:00 0 
7f39f4812000-7f39f4813000 ---p 00000000 00:00 0 
7f39f4813000-7f39f4c13000 rw-p 00000000 00:00 0 
7f39f4c13000-7f39f4c14000 ---p 00000000 00:00 0 
7f39f4c14000-7f39f4d14000 rw-p 00000000 00:00 0 
7f39f4d14000-7f39f4d15000 ---p 00000000 00:00 0 
7f39f4d15000-7f39f4e15000 rw-p 00000000 00:00 0 
7f39f4e15000-7f39f4e16000 ---p 00000000 00:00 0 
7f39f4e16000-7f39f4f16000 rw-p 00000000 00:00 0 
7f39f4f16000-7f39f4f17000 ---p 00000000 00:00 0 
7f39f4f17000-7f39f5017000 rw-p 00000000 00:00 0 
7f39f5017000-7f39f5018000 ---p 00000000 00:00 0 
7f39f5018000-7f39f5118000 rw-p 00000000 00:00 0 
7f39f5118000-7f39f5119000 ---p 00000000 00:00 0 
7f39f5119000-7f39f5219000 rw-p 00000000 00:00 0 
7f39f5219000-7f39f521a000 ---p 00000000 00:00 0 
7f39f521a000-7f39f531a000 rw-p 00000000 00:00 0 
7f39f531a000-7f39f531b000 ---p 00000000 00:00 0 
7f39f531b000-7f39f541b000 rw-p 00000000 00:00 0 
7f39f541b000-7f39f541c000 ---p 00000000 00:00 0 
7f39f541c000-7f39f5d24000 rw-p 00000000 00:00 0 
7f39f5d24000-7f39f5d25000 ---p 00000000 00:00 0 
7f39f5d25000-7f39f5e25000 rw-p 00000000 00:00 0 
7f39f5e25000-7f39f5e26000 ---p 00000000 00:00 0 
7f39f5e26000-7f39f5f26000 rw-p 00000000 00:00 0 
7f39f5f26000-7f39f5f27000 ---p 00000000 00:00 0 
7f39f5f27000-7f39f6027000 rw-p 00000000 00:00 0 
7f39f6027000-7f39f6028000 ---p 00000000 00:00 0 
7f39f6028000-7f39f6128000 rw-p 00000000 00:00 0 
7f39f6128000-7f39f6129000 ---p 00000000 00:00 0 
7f39f6129000-7f39f6229000 rw-p 00000000 00:00 0 
7f39f6229000-7f39f622a000 ---p 00000000 00:00 0 
7f39f622a000-7f39f632a000 rw-p 00000000 00:00 0 
7f39f632a000-7f39f632b000 ---p 00000000 00:00 0 
7f39f632b000-7f39f642b000 rw-p 00000000 00:00 0 
7f39f642b000-7f39f642c000 ---p 00000000 00:00 0 
7f39f642c000-7f39f6531000 rw-p 00000000 00:00 0 
7f39f6531000-7f39f6617000 ---p 00000000 00:00 0 
7f39f6617000-7f39f661c000 rw-p 00000000 00:00 0 
7f39f661c000-7f39f6702000 ---p 00000000 00:00 0 
7f39f6702000-7f39f6707000 r-xp 00000000 00:28 2823975                    /usr/lib64/jvm/java-1.9.0-openjdk-1.9.0/lib/libjimage.so
7f39f6707000-7f39f6906000 ---p 00005000 00:28 2823975                    /usr/lib64/jvm/java-1.9.0-openjdk-1.9.0/lib/libjimage.so
7f39f6906000-7f39f6907000 r--p 00004000 00:28 2823975                    /usr/lib64/jvm/java-1.9.0-openjdk-1.9.0/lib/libjimage.so
7f39f6907000-7f39f6908000 rw-p 00005000 00:28 2823975                    /usr/lib64/jvm/java-1.9.0-openjdk-1.9.0/lib/libjimage.so
7f39f6908000-7f39f690f000 r-xp 00000000 00:28 2823994                    /usr/lib64/jvm/java-1.9.0-openjdk-1.9.0/lib/libzip.so
7f39f690f000-7f39f6b0e000 ---p 00007000 00:28 2823994                    /usr/lib64/jvm/java-1.9.0-openjdk-1.9.0/lib/libzip.so
7f39f6b0e000-7f39f6b0f000 r--p 00006000 00:28 2823994                    /usr/lib64/jvm/java-1.9.0-openjdk-1.9.0/lib/libzip.so
7f39f6b0f000-7f39f6b10000 rw-p 00007000 00:28 2823994                    /usr/lib64/jvm/java-1.9.0-openjdk-1.9.0/lib/libzip.so
7f39f6b10000-7f39f6b3b000 r-xp 00000000 00:28 2823971                    /usr/lib64/jvm/java-1.9.0-openjdk-1.9.0/lib/libjava.so
7f39f6b3b000-7f39f6d3a000 ---p 0002b000 00:28 2823971                    /usr/lib64/jvm/java-1.9.0-openjdk-1.9.0/lib/libjava.so
7f39f6d3a000-7f39f6d3b000 r--p 0002a000 00:28 2823971                    /usr/lib64/jvm/java-1.9.0-openjdk-1.9.0/lib/libjava.so
7f39f6d3b000-7f39f6d3d000 rw-p 0002b000 00:28 2823971                    /usr/lib64/jvm/java-1.9.0-openjdk-1.9.0/lib/libjava.so
7f39f6d3d000-7f39f6d4a000 r-xp 00000000 00:28 2823993                    /usr/lib64/jvm/java-1.9.0-openjdk-1.9.0/lib/libverify.so
7f39f6d4a000-7f39f6f49000 ---p 0000d000 00:28 2823993                    /usr/lib64/jvm/java-1.9.0-openjdk-1.9.0/lib/libverify.so
7f39f6f49000-7f39f6f4b000 r--p 0000c000 00:28 2823993                    /usr/lib64/jvm/java-1.9.0-openjdk-1.9.0/lib/libverify.so
7f39f6f4b000-7f39f6f4c000 rw-p 0000e000 00:28 2823993                    /usr/lib64/jvm/java-1.9.0-openjdk-1.9.0/lib/libverify.so
7f39f6f4c000-7f39f6f53000 r-xp 00000000 00:28 2870207                    /lib64/librt-2.25.so
7f39f6f53000-7f39f7152000 ---p 00007000 00:28 2870207                    /lib64/librt-2.25.so
7f39f7152000-7f39f7153000 r--p 00006000 00:28 2870207                    /lib64/librt-2.25.so
7f39f7153000-7f39f7154000 rw-p 00007000 00:28 2870207                    /lib64/librt-2.25.so
7f39f7154000-7f39f716a000 r-xp 00000000 00:28 2908769                    /lib64/libgcc_s.so.1
7f39f716a000-7f39f736a000 ---p 00016000 00:28 2908769                    /lib64/libgcc_s.so.1
7f39f736a000-7f39f736b000 r--p 00016000 00:28 2908769                    /lib64/libgcc_s.so.1
7f39f736b000-7f39f736c000 rw-p 00017000 00:28 2908769                    /lib64/libgcc_s.so.1
7f39f736c000-7f39f747e000 r-xp 00000000 00:28 2870181                    /lib64/libm-2.25.so
7f39f747e000-7f39f767d000 ---p 00112000 00:28 2870181                    /lib64/libm-2.25.so
7f39f767d000-7f39f767e000 r--p 00111000 00:28 2870181                    /lib64/libm-2.25.so
7f39f767e000-7f39f767f000 rw-p 00112000 00:28 2870181                    /lib64/libm-2.25.so
7f39f767f000-7f39f77f9000 r-xp 00000000 00:28 2925216                    /usr/lib64/libstdc++.so.6.0.23
7f39f77f9000-7f39f79f9000 ---p 0017a000 00:28 2925216                    /usr/lib64/libstdc++.so.6.0.23
7f39f79f9000-7f39f7a03000 r--p 0017a000 00:28 2925216                    /usr/lib64/libstdc++.so.6.0.23
7f39f7a03000-7f39f7a05000 rw-p 00184000 00:28 2925216                    /usr/lib64/libstdc++.so.6.0.23
7f39f7a05000-7f39f7a08000 rw-p 00000000 00:00 0 
7f39f7a08000-7f39f88cb000 r-xp 00000000 00:28 2824003                    /usr/lib64/jvm/java-1.9.0-openjdk-1.9.0/lib/server/libjvm.so
7f39f88cb000-7f39f8acb000 ---p 00ec3000 00:28 2824003                    /usr/lib64/jvm/java-1.9.0-openjdk-1.9.0/lib/server/libjvm.so
7f39f8acb000-7f39f8b82000 r--p 00ec3000 00:28 2824003                    /usr/lib64/jvm/java-1.9.0-openjdk-1.9.0/lib/server/libjvm.so
7f39f8b82000-7f39f8bb7000 rw-p 00f7a000 00:28 2824003                    /usr/lib64/jvm/java-1.9.0-openjdk-1.9.0/lib/server/libjvm.so
7f39f8bb7000-7f39f8c00000 rw-p 00000000 00:00 0 
7f39f8c00000-7f39f8c19000 r-xp 00000000 00:28 2870203                    /lib64/libpthread-2.25.so
7f39f8c19000-7f39f8e18000 ---p 00019000 00:28 2870203                    /lib64/libpthread-2.25.so
7f39f8e18000-7f39f8e19000 r--p 00018000 00:28 2870203                    /lib64/libpthread-2.25.so
7f39f8e19000-7f39f8e1a000 rw-p 00019000 00:28 2870203                    /lib64/libpthread-2.25.so
7f39f8e1a000-7f39f8e1e000 rw-p 00000000 00:00 0 
7f39f8e1e000-7f39f8e21000 r-xp 00000000 00:28 2870179                    /lib64/libdl-2.25.so
7f39f8e21000-7f39f9020000 ---p 00003000 00:28 2870179                    /lib64/libdl-2.25.so
7f39f9020000-7f39f9021000 r--p 00002000 00:28 2870179                    /lib64/libdl-2.25.so
7f39f9021000-7f39f9022000 rw-p 00003000 00:28 2870179                    /lib64/libdl-2.25.so
7f39f9022000-7f39f9037000 r-xp 00000000 00:28 2022758                    /lib64/libz.so.1.2.8
7f39f9037000-7f39f9236000 ---p 00015000 00:28 2022758                    /lib64/libz.so.1.2.8
7f39f9236000-7f39f9237000 r--p 00014000 00:28 2022758                    /lib64/libz.so.1.2.8
7f39f9237000-7f39f9238000 rw-p 00015000 00:28 2022758                    /lib64/libz.so.1.2.8
7f39f9238000-7f39f93d4000 r-xp 00000000 00:28 2870173                    /lib64/libc-2.25.so
7f39f93d4000-7f39f95d3000 ---p 0019c000 00:28 2870173                    /lib64/libc-2.25.so
7f39f95d3000-7f39f95d7000 r--p 0019b000 00:28 2870173                    /lib64/libc-2.25.so
7f39f95d7000-7f39f95d9000 rw-p 0019f000 00:28 2870173                    /lib64/libc-2.25.so
7f39f95d9000-7f39f95dd000 rw-p 00000000 00:00 0 
7f39f95dd000-7f39f95eb000 r-xp 00000000 00:28 2823957                    /usr/lib64/jvm/java-1.9.0-openjdk-1.9.0/lib/jli/libjli.so
7f39f95eb000-7f39f97ea000 ---p 0000e000 00:28 2823957                    /usr/lib64/jvm/java-1.9.0-openjdk-1.9.0/lib/jli/libjli.so
7f39f97ea000-7f39f97eb000 r--p 0000d000 00:28 2823957                    /usr/lib64/jvm/java-1.9.0-openjdk-1.9.0/lib/jli/libjli.so
7f39f97eb000-7f39f97ec000 rw-p 0000e000 00:28 2823957                    /usr/lib64/jvm/java-1.9.0-openjdk-1.9.0/lib/jli/libjli.so
7f39f97ec000-7f39f9810000 r-xp 00000000 00:28 2870165                    /lib64/ld-2.25.so
7f39f9876000-7f39f98ba000 rw-p 00000000 00:00 0 
7f39f98ba000-7f39f98c1000 ---p 00000000 00:00 0 
7f39f98c1000-7f39f98c9000 rw-s 00000000 00:2e 189786                     /tmp/hsperfdata_tobias/8524
7f39f98c9000-7f39f98ce000 ---p 00000000 00:00 0 
7f39f98ce000-7f39f99cf000 rw-p 00000000 00:00 0 
7f39f99d5000-7f39f99d6000 rw-p 00000000 00:00 0 
7f39f99d6000-7f39f9a0b000 r--s 00000000 00:28 1662062                    /var/lib/nscd/passwd
7f39f9a0b000-7f39f9a0c000 rw-p 00000000 00:00 0 
7f39f9a0c000-7f39f9a0d000 r--p 00000000 00:00 0 
7f39f9a0d000-7f39f9a0f000 rw-p 00000000 00:00 0 
7f39f9a0f000-7f39f9a10000 r--p 00023000 00:28 2870165                    /lib64/ld-2.25.so
7f39f9a10000-7f39f9a12000 rw-p 00024000 00:28 2870165                    /lib64/ld-2.25.so
7ffea8bfc000-7ffea8c1d000 rw-p 00000000 00:00 0                          [stack]
7ffea8d66000-7ffea8d68000 r--p 00000000 00:00 0                          [vvar]
7ffea8d68000-7ffea8d6a000 r-xp 00000000 00:00 0                          [vdso]
ffffffffff600000-ffffffffff601000 r-xp 00000000 00:00 0                  [vsyscall]

VM Arguments:
jvm_args: -Dapplication.home=/usr/lib64/jvm/java-1.9.0-openjdk-1.9.0 --add-modules=ALL-DEFAULT -Xms8m -Djdk.module.main=jdk.compiler 
java_command: jdk.compiler/com.sun.tools.javac.Main -sourcepath . eu/exahype/solvers/OptimisedFluxesLinearADER_DGinC.java
java_class_path (initial): <not set>
Launcher Type: SUN_STANDARD

Logging:
Log output configuration:
#0: stdout all=warning uptime,level,tags
#1: stderr all=off uptime,level,tags

Environment Variables:
JAVA_HOME=/usr/lib64/jvm/java
JRE_HOME=/usr/lib64/jvm/java/jre
PATH=/home/tobias/bin:/usr/local/bin:/usr/bin:/bin
SHELL=/bin/bash
DISPLAY=:0
HOSTTYPE=x86_64
OSTYPE=linux
MACHTYPE=x86_64-suse-linux

Signal Handlers:
SIGSEGV: [libjvm.so+0xc671c0], sa_mask[0]=11111111011111111101111111111110, sa_flags=SA_RESTART|SA_SIGINFO
SIGBUS: [libjvm.so+0xc671c0], sa_mask[0]=11111111011111111101111111111110, sa_flags=SA_RESTART|SA_SIGINFO
SIGFPE: [libjvm.so+0xc671c0], sa_mask[0]=11111111011111111101111111111110, sa_flags=SA_RESTART|SA_SIGINFO
SIGPIPE: [libjvm.so+0xa90bf0], sa_mask[0]=11111111011111111101111111111110, sa_flags=SA_RESTART|SA_SIGINFO
SIGXFSZ: [libjvm.so+0xa90bf0], sa_mask[0]=11111111011111111101111111111110, sa_flags=SA_RESTART|SA_SIGINFO
SIGILL: [libjvm.so+0xc671c0], sa_mask[0]=11111111011111111101111111111110, sa_flags=SA_RESTART|SA_SIGINFO
SIGUSR2: [libjvm.so+0xa90ab0], sa_mask[0]=00000000000000000000000000000000, sa_flags=SA_RESTART|SA_SIGINFO
SIGHUP: SIG_DFL, sa_mask[0]=00000000000000000000000000000000, sa_flags=none
SIGINT: SIG_DFL, sa_mask[0]=00000000000000000000000000000000, sa_flags=none
SIGTERM: SIG_DFL, sa_mask[0]=00000000000000000000000000000000, sa_flags=none
SIGQUIT: SIG_DFL, sa_mask[0]=00000000000000000000000000000000, sa_flags=none


---------------  S Y S T E M  ---------------

OS:NAME="openSUSE Tumbleweed"
# VERSION="20170430"
ID=opensuse
ID_LIKE="suse"
VERSION_ID="20170430"
PRETTY_NAME="openSUSE Tumbleweed"
ANSI_COLOR="0;32"
CPE_NAME="cpe:/o:opensuse:tumbleweed:20170430"
BUG_REPORT_URL="https://bugs.opensuse.org"
HOME_URL="https://www.opensuse.org/"
uname:Linux 4.10.12-1-default #1 SMP PREEMPT Fri Apr 21 11:50:25 UTC 2017 (3043bd9) x86_64
libc:glibc 2.25 NPTL 2.25 
rlimit: STACK 8192k, CORE 0k, NPROC 4096, NOFILE 4096, AS infinity
load average:0.86 0.69 0.46

/proc/meminfo:
MemTotal:       32821376 kB
MemFree:        27032948 kB
MemAvailable:   30193500 kB
Buffers:            2100 kB
Cached:          3383584 kB
SwapCached:            0 kB
Active:          3401848 kB
Inactive:        1810336 kB
Active(anon):    1796804 kB
Inactive(anon):    51996 kB
Active(file):    1605044 kB
Inactive(file):  1758340 kB
Unevictable:          80 kB
Mlocked:              80 kB
SwapTotal:       2103292 kB
SwapFree:        2103292 kB
Dirty:              1220 kB
Writeback:             0 kB
AnonPages:       1805704 kB
Mapped:           422300 kB
Shmem:             22888 kB
Slab:             373668 kB
SReclaimable:     263264 kB
SUnreclaim:       110404 kB
KernelStack:       13900 kB
PageTables:        52208 kB
NFS_Unstable:          0 kB
Bounce:                0 kB
WritebackTmp:          0 kB
CommitLimit:    18513980 kB
Committed_AS:    5701460 kB
VmallocTotal:   34359738367 kB
VmallocUsed:           0 kB
VmallocChunk:          0 kB
HardwareCorrupted:     0 kB
AnonHugePages:    954368 kB
ShmemHugePages:        0 kB
ShmemPmdMapped:        0 kB
HugePages_Total:       0
HugePages_Free:        0
HugePages_Rsvd:        0
HugePages_Surp:        0
Hugepagesize:       2048 kB
DirectMap4k:      181976 kB
DirectMap2M:     9129984 kB
DirectMap1G:    24117248 kB


CPU:total 8 (initial active 8) (4 cores per cpu, 2 threads per core) family 6 model 94 stepping 3, cmov, cx8, fxsr, mmx, sse, sse2, sse3, ssse3, sse4.1, sse4.2, popcnt, avx, avx2, aes, clmul, erms, rtm, 3dnowpref, lzcnt, ht, tsc, tscinvbit, bmi1, bmi2, adx, fma
CPU Model and flags from /proc/cpuinfo:
model name	: Intel(R) Core(TM) i7-6700 CPU @ 3.40GHz
flags		: fpu vme de pse tsc msr pae mce cx8 apic sep mtrr pge mca cmov pat pse36 clflush dts acpi mmx fxsr sse sse2 ss ht tm pbe syscall nx pdpe1gb rdtscp lm constant_tsc art arch_perfmon pebs bts rep_good nopl xtopology nonstop_tsc aperfmperf tsc_known_freq pni pclmulqdq dtes64 monitor ds_cpl vmx smx est tm2 ssse3 sdbg fma cx16 xtpr pdcm pcid sse4_1 sse4_2 x2apic movbe popcnt tsc_deadline_timer aes xsave avx f16c rdrand lahf_lm abm 3dnowprefetch intel_pt tpr_shadow vnmi flexpriority ept vpid fsgsbase tsc_adjust bmi1 hle avx2 smep bmi2 erms invpcid rtm mpx rdseed adx smap clflushopt xsaveopt xsavec xgetbv1 xsaves dtherm ida arat pln pts hwp hwp_notify hwp_act_window hwp_epp

Memory: 4k page, physical 32821376k(27032576k free), swap 2103292k(2103292k free)

vm_info: OpenJDK 64-Bit Server VM (9-internal+0-adhoc.abuild.jdk9-21b063d75b3e) for linux-amd64 JRE (9-internal+0-adhoc.abuild.jdk9-21b063d75b3e), built on Mar 31 2017 15:37:21 by "abuild" with gcc 6.3.1 20170202 [gcc-6-branch revision 245119]

END.
