#
# A fatal error has been detected by the Java Runtime Environment:
#
#  SIGBUS (0x7) at pc=0x00007fd1ad4040b5, pid=8522, tid=8528
#
# JRE version:  (9.0) (build )
# Java VM: OpenJDK 64-Bit Server VM (9-internal+0-adhoc.abuild.jdk9-21b063d75b3e, mixed mode, tiered, compressed oops, g1 gc, linux-amd64)
# Problematic frame:
# V  [libjvm.so+0xae90b5]  PerfMemory::mark_updated()+0x25
#
# Core dump will be written. Default location: Core dumps may be processed with "/usr/lib/systemd/systemd-coredump %P %u %g %s %t %c %e" (or dumping to /home/tobias/git/ExaHyPE-Engine/Toolkit/src/core.8522)
#
# If you would like to submit a bug report, please visit:
#   http://bugreport.java.com/bugreport/crash.jsp
#

---------------  S U M M A R Y ------------

Command Line: -Dapplication.home=/usr/lib64/jvm/java-1.9.0-openjdk-1.9.0 --add-modules=ALL-DEFAULT -Xms8m -Djdk.module.main=jdk.compiler jdk.compiler/com.sun.tools.javac.Main -sourcepath . eu/exahype/solvers/GenericFiniteVolumesGodunovInC.java

Host: Intel(R) Core(TM) i7-6700 CPU @ 3.40GHz, 8 cores, 31G, openSUSE Tumbleweed
Time: Wed May  3 10:49:05 2017 BST elapsed time: 0 seconds (0d 0h 0m 0s)

---------------  T H R E A D  ---------------

Current thread (0x00007fd1a8010000):  JavaThread "Unknown thread" [_thread_in_vm, id=8528, stack(0x00007fd1ae7dd000,0x00007fd1ae8dd000)]

Stack: [0x00007fd1ae7dd000,0x00007fd1ae8dd000],  sp=0x00007fd1ae8db860,  free space=1018k
Native frames: (J=compiled Java code, A=aot compiled Java code, j=interpreted, Vv=VM code, C=native code)
V  [libjvm.so+0xae90b5]  PerfMemory::mark_updated()+0x25
V  [libjvm.so+0xae7b07]  PerfDataManager::create_long_constant(CounterNS, char const*, PerfData::Units, long, Thread*)+0xf7
V  [libjvm.so+0x765679]  HSpaceCounters::HSpaceCounters(char const*, int, unsigned long, unsigned long, GenerationCounters*)+0x329
V  [libjvm.so+0x6f78c0]  G1MonitoringSupport::G1MonitoringSupport(G1CollectedHeap*)+0x2d0
V  [libjvm.so+0x6cccaf]  G1CollectedHeap::initialize()+0x7df
V  [libjvm.so+0xc291df]  Universe::initialize_heap()+0x2f
V  [libjvm.so+0xc29679]  universe_init()+0x49
V  [libjvm.so+0x79d6c7]  init_globals()+0x57
V  [libjvm.so+0xc0d28a]  Threads::create_vm(JavaVMInitArgs*, bool*)+0x3aa
V  [libjvm.so+0x7edc52]  JNI_CreateJavaVM+0x52
C  [libjli.so+0x3b74]  JavaMain+0x84
C  [libpthread.so.0+0x7537]  start_thread+0xd7


siginfo: si_signo: 7 (SIGBUS), si_code: 2 (BUS_ADRERR), si_addr: 0x00007fd1ae7d4010

Registers:
RAX=0x0000000005807238, RBX=0x00007fd1ae7d4000, RCX=0x0000000000000018, RDX=0x0000000000000000
RSP=0x00007fd1ae8db860, RBP=0x00007fd1ae8db870, RSI=0x00007fd1ae8db840, RDI=0x0000000000000001
R8 =0x000000000000ff00, R9 =0x0000000000000028, R10=0x0004a81240835062, R11=0x0000000000000001
R12=0x00007fd1ae7d6040, R13=0x0000000000000048, R14=0x0000000000000008, R15=0x00007fd1ae7d6000
RIP=0x00007fd1ad4040b5, EFLAGS=0x0000000000010212, CSGSFS=0x002b000000000033, ERR=0x0000000000000007
  TRAPNO=0x000000000000000e

Top of Stack: (sp=0x00007fd1ae8db860)
0x00007fd1ae8db860:   0000000000000040 00007fd1a809b370
0x00007fd1ae8db870:   00007fd1ae8db8f0 00007fd1ad402b07
0x00007fd1ae8db880:   0000000000000000 00007fd1a8010000
0x00007fd1ae8db890:   0000000000000005 00007fd1ad45ff6b 

Instructions: (pc=0x00007fd1ad4040b5)
0x00007fd1ad404095:   69 00 80 38 00 75 04 c3 0f 1f 00 55 48 89 e5 53
0x00007fd1ad4040a5:   48 83 ec 08 48 8b 1d 50 b8 6e 00 e8 5b 92 fa ff
0x00007fd1ad4040b5:   48 89 43 10 48 83 c4 08 5b 5d c3 55 48 89 e5 41
0x00007fd1ad4040c5:   56 41 55 41 54 53 4c 8d 75 b0 48 83 ec 30 4c 8d 


---------------  P R O C E S S  ---------------

Java Threads: ( => current thread )

Other Threads:
  0x00007fd1a8025000 GCTaskThread "GC Thread#0" [stack: 0x00007fd18fa1e000,0x00007fd18fb1e000] [id=8538]
  0x00007fd1a8026800 GCTaskThread "GC Thread#1" [stack: 0x00007fd18f91d000,0x00007fd18fa1d000] [id=8539]
  0x00007fd1a8028800 GCTaskThread "GC Thread#2" [stack: 0x00007fd18f81c000,0x00007fd18f91c000] [id=8540]
  0x00007fd1a802a000 GCTaskThread "GC Thread#3" [stack: 0x00007fd18f71b000,0x00007fd18f81b000] [id=8541]
  0x00007fd1a802c000 GCTaskThread "GC Thread#4" [stack: 0x00007fd18f61a000,0x00007fd18f71a000] [id=8542]
  0x00007fd1a802d800 GCTaskThread "GC Thread#5" [stack: 0x00007fd18f519000,0x00007fd18f619000] [id=8543]
  0x00007fd1a802f000 GCTaskThread "GC Thread#6" [stack: 0x00007fd18f418000,0x00007fd18f518000] [id=8544]
  0x00007fd1a8031000 GCTaskThread "GC Thread#7" [stack: 0x00007fd18f317000,0x00007fd18f417000] [id=8545]
  0x00007fd1a808b000 ConcurrentGCThread "G1 Main Marker" [stack: 0x00007fd18c0ac000,0x00007fd18c1ac000] [id=8577]
  0x00007fd1a808c800 ConcurrentGCThread "G1 Marker#0" [stack: 0x00007fd13634d000,0x00007fd13644d000] [id=8590]
  0x00007fd1a808e800 ConcurrentGCThread "G1 Marker#1" [stack: 0x00007fd13624c000,0x00007fd13634c000] [id=8594]
  0x00007fd1a803f800 ConcurrentGCThread "G1 Refine#0" [stack: 0x00007fd18e307000,0x00007fd18e407000] [id=8553]
  0x00007fd1a803d800 ConcurrentGCThread "G1 Refine#1" [stack: 0x00007fd18e408000,0x00007fd18e508000] [id=8552]
  0x00007fd1a803c000 ConcurrentGCThread "G1 Refine#2" [stack: 0x00007fd18e509000,0x00007fd18e609000] [id=8551]
  0x00007fd1a803a000 ConcurrentGCThread "G1 Refine#3" [stack: 0x00007fd18e60a000,0x00007fd18e70a000] [id=8550]
  0x00007fd1a8038800 ConcurrentGCThread "G1 Refine#4" [stack: 0x00007fd18e70b000,0x00007fd18e80b000] [id=8549]
  0x00007fd1a8036800 ConcurrentGCThread "G1 Refine#5" [stack: 0x00007fd18e80c000,0x00007fd18e90c000] [id=8548]
  0x00007fd1a8035000 ConcurrentGCThread "G1 Refine#6" [stack: 0x00007fd18e90d000,0x00007fd18ea0d000] [id=8547]
  0x00007fd1a8033000 ConcurrentGCThread "G1 Refine#7" [stack: 0x00007fd18ea0e000,0x00007fd18eb0e000] [id=8546]
  0x00007fd1a8041000 ConcurrentGCThread "G1 Young RemSet Sampling" [stack: 0x00007fd18e206000,0x00007fd18e306000] [id=8554]

=>0x00007fd1a8010000 (exited) JavaThread "Unknown thread" [_thread_in_vm, id=8528, stack(0x00007fd1ae7dd000,0x00007fd1ae8dd000)]

Threads with active compile tasks:

VM state:not at safepoint (not fully initialized)

VM Mutex/Monitor currently owned by a thread:  ([mutex/lock_event])
[0x00007fd1a800e5c0] Heap_lock - owner thread: 0x00007fd1a8010000

Heap address: 0x00000005cb200000, size: 8014 MB, Compressed Oops mode: Non-zero based: 0x00000005cb200000
Narrow klass base: 0x0000000000000000, Narrow klass shift: 0

GC Heap History (0 events):
No events

Deoptimization events (0 events):
No events

Classes redefined (0 events):
No events

Internal exceptions (0 events):
No events

Events (0 events):
No events


Dynamic libraries:
00400000-00401000 r-xp 00000000 00:28 2823907                            /usr/lib64/jvm/java-1.9.0-openjdk-1.9.0/bin/javac
00600000-00601000 r--p 00000000 00:28 2823907                            /usr/lib64/jvm/java-1.9.0-openjdk-1.9.0/bin/javac
00601000-00602000 rw-p 00001000 00:28 2823907                            /usr/lib64/jvm/java-1.9.0-openjdk-1.9.0/bin/javac
00935000-00956000 rw-p 00000000 00:00 0                                  [heap]
5cb200000-5cba00000 rw-p 00000000 00:00 0 
5cba00000-7c0000000 ---p 00000000 00:00 0 
7fd1276fe000-7fd128000000 rw-p 00000000 00:00 0 
7fd128000000-7fd128021000 rw-p 00000000 00:00 0 
7fd128021000-7fd12c000000 ---p 00000000 00:00 0 
7fd12c000000-7fd12c021000 rw-p 00000000 00:00 0 
7fd12c021000-7fd130000000 ---p 00000000 00:00 0 
7fd130000000-7fd130021000 rw-p 00000000 00:00 0 
7fd130021000-7fd134000000 ---p 00000000 00:00 0 
7fd134049000-7fd13424b000 rw-p 00000000 00:00 0 
7fd13424b000-7fd13624b000 rwxp 00000000 00:00 0 
7fd13624b000-7fd13624c000 ---p 00000000 00:00 0 
7fd13624c000-7fd13634c000 rw-p 00000000 00:00 0 
7fd13634c000-7fd13634d000 ---p 00000000 00:00 0 
7fd13634d000-7fd136662000 rw-p 00000000 00:00 0 
7fd136662000-7fd13e37a000 ---p 00000000 00:00 0 
7fd13e37a000-7fd13e39a000 rw-p 00000000 00:00 0 
7fd13e39a000-7fd1460b2000 ---p 00000000 00:00 0 
7fd1460b2000-7fd1460b6000 rw-p 00000000 00:00 0 
7fd1460b6000-7fd147059000 ---p 00000000 00:00 0 
7fd147059000-7fd14705d000 rw-p 00000000 00:00 0 
7fd14705d000-7fd148000000 ---p 00000000 00:00 0 
7fd148000000-7fd148021000 rw-p 00000000 00:00 0 
7fd148021000-7fd14c000000 ---p 00000000 00:00 0 
7fd14c000000-7fd14c021000 rw-p 00000000 00:00 0 
7fd14c021000-7fd150000000 ---p 00000000 00:00 0 
7fd150000000-7fd150021000 rw-p 00000000 00:00 0 
7fd150021000-7fd154000000 ---p 00000000 00:00 0 
7fd154000000-7fd154021000 rw-p 00000000 00:00 0 
7fd154021000-7fd158000000 ---p 00000000 00:00 0 
7fd158000000-7fd158021000 rw-p 00000000 00:00 0 
7fd158021000-7fd15c000000 ---p 00000000 00:00 0 
7fd15c000000-7fd15c021000 rw-p 00000000 00:00 0 
7fd15c021000-7fd160000000 ---p 00000000 00:00 0 
7fd160000000-7fd160021000 rw-p 00000000 00:00 0 
7fd160021000-7fd164000000 ---p 00000000 00:00 0 
7fd164000000-7fd164021000 rw-p 00000000 00:00 0 
7fd164021000-7fd168000000 ---p 00000000 00:00 0 
7fd168000000-7fd168021000 rw-p 00000000 00:00 0 
7fd168021000-7fd16c000000 ---p 00000000 00:00 0 
7fd16c000000-7fd16c021000 rw-p 00000000 00:00 0 
7fd16c021000-7fd170000000 ---p 00000000 00:00 0 
7fd170000000-7fd170021000 rw-p 00000000 00:00 0 
7fd170021000-7fd174000000 ---p 00000000 00:00 0 
7fd174000000-7fd174021000 rw-p 00000000 00:00 0 
7fd174021000-7fd178000000 ---p 00000000 00:00 0 
7fd178000000-7fd178021000 rw-p 00000000 00:00 0 
7fd178021000-7fd17c000000 ---p 00000000 00:00 0 
7fd17c000000-7fd17c021000 rw-p 00000000 00:00 0 
7fd17c021000-7fd180000000 ---p 00000000 00:00 0 
7fd180000000-7fd180021000 rw-p 00000000 00:00 0 
7fd180021000-7fd184000000 ---p 00000000 00:00 0 
7fd184000000-7fd184021000 rw-p 00000000 00:00 0 
7fd184021000-7fd188000000 ---p 00000000 00:00 0 
7fd188000000-7fd188021000 rw-p 00000000 00:00 0 
7fd188021000-7fd18c000000 ---p 00000000 00:00 0 
7fd18c0ab000-7fd18c0ac000 ---p 00000000 00:00 0 
7fd18c0ac000-7fd18c2b7000 rw-p 00000000 00:00 0 
7fd18c2b7000-7fd18d25e000 ---p 00000000 00:00 0 
7fd18d25e000-7fd18d262000 rw-p 00000000 00:00 0 
7fd18d262000-7fd18e205000 ---p 00000000 00:00 0 
7fd18e205000-7fd18e206000 ---p 00000000 00:00 0 
7fd18e206000-7fd18e306000 rw-p 00000000 00:00 0 
7fd18e306000-7fd18e307000 ---p 00000000 00:00 0 
7fd18e307000-7fd18e407000 rw-p 00000000 00:00 0 
7fd18e407000-7fd18e408000 ---p 00000000 00:00 0 
7fd18e408000-7fd18e508000 rw-p 00000000 00:00 0 
7fd18e508000-7fd18e509000 ---p 00000000 00:00 0 
7fd18e509000-7fd18e609000 rw-p 00000000 00:00 0 
7fd18e609000-7fd18e60a000 ---p 00000000 00:00 0 
7fd18e60a000-7fd18e70a000 rw-p 00000000 00:00 0 
7fd18e70a000-7fd18e70b000 ---p 00000000 00:00 0 
7fd18e70b000-7fd18e80b000 rw-p 00000000 00:00 0 
7fd18e80b000-7fd18e80c000 ---p 00000000 00:00 0 
7fd18e80c000-7fd18e90c000 rw-p 00000000 00:00 0 
7fd18e90c000-7fd18e90d000 ---p 00000000 00:00 0 
7fd18e90d000-7fd18ea0d000 rw-p 00000000 00:00 0 
7fd18ea0d000-7fd18ea0e000 ---p 00000000 00:00 0 
7fd18ea0e000-7fd18f316000 rw-p 00000000 00:00 0 
7fd18f316000-7fd18f317000 ---p 00000000 00:00 0 
7fd18f317000-7fd18f417000 rw-p 00000000 00:00 0 
7fd18f417000-7fd18f418000 ---p 00000000 00:00 0 
7fd18f418000-7fd18f518000 rw-p 00000000 00:00 0 
7fd18f518000-7fd18f519000 ---p 00000000 00:00 0 
7fd18f519000-7fd18f619000 rw-p 00000000 00:00 0 
7fd18f619000-7fd18f61a000 ---p 00000000 00:00 0 
7fd18f61a000-7fd18f71a000 rw-p 00000000 00:00 0 
7fd18f71a000-7fd18f71b000 ---p 00000000 00:00 0 
7fd18f71b000-7fd18f81b000 rw-p 00000000 00:00 0 
7fd18f81b000-7fd18f81c000 ---p 00000000 00:00 0 
7fd18f81c000-7fd18f91c000 rw-p 00000000 00:00 0 
7fd18f91c000-7fd18f91d000 ---p 00000000 00:00 0 
7fd18f91d000-7fd18fa1d000 rw-p 00000000 00:00 0 
7fd18fa1d000-7fd18fa1e000 ---p 00000000 00:00 0 
7fd18fa1e000-7fd18fb23000 rw-p 00000000 00:00 0 
7fd18fb23000-7fd18fc09000 ---p 00000000 00:00 0 
7fd18fc09000-7fd18fc0e000 rw-p 00000000 00:00 0 
7fd18fc0e000-7fd18fcf4000 ---p 00000000 00:00 0 
7fd18fcf4000-7fd18ff64000 rwxp 00000000 00:00 0 
7fd18ff64000-7fd190285000 ---p 00000000 00:00 0 
7fd190285000-7fd1904f5000 rwxp 00000000 00:00 0 
7fd1904f5000-7fd1977bc000 ---p 00000000 00:00 0 
7fd1977bc000-7fd197a2c000 rwxp 00000000 00:00 0 
7fd197a2c000-7fd19ecf4000 ---p 00000000 00:00 0 
7fd19ecf4000-7fd1a75ae000 r--s 00000000 00:28 2823995                    /usr/lib64/jvm/java-1.9.0-openjdk-1.9.0/lib/modules
7fd1a75ae000-7fd1a75b3000 r-xp 00000000 00:28 2823975                    /usr/lib64/jvm/java-1.9.0-openjdk-1.9.0/lib/libjimage.so
7fd1a75b3000-7fd1a77b2000 ---p 00005000 00:28 2823975                    /usr/lib64/jvm/java-1.9.0-openjdk-1.9.0/lib/libjimage.so
7fd1a77b2000-7fd1a77b3000 r--p 00004000 00:28 2823975                    /usr/lib64/jvm/java-1.9.0-openjdk-1.9.0/lib/libjimage.so
7fd1a77b3000-7fd1a77b4000 rw-p 00005000 00:28 2823975                    /usr/lib64/jvm/java-1.9.0-openjdk-1.9.0/lib/libjimage.so
7fd1a77b4000-7fd1a77bb000 r-xp 00000000 00:28 2823994                    /usr/lib64/jvm/java-1.9.0-openjdk-1.9.0/lib/libzip.so
7fd1a77bb000-7fd1a79ba000 ---p 00007000 00:28 2823994                    /usr/lib64/jvm/java-1.9.0-openjdk-1.9.0/lib/libzip.so
7fd1a79ba000-7fd1a79bb000 r--p 00006000 00:28 2823994                    /usr/lib64/jvm/java-1.9.0-openjdk-1.9.0/lib/libzip.so
7fd1a79bb000-7fd1a79bc000 rw-p 00007000 00:28 2823994                    /usr/lib64/jvm/java-1.9.0-openjdk-1.9.0/lib/libzip.so
7fd1a79bc000-7fd1a79e7000 r-xp 00000000 00:28 2823971                    /usr/lib64/jvm/java-1.9.0-openjdk-1.9.0/lib/libjava.so
7fd1a79e7000-7fd1a7be6000 ---p 0002b000 00:28 2823971                    /usr/lib64/jvm/java-1.9.0-openjdk-1.9.0/lib/libjava.so
7fd1a7be6000-7fd1a7be7000 r--p 0002a000 00:28 2823971                    /usr/lib64/jvm/java-1.9.0-openjdk-1.9.0/lib/libjava.so
7fd1a7be7000-7fd1a7be9000 rw-p 0002b000 00:28 2823971                    /usr/lib64/jvm/java-1.9.0-openjdk-1.9.0/lib/libjava.so
7fd1a7be9000-7fd1a7bf6000 r-xp 00000000 00:28 2823993                    /usr/lib64/jvm/java-1.9.0-openjdk-1.9.0/lib/libverify.so
7fd1a7bf6000-7fd1a7df5000 ---p 0000d000 00:28 2823993                    /usr/lib64/jvm/java-1.9.0-openjdk-1.9.0/lib/libverify.so
7fd1a7df5000-7fd1a7df7000 r--p 0000c000 00:28 2823993                    /usr/lib64/jvm/java-1.9.0-openjdk-1.9.0/lib/libverify.so
7fd1a7df7000-7fd1a7df8000 rw-p 0000e000 00:28 2823993                    /usr/lib64/jvm/java-1.9.0-openjdk-1.9.0/lib/libverify.so
7fd1a7df8000-7fd1a7dff000 r-xp 00000000 00:28 2870207                    /lib64/librt-2.25.so
7fd1a7dff000-7fd1a7ffe000 ---p 00007000 00:28 2870207                    /lib64/librt-2.25.so
7fd1a7ffe000-7fd1a7fff000 r--p 00006000 00:28 2870207                    /lib64/librt-2.25.so
7fd1a7fff000-7fd1a8000000 rw-p 00007000 00:28 2870207                    /lib64/librt-2.25.so
7fd1a8000000-7fd1a80b3000 rw-p 00000000 00:00 0 
7fd1a80b3000-7fd1ac000000 ---p 00000000 00:00 0 
7fd1ac067000-7fd1ac07d000 r-xp 00000000 00:28 2908769                    /lib64/libgcc_s.so.1
7fd1ac07d000-7fd1ac27d000 ---p 00016000 00:28 2908769                    /lib64/libgcc_s.so.1
7fd1ac27d000-7fd1ac27e000 r--p 00016000 00:28 2908769                    /lib64/libgcc_s.so.1
7fd1ac27e000-7fd1ac27f000 rw-p 00017000 00:28 2908769                    /lib64/libgcc_s.so.1
7fd1ac27f000-7fd1ac391000 r-xp 00000000 00:28 2870181                    /lib64/libm-2.25.so
7fd1ac391000-7fd1ac590000 ---p 00112000 00:28 2870181                    /lib64/libm-2.25.so
7fd1ac590000-7fd1ac591000 r--p 00111000 00:28 2870181                    /lib64/libm-2.25.so
7fd1ac591000-7fd1ac592000 rw-p 00112000 00:28 2870181                    /lib64/libm-2.25.so
7fd1ac592000-7fd1ac70c000 r-xp 00000000 00:28 2925216                    /usr/lib64/libstdc++.so.6.0.23
7fd1ac70c000-7fd1ac90c000 ---p 0017a000 00:28 2925216                    /usr/lib64/libstdc++.so.6.0.23
7fd1ac90c000-7fd1ac916000 r--p 0017a000 00:28 2925216                    /usr/lib64/libstdc++.so.6.0.23
7fd1ac916000-7fd1ac918000 rw-p 00184000 00:28 2925216                    /usr/lib64/libstdc++.so.6.0.23
7fd1ac918000-7fd1ac91b000 rw-p 00000000 00:00 0 
7fd1ac91b000-7fd1ad7de000 r-xp 00000000 00:28 2824003                    /usr/lib64/jvm/java-1.9.0-openjdk-1.9.0/lib/server/libjvm.so
7fd1ad7de000-7fd1ad9de000 ---p 00ec3000 00:28 2824003                    /usr/lib64/jvm/java-1.9.0-openjdk-1.9.0/lib/server/libjvm.so
7fd1ad9de000-7fd1ada95000 r--p 00ec3000 00:28 2824003                    /usr/lib64/jvm/java-1.9.0-openjdk-1.9.0/lib/server/libjvm.so
7fd1ada95000-7fd1adaca000 rw-p 00f7a000 00:28 2824003                    /usr/lib64/jvm/java-1.9.0-openjdk-1.9.0/lib/server/libjvm.so
7fd1adaca000-7fd1adb13000 rw-p 00000000 00:00 0 
7fd1adb13000-7fd1adb2c000 r-xp 00000000 00:28 2870203                    /lib64/libpthread-2.25.so
7fd1adb2c000-7fd1add2b000 ---p 00019000 00:28 2870203                    /lib64/libpthread-2.25.so
7fd1add2b000-7fd1add2c000 r--p 00018000 00:28 2870203                    /lib64/libpthread-2.25.so
7fd1add2c000-7fd1add2d000 rw-p 00019000 00:28 2870203                    /lib64/libpthread-2.25.so
7fd1add2d000-7fd1add31000 rw-p 00000000 00:00 0 
7fd1add31000-7fd1add34000 r-xp 00000000 00:28 2870179                    /lib64/libdl-2.25.so
7fd1add34000-7fd1adf33000 ---p 00003000 00:28 2870179                    /lib64/libdl-2.25.so
7fd1adf33000-7fd1adf34000 r--p 00002000 00:28 2870179                    /lib64/libdl-2.25.so
7fd1adf34000-7fd1adf35000 rw-p 00003000 00:28 2870179                    /lib64/libdl-2.25.so
7fd1adf35000-7fd1adf4a000 r-xp 00000000 00:28 2022758                    /lib64/libz.so.1.2.8
7fd1adf4a000-7fd1ae149000 ---p 00015000 00:28 2022758                    /lib64/libz.so.1.2.8
7fd1ae149000-7fd1ae14a000 r--p 00014000 00:28 2022758                    /lib64/libz.so.1.2.8
7fd1ae14a000-7fd1ae14b000 rw-p 00015000 00:28 2022758                    /lib64/libz.so.1.2.8
7fd1ae14b000-7fd1ae2e7000 r-xp 00000000 00:28 2870173                    /lib64/libc-2.25.so
7fd1ae2e7000-7fd1ae4e6000 ---p 0019c000 00:28 2870173                    /lib64/libc-2.25.so
7fd1ae4e6000-7fd1ae4ea000 r--p 0019b000 00:28 2870173                    /lib64/libc-2.25.so
7fd1ae4ea000-7fd1ae4ec000 rw-p 0019f000 00:28 2870173                    /lib64/libc-2.25.so
7fd1ae4ec000-7fd1ae4f0000 rw-p 00000000 00:00 0 
7fd1ae4f0000-7fd1ae4fe000 r-xp 00000000 00:28 2823957                    /usr/lib64/jvm/java-1.9.0-openjdk-1.9.0/lib/jli/libjli.so
7fd1ae4fe000-7fd1ae6fd000 ---p 0000e000 00:28 2823957                    /usr/lib64/jvm/java-1.9.0-openjdk-1.9.0/lib/jli/libjli.so
7fd1ae6fd000-7fd1ae6fe000 r--p 0000d000 00:28 2823957                    /usr/lib64/jvm/java-1.9.0-openjdk-1.9.0/lib/jli/libjli.so
7fd1ae6fe000-7fd1ae6ff000 rw-p 0000e000 00:28 2823957                    /usr/lib64/jvm/java-1.9.0-openjdk-1.9.0/lib/jli/libjli.so
7fd1ae6ff000-7fd1ae723000 r-xp 00000000 00:28 2870165                    /lib64/ld-2.25.so
7fd1ae789000-7fd1ae7cd000 rw-p 00000000 00:00 0 
7fd1ae7cd000-7fd1ae7d4000 ---p 00000000 00:00 0 
7fd1ae7d4000-7fd1ae7dc000 rw-s 00000000 00:2e 189784                     /tmp/hsperfdata_tobias/8522
7fd1ae7dc000-7fd1ae7e1000 ---p 00000000 00:00 0 
7fd1ae7e1000-7fd1ae8e2000 rw-p 00000000 00:00 0 
7fd1ae8e8000-7fd1ae8e9000 rw-p 00000000 00:00 0 
7fd1ae8e9000-7fd1ae91e000 r--s 00000000 00:28 1662062                    /var/lib/nscd/passwd
7fd1ae91e000-7fd1ae91f000 rw-p 00000000 00:00 0 
7fd1ae91f000-7fd1ae920000 r--p 00000000 00:00 0 
7fd1ae920000-7fd1ae922000 rw-p 00000000 00:00 0 
7fd1ae922000-7fd1ae923000 r--p 00023000 00:28 2870165                    /lib64/ld-2.25.so
7fd1ae923000-7fd1ae925000 rw-p 00024000 00:28 2870165                    /lib64/ld-2.25.so
7fff42438000-7fff42459000 rw-p 00000000 00:00 0                          [stack]
7fff424b8000-7fff424ba000 r--p 00000000 00:00 0                          [vvar]
7fff424ba000-7fff424bc000 r-xp 00000000 00:00 0                          [vdso]
ffffffffff600000-ffffffffff601000 r-xp 00000000 00:00 0                  [vsyscall]

VM Arguments:
jvm_args: -Dapplication.home=/usr/lib64/jvm/java-1.9.0-openjdk-1.9.0 --add-modules=ALL-DEFAULT -Xms8m -Djdk.module.main=jdk.compiler 
java_command: jdk.compiler/com.sun.tools.javac.Main -sourcepath . eu/exahype/solvers/GenericFiniteVolumesGodunovInC.java
java_class_path (initial): <not set>
Launcher Type: SUN_STANDARD

Logging:
Log output configuration:
#0: stdout all=warning uptime,level,tags
#1: stderr all=off uptime,level,tags

Environment Variables:
JAVA_HOME=/usr/lib64/jvm/java
JRE_HOME=/usr/lib64/jvm/java/jre
PATH=/home/tobias/bin:/usr/local/bin:/usr/bin:/bin
SHELL=/bin/bash
DISPLAY=:0
HOSTTYPE=x86_64
OSTYPE=linux
MACHTYPE=x86_64-suse-linux

Signal Handlers:
SIGSEGV: [libjvm.so+0xc671c0], sa_mask[0]=11111111011111111101111111111110, sa_flags=SA_RESTART|SA_SIGINFO
SIGBUS: [libjvm.so+0xc671c0], sa_mask[0]=11111111011111111101111111111110, sa_flags=SA_RESTART|SA_SIGINFO
SIGFPE: [libjvm.so+0xc671c0], sa_mask[0]=11111111011111111101111111111110, sa_flags=SA_RESTART|SA_SIGINFO
SIGPIPE: [libjvm.so+0xa90bf0], sa_mask[0]=11111111011111111101111111111110, sa_flags=SA_RESTART|SA_SIGINFO
SIGXFSZ: [libjvm.so+0xa90bf0], sa_mask[0]=11111111011111111101111111111110, sa_flags=SA_RESTART|SA_SIGINFO
SIGILL: [libjvm.so+0xc671c0], sa_mask[0]=11111111011111111101111111111110, sa_flags=SA_RESTART|SA_SIGINFO
SIGUSR2: [libjvm.so+0xa90ab0], sa_mask[0]=00000000000000000000000000000000, sa_flags=SA_RESTART|SA_SIGINFO
SIGHUP: SIG_DFL, sa_mask[0]=00000000000000000000000000000000, sa_flags=none
SIGINT: SIG_DFL, sa_mask[0]=00000000000000000000000000000000, sa_flags=none
SIGTERM: SIG_DFL, sa_mask[0]=00000000000000000000000000000000, sa_flags=none
SIGQUIT: SIG_DFL, sa_mask[0]=00000000000000000000000000000000, sa_flags=none


---------------  S Y S T E M  ---------------

OS:NAME="openSUSE Tumbleweed"
# VERSION="20170430"
ID=opensuse
ID_LIKE="suse"
VERSION_ID="20170430"
PRETTY_NAME="openSUSE Tumbleweed"
ANSI_COLOR="0;32"
CPE_NAME="cpe:/o:opensuse:tumbleweed:20170430"
BUG_REPORT_URL="https://bugs.opensuse.org"
HOME_URL="https://www.opensuse.org/"
uname:Linux 4.10.12-1-default #1 SMP PREEMPT Fri Apr 21 11:50:25 UTC 2017 (3043bd9) x86_64
libc:glibc 2.25 NPTL 2.25 
rlimit: STACK 8192k, CORE 0k, NPROC 4096, NOFILE 4096, AS infinity
load average:0.86 0.69 0.46

/proc/meminfo:
MemTotal:       32821376 kB
MemFree:        27035924 kB
MemAvailable:   30196476 kB
Buffers:            2100 kB
Cached:          3383584 kB
SwapCached:            0 kB
Active:          3399220 kB
Inactive:        1810336 kB
Active(anon):    1794176 kB
Inactive(anon):    51996 kB
Active(file):    1605044 kB
Inactive(file):  1758340 kB
Unevictable:          80 kB
Mlocked:              80 kB
SwapTotal:       2103292 kB
SwapFree:        2103292 kB
Dirty:              1220 kB
Writeback:             0 kB
AnonPages:       1803076 kB
Mapped:           422300 kB
Shmem:             22888 kB
Slab:             373668 kB
SReclaimable:     263264 kB
SUnreclaim:       110404 kB
KernelStack:       13900 kB
PageTables:        51772 kB
NFS_Unstable:          0 kB
Bounce:                0 kB
WritebackTmp:          0 kB
CommitLimit:    18513980 kB
Committed_AS:    5685156 kB
VmallocTotal:   34359738367 kB
VmallocUsed:           0 kB
VmallocChunk:          0 kB
HardwareCorrupted:     0 kB
AnonHugePages:    954368 kB
ShmemHugePages:        0 kB
ShmemPmdMapped:        0 kB
HugePages_Total:       0
HugePages_Free:        0
HugePages_Rsvd:        0
HugePages_Surp:        0
Hugepagesize:       2048 kB
DirectMap4k:      181976 kB
DirectMap2M:     9129984 kB
DirectMap1G:    24117248 kB


CPU:total 8 (initial active 8) (4 cores per cpu, 2 threads per core) family 6 model 94 stepping 3, cmov, cx8, fxsr, mmx, sse, sse2, sse3, ssse3, sse4.1, sse4.2, popcnt, avx, avx2, aes, clmul, erms, rtm, 3dnowpref, lzcnt, ht, tsc, tscinvbit, bmi1, bmi2, adx, fma
CPU Model and flags from /proc/cpuinfo:
model name	: Intel(R) Core(TM) i7-6700 CPU @ 3.40GHz
flags		: fpu vme de pse tsc msr pae mce cx8 apic sep mtrr pge mca cmov pat pse36 clflush dts acpi mmx fxsr sse sse2 ss ht tm pbe syscall nx pdpe1gb rdtscp lm constant_tsc art arch_perfmon pebs bts rep_good nopl xtopology nonstop_tsc aperfmperf tsc_known_freq pni pclmulqdq dtes64 monitor ds_cpl vmx smx est tm2 ssse3 sdbg fma cx16 xtpr pdcm pcid sse4_1 sse4_2 x2apic movbe popcnt tsc_deadline_timer aes xsave avx f16c rdrand lahf_lm abm 3dnowprefetch intel_pt tpr_shadow vnmi flexpriority ept vpid fsgsbase tsc_adjust bmi1 hle avx2 smep bmi2 erms invpcid rtm mpx rdseed adx smap clflushopt xsaveopt xsavec xgetbv1 xsaves dtherm ida arat pln pts hwp hwp_notify hwp_act_window hwp_epp

Memory: 4k page, physical 32821376k(27035180k free), swap 2103292k(2103292k free)

vm_info: OpenJDK 64-Bit Server VM (9-internal+0-adhoc.abuild.jdk9-21b063d75b3e) for linux-amd64 JRE (9-internal+0-adhoc.abuild.jdk9-21b063d75b3e), built on Mar 31 2017 15:37:21 by "abuild" with gcc 6.3.1 20170202 [gcc-6-branch revision 245119]

END.
