#
# A fatal error has been detected by the Java Runtime Environment:
#
#  SIGBUS (0x7) at pc=0x00007f30529060b5, pid=9177, tid=9183
#
# JRE version:  (9.0) (build )
# Java VM: OpenJDK 64-Bit Server VM (9-internal+0-adhoc.abuild.jdk9-21b063d75b3e, mixed mode, tiered, compressed oops, g1 gc, linux-amd64)
# Problematic frame:
# V  [libjvm.so+0xae90b5]  PerfMemory::mark_updated()+0x25
#
# Core dump will be written. Default location: Core dumps may be processed with "/usr/lib/systemd/systemd-coredump %P %u %g %s %t %c %e" (or dumping to /home/tobias/git/ExaHyPE-Engine/Toolkit/src/core.9177)
#
# If you would like to submit a bug report, please visit:
#   http://bugreport.java.com/bugreport/crash.jsp
#

---------------  S U M M A R Y ------------

Command Line: -Dapplication.home=/usr/lib64/jvm/java-1.9.0-openjdk-1.9.0 --add-modules=ALL-DEFAULT -Xms8m -Djdk.module.main=jdk.compiler jdk.compiler/com.sun.tools.javac.Main -sourcepath . eu/exahype/solvers/UserDefinedFiniteVolumesinFortran.java

Host: Intel(R) Core(TM) i7-6700 CPU @ 3.40GHz, 8 cores, 31G, openSUSE Tumbleweed
Time: Wed May  3 10:49:28 2017 BST elapsed time: 0 seconds (0d 0h 0m 0s)

---------------  T H R E A D  ---------------

Current thread (0x00007f304c010000):  JavaThread "Unknown thread" [_thread_in_vm, id=9183, stack(0x00007f3053cdf000,0x00007f3053ddf000)]

Stack: [0x00007f3053cdf000,0x00007f3053ddf000],  sp=0x00007f3053ddd860,  free space=1018k
Native frames: (J=compiled Java code, A=aot compiled Java code, j=interpreted, Vv=VM code, C=native code)
V  [libjvm.so+0xae90b5]  PerfMemory::mark_updated()+0x25
V  [libjvm.so+0xae7b07]  PerfDataManager::create_long_constant(CounterNS, char const*, PerfData::Units, long, Thread*)+0xf7
V  [libjvm.so+0x765679]  HSpaceCounters::HSpaceCounters(char const*, int, unsigned long, unsigned long, GenerationCounters*)+0x329
V  [libjvm.so+0x6f78c0]  G1MonitoringSupport::G1MonitoringSupport(G1CollectedHeap*)+0x2d0
V  [libjvm.so+0x6cccaf]  G1CollectedHeap::initialize()+0x7df
V  [libjvm.so+0xc291df]  Universe::initialize_heap()+0x2f
V  [libjvm.so+0xc29679]  universe_init()+0x49
V  [libjvm.so+0x79d6c7]  init_globals()+0x57
V  [libjvm.so+0xc0d28a]  Threads::create_vm(JavaVMInitArgs*, bool*)+0x3aa
V  [libjvm.so+0x7edc52]  JNI_CreateJavaVM+0x52
C  [libjli.so+0x3b74]  JavaMain+0x84
C  [libpthread.so.0+0x7537]  start_thread+0xd7


siginfo: si_signo: 7 (SIGBUS), si_code: 2 (BUS_ADRERR), si_addr: 0x00007f3053cd6010

Registers:
RAX=0x0000000004da29aa, RBX=0x00007f3053cd6000, RCX=0x0000000000000018, RDX=0x0000000000000000
RSP=0x00007f3053ddd860, RBP=0x00007f3053ddd870, RSI=0x00007f3053ddd840, RDI=0x0000000000000001
R8 =0x000000000000ff00, R9 =0x0000000000000028, R10=0x0005d5ae4c5be342, R11=0x0000000000000001
R12=0x00007f3053cd8040, R13=0x0000000000000048, R14=0x0000000000000008, R15=0x00007f3053cd8000
RIP=0x00007f30529060b5, EFLAGS=0x0000000000010206, CSGSFS=0x002b000000000033, ERR=0x0000000000000007
  TRAPNO=0x000000000000000e

Top of Stack: (sp=0x00007f3053ddd860)
0x00007f3053ddd860:   0000000000000040 00007f304c09b370
0x00007f3053ddd870:   00007f3053ddd8f0 00007f3052904b07
0x00007f3053ddd880:   0000000000000000 00007f304c010000
0x00007f3053ddd890:   0000000000000005 00007f3052961f6b 

Instructions: (pc=0x00007f30529060b5)
0x00007f3052906095:   69 00 80 38 00 75 04 c3 0f 1f 00 55 48 89 e5 53
0x00007f30529060a5:   48 83 ec 08 48 8b 1d 50 b8 6e 00 e8 5b 92 fa ff
0x00007f30529060b5:   48 89 43 10 48 83 c4 08 5b 5d c3 55 48 89 e5 41
0x00007f30529060c5:   56 41 55 41 54 53 4c 8d 75 b0 48 83 ec 30 4c 8d 


---------------  P R O C E S S  ---------------

Java Threads: ( => current thread )

Other Threads:
  0x00007f304c025000 GCTaskThread "GC Thread#0" [stack: 0x00007f3050841000,0x00007f3050941000] [id=9192]
  0x00007f304c026800 GCTaskThread "GC Thread#1" [stack: 0x00007f3050740000,0x00007f3050840000] [id=9195]
  0x00007f304c028800 GCTaskThread "GC Thread#2" [stack: 0x00007f305063f000,0x00007f305073f000] [id=9197]
  0x00007f304c02a000 GCTaskThread "GC Thread#3" [stack: 0x00007f305053e000,0x00007f305063e000] [id=9198]
  0x00007f304c02c000 GCTaskThread "GC Thread#4" [stack: 0x00007f305043d000,0x00007f305053d000] [id=9200]
  0x00007f304c02d800 GCTaskThread "GC Thread#5" [stack: 0x00007f305033c000,0x00007f305043c000] [id=9202]
  0x00007f304c02f000 GCTaskThread "GC Thread#6" [stack: 0x00007f305023b000,0x00007f305033b000] [id=9223]
  0x00007f304c031000 GCTaskThread "GC Thread#7" [stack: 0x00007f305013a000,0x00007f305023a000] [id=9226]
  0x00007f304c08b000 ConcurrentGCThread "G1 Main Marker" [stack: 0x00007f3014402000,0x00007f3014502000] [id=9288]
  0x00007f304c08c800 ConcurrentGCThread "G1 Marker#0" [stack: 0x00007f3014301000,0x00007f3014401000] [id=9290]
  0x00007f304c08e800 ConcurrentGCThread "G1 Marker#1" [stack: 0x00007f3014200000,0x00007f3014300000] [id=9292]
  0x00007f304c03f800 ConcurrentGCThread "G1 Refine#0" [stack: 0x00007f30177f9000,0x00007f30178f9000] [id=9247]
  0x00007f304c03d800 ConcurrentGCThread "G1 Refine#1" [stack: 0x00007f30178fa000,0x00007f30179fa000] [id=9242]
  0x00007f304c03c000 ConcurrentGCThread "G1 Refine#2" [stack: 0x00007f30179fb000,0x00007f3017afb000] [id=9241]
  0x00007f304c03a000 ConcurrentGCThread "G1 Refine#3" [stack: 0x00007f3017afc000,0x00007f3017bfc000] [id=9239]
  0x00007f304c038800 ConcurrentGCThread "G1 Refine#4" [stack: 0x00007f3017bfd000,0x00007f3017cfd000] [id=9237]
  0x00007f304c036800 ConcurrentGCThread "G1 Refine#5" [stack: 0x00007f3017cfe000,0x00007f3017dfe000] [id=9234]
  0x00007f304c035000 ConcurrentGCThread "G1 Refine#6" [stack: 0x00007f3017dff000,0x00007f3017eff000] [id=9231]
  0x00007f304c033000 ConcurrentGCThread "G1 Refine#7" [stack: 0x00007f3017f00000,0x00007f3018000000] [id=9230]
  0x00007f304c041000 ConcurrentGCThread "G1 Young RemSet Sampling" [stack: 0x00007f30176f8000,0x00007f30177f8000] [id=9250]

=>0x00007f304c010000 (exited) JavaThread "Unknown thread" [_thread_in_vm, id=9183, stack(0x00007f3053cdf000,0x00007f3053ddf000)]

Threads with active compile tasks:

VM state:not at safepoint (not fully initialized)

VM Mutex/Monitor currently owned by a thread:  ([mutex/lock_event])
[0x00007f304c00e5c0] Heap_lock - owner thread: 0x00007f304c010000

Heap address: 0x00000005cb200000, size: 8014 MB, Compressed Oops mode: Non-zero based: 0x00000005cb200000
Narrow klass base: 0x0000000000000000, Narrow klass shift: 0

GC Heap History (0 events):
No events

Deoptimization events (0 events):
No events

Classes redefined (0 events):
No events

Internal exceptions (0 events):
No events

Events (0 events):
No events


Dynamic libraries:
00400000-00401000 r-xp 00000000 00:28 2823907                            /usr/lib64/jvm/java-1.9.0-openjdk-1.9.0/bin/javac
00600000-00601000 r--p 00000000 00:28 2823907                            /usr/lib64/jvm/java-1.9.0-openjdk-1.9.0/bin/javac
00601000-00602000 rw-p 00001000 00:28 2823907                            /usr/lib64/jvm/java-1.9.0-openjdk-1.9.0/bin/javac
012d5000-012f6000 rw-p 00000000 00:00 0                                  [heap]
5cb200000-5cba00000 rw-p 00000000 00:00 0 
5cba00000-7c0000000 ---p 00000000 00:00 0 
7f2fcc000000-7f2fcc021000 rw-p 00000000 00:00 0 
7f2fcc021000-7f2fd0000000 ---p 00000000 00:00 0 
7f2fd0000000-7f2fd0021000 rw-p 00000000 00:00 0 
7f2fd0021000-7f2fd4000000 ---p 00000000 00:00 0 
7f2fd4000000-7f2fd4021000 rw-p 00000000 00:00 0 
7f2fd4021000-7f2fd8000000 ---p 00000000 00:00 0 
7f2fd8be6000-7f2fd95e9000 rw-p 00000000 00:00 0 
7f2fd95e9000-7f2fdb5e9000 rwxp 00000000 00:00 0 
7f2fdb5e9000-7f2fdb609000 rw-p 00000000 00:00 0 
7f2fdb609000-7f2fe3321000 ---p 00000000 00:00 0 
7f2fe3321000-7f2fe3341000 rw-p 00000000 00:00 0 
7f2fe3341000-7f2feb059000 ---p 00000000 00:00 0 
7f2feb059000-7f2feb05d000 rw-p 00000000 00:00 0 
7f2feb05d000-7f2fec000000 ---p 00000000 00:00 0 
7f2fec000000-7f2fec021000 rw-p 00000000 00:00 0 
7f2fec021000-7f2ff0000000 ---p 00000000 00:00 0 
7f2ff0000000-7f2ff0021000 rw-p 00000000 00:00 0 
7f2ff0021000-7f2ff4000000 ---p 00000000 00:00 0 
7f2ff4000000-7f2ff4021000 rw-p 00000000 00:00 0 
7f2ff4021000-7f2ff8000000 ---p 00000000 00:00 0 
7f2ff8000000-7f2ff8021000 rw-p 00000000 00:00 0 
7f2ff8021000-7f2ffc000000 ---p 00000000 00:00 0 
7f2ffc000000-7f2ffc021000 rw-p 00000000 00:00 0 
7f2ffc021000-7f3000000000 ---p 00000000 00:00 0 
7f3000000000-7f3000021000 rw-p 00000000 00:00 0 
7f3000021000-7f3004000000 ---p 00000000 00:00 0 
7f3004000000-7f3004021000 rw-p 00000000 00:00 0 
7f3004021000-7f3008000000 ---p 00000000 00:00 0 
7f3008000000-7f3008021000 rw-p 00000000 00:00 0 
7f3008021000-7f300c000000 ---p 00000000 00:00 0 
7f300c000000-7f300c021000 rw-p 00000000 00:00 0 
7f300c021000-7f3010000000 ---p 00000000 00:00 0 
7f3010000000-7f3010021000 rw-p 00000000 00:00 0 
7f3010021000-7f3014000000 ---p 00000000 00:00 0 
7f30140fe000-7f30141ff000 rw-p 00000000 00:00 0 
7f30141ff000-7f3014200000 ---p 00000000 00:00 0 
7f3014200000-7f3014300000 rw-p 00000000 00:00 0 
7f3014300000-7f3014301000 ---p 00000000 00:00 0 
7f3014301000-7f3014401000 rw-p 00000000 00:00 0 
7f3014401000-7f3014402000 ---p 00000000 00:00 0 
7f3014402000-7f3014806000 rw-p 00000000 00:00 0 
7f3014806000-7f3016750000 ---p 00000000 00:00 0 
7f3016750000-7f3016754000 rw-p 00000000 00:00 0 
7f3016754000-7f30176f7000 ---p 00000000 00:00 0 
7f30176f7000-7f30176f8000 ---p 00000000 00:00 0 
7f30176f8000-7f30177f8000 rw-p 00000000 00:00 0 
7f30177f8000-7f30177f9000 ---p 00000000 00:00 0 
7f30177f9000-7f30178f9000 rw-p 00000000 00:00 0 
7f30178f9000-7f30178fa000 ---p 00000000 00:00 0 
7f30178fa000-7f30179fa000 rw-p 00000000 00:00 0 
7f30179fa000-7f30179fb000 ---p 00000000 00:00 0 
7f30179fb000-7f3017afb000 rw-p 00000000 00:00 0 
7f3017afb000-7f3017afc000 ---p 00000000 00:00 0 
7f3017afc000-7f3017bfc000 rw-p 00000000 00:00 0 
7f3017bfc000-7f3017bfd000 ---p 00000000 00:00 0 
7f3017bfd000-7f3017cfd000 rw-p 00000000 00:00 0 
7f3017cfd000-7f3017cfe000 ---p 00000000 00:00 0 
7f3017cfe000-7f3017dfe000 rw-p 00000000 00:00 0 
7f3017dfe000-7f3017dff000 ---p 00000000 00:00 0 
7f3017dff000-7f3017eff000 rw-p 00000000 00:00 0 
7f3017eff000-7f3017f00000 ---p 00000000 00:00 0 
7f3017f00000-7f3018000000 rw-p 00000000 00:00 0 
7f3018000000-7f3018021000 rw-p 00000000 00:00 0 
7f3018021000-7f301c000000 ---p 00000000 00:00 0 
7f301c000000-7f301c021000 rw-p 00000000 00:00 0 
7f301c021000-7f3020000000 ---p 00000000 00:00 0 
7f3020000000-7f3020021000 rw-p 00000000 00:00 0 
7f3020021000-7f3024000000 ---p 00000000 00:00 0 
7f3024000000-7f3024021000 rw-p 00000000 00:00 0 
7f3024021000-7f3028000000 ---p 00000000 00:00 0 
7f3028000000-7f3028021000 rw-p 00000000 00:00 0 
7f3028021000-7f302c000000 ---p 00000000 00:00 0 
7f302c000000-7f302c021000 rw-p 00000000 00:00 0 
7f302c021000-7f3030000000 ---p 00000000 00:00 0 
7f3030000000-7f3030021000 rw-p 00000000 00:00 0 
7f3030021000-7f3034000000 ---p 00000000 00:00 0 
7f303403f000-7f3034746000 rw-p 00000000 00:00 0 
7f3034746000-7f30349b6000 rwxp 00000000 00:00 0 
7f30349b6000-7f3034cd7000 ---p 00000000 00:00 0 
7f3034cd7000-7f3034f47000 rwxp 00000000 00:00 0 
7f3034f47000-7f303c20e000 ---p 00000000 00:00 0 
7f303c20e000-7f303c47e000 rwxp 00000000 00:00 0 
7f303c47e000-7f3043746000 ---p 00000000 00:00 0 
7f3043746000-7f304c000000 r--s 00000000 00:28 2823995                    /usr/lib64/jvm/java-1.9.0-openjdk-1.9.0/lib/modules
7f304c000000-7f304c0b3000 rw-p 00000000 00:00 0 
7f304c0b3000-7f3050000000 ---p 00000000 00:00 0 
7f3050038000-7f3050139000 rw-p 00000000 00:00 0 
7f3050139000-7f305013a000 ---p 00000000 00:00 0 
7f305013a000-7f305023a000 rw-p 00000000 00:00 0 
7f305023a000-7f305023b000 ---p 00000000 00:00 0 
7f305023b000-7f305033b000 rw-p 00000000 00:00 0 
7f305033b000-7f305033c000 ---p 00000000 00:00 0 
7f305033c000-7f305043c000 rw-p 00000000 00:00 0 
7f305043c000-7f305043d000 ---p 00000000 00:00 0 
7f305043d000-7f305053d000 rw-p 00000000 00:00 0 
7f305053d000-7f305053e000 ---p 00000000 00:00 0 
7f305053e000-7f305063e000 rw-p 00000000 00:00 0 
7f305063e000-7f305063f000 ---p 00000000 00:00 0 
7f305063f000-7f305073f000 rw-p 00000000 00:00 0 
7f305073f000-7f3050740000 ---p 00000000 00:00 0 
7f3050740000-7f3050840000 rw-p 00000000 00:00 0 
7f3050840000-7f3050841000 ---p 00000000 00:00 0 
7f3050841000-7f3050946000 rw-p 00000000 00:00 0 
7f3050946000-7f3050a2c000 ---p 00000000 00:00 0 
7f3050a2c000-7f3050a31000 rw-p 00000000 00:00 0 
7f3050a31000-7f3050b17000 ---p 00000000 00:00 0 
7f3050b17000-7f3050b1c000 r-xp 00000000 00:28 2823975                    /usr/lib64/jvm/java-1.9.0-openjdk-1.9.0/lib/libjimage.so
7f3050b1c000-7f3050d1b000 ---p 00005000 00:28 2823975                    /usr/lib64/jvm/java-1.9.0-openjdk-1.9.0/lib/libjimage.so
7f3050d1b000-7f3050d1c000 r--p 00004000 00:28 2823975                    /usr/lib64/jvm/java-1.9.0-openjdk-1.9.0/lib/libjimage.so
7f3050d1c000-7f3050d1d000 rw-p 00005000 00:28 2823975                    /usr/lib64/jvm/java-1.9.0-openjdk-1.9.0/lib/libjimage.so
7f3050d1d000-7f3050d24000 r-xp 00000000 00:28 2823994                    /usr/lib64/jvm/java-1.9.0-openjdk-1.9.0/lib/libzip.so
7f3050d24000-7f3050f23000 ---p 00007000 00:28 2823994                    /usr/lib64/jvm/java-1.9.0-openjdk-1.9.0/lib/libzip.so
7f3050f23000-7f3050f24000 r--p 00006000 00:28 2823994                    /usr/lib64/jvm/java-1.9.0-openjdk-1.9.0/lib/libzip.so
7f3050f24000-7f3050f25000 rw-p 00007000 00:28 2823994                    /usr/lib64/jvm/java-1.9.0-openjdk-1.9.0/lib/libzip.so
7f3050f25000-7f3050f50000 r-xp 00000000 00:28 2823971                    /usr/lib64/jvm/java-1.9.0-openjdk-1.9.0/lib/libjava.so
7f3050f50000-7f305114f000 ---p 0002b000 00:28 2823971                    /usr/lib64/jvm/java-1.9.0-openjdk-1.9.0/lib/libjava.so
7f305114f000-7f3051150000 r--p 0002a000 00:28 2823971                    /usr/lib64/jvm/java-1.9.0-openjdk-1.9.0/lib/libjava.so
7f3051150000-7f3051152000 rw-p 0002b000 00:28 2823971                    /usr/lib64/jvm/java-1.9.0-openjdk-1.9.0/lib/libjava.so
7f3051152000-7f305115f000 r-xp 00000000 00:28 2823993                    /usr/lib64/jvm/java-1.9.0-openjdk-1.9.0/lib/libverify.so
7f305115f000-7f305135e000 ---p 0000d000 00:28 2823993                    /usr/lib64/jvm/java-1.9.0-openjdk-1.9.0/lib/libverify.so
7f305135e000-7f3051360000 r--p 0000c000 00:28 2823993                    /usr/lib64/jvm/java-1.9.0-openjdk-1.9.0/lib/libverify.so
7f3051360000-7f3051361000 rw-p 0000e000 00:28 2823993                    /usr/lib64/jvm/java-1.9.0-openjdk-1.9.0/lib/libverify.so
7f3051361000-7f3051368000 r-xp 00000000 00:28 2870207                    /lib64/librt-2.25.so
7f3051368000-7f3051567000 ---p 00007000 00:28 2870207                    /lib64/librt-2.25.so
7f3051567000-7f3051568000 r--p 00006000 00:28 2870207                    /lib64/librt-2.25.so
7f3051568000-7f3051569000 rw-p 00007000 00:28 2870207                    /lib64/librt-2.25.so
7f3051569000-7f305157f000 r-xp 00000000 00:28 2908769                    /lib64/libgcc_s.so.1
7f305157f000-7f305177f000 ---p 00016000 00:28 2908769                    /lib64/libgcc_s.so.1
7f305177f000-7f3051780000 r--p 00016000 00:28 2908769                    /lib64/libgcc_s.so.1
7f3051780000-7f3051781000 rw-p 00017000 00:28 2908769                    /lib64/libgcc_s.so.1
7f3051781000-7f3051893000 r-xp 00000000 00:28 2870181                    /lib64/libm-2.25.so
7f3051893000-7f3051a92000 ---p 00112000 00:28 2870181                    /lib64/libm-2.25.so
7f3051a92000-7f3051a93000 r--p 00111000 00:28 2870181                    /lib64/libm-2.25.so
7f3051a93000-7f3051a94000 rw-p 00112000 00:28 2870181                    /lib64/libm-2.25.so
7f3051a94000-7f3051c0e000 r-xp 00000000 00:28 2925216                    /usr/lib64/libstdc++.so.6.0.23
7f3051c0e000-7f3051e0e000 ---p 0017a000 00:28 2925216                    /usr/lib64/libstdc++.so.6.0.23
7f3051e0e000-7f3051e18000 r--p 0017a000 00:28 2925216                    /usr/lib64/libstdc++.so.6.0.23
7f3051e18000-7f3051e1a000 rw-p 00184000 00:28 2925216                    /usr/lib64/libstdc++.so.6.0.23
7f3051e1a000-7f3051e1d000 rw-p 00000000 00:00 0 
7f3051e1d000-7f3052ce0000 r-xp 00000000 00:28 2824003                    /usr/lib64/jvm/java-1.9.0-openjdk-1.9.0/lib/server/libjvm.so
7f3052ce0000-7f3052ee0000 ---p 00ec3000 00:28 2824003                    /usr/lib64/jvm/java-1.9.0-openjdk-1.9.0/lib/server/libjvm.so
7f3052ee0000-7f3052f97000 r--p 00ec3000 00:28 2824003                    /usr/lib64/jvm/java-1.9.0-openjdk-1.9.0/lib/server/libjvm.so
7f3052f97000-7f3052fcc000 rw-p 00f7a000 00:28 2824003                    /usr/lib64/jvm/java-1.9.0-openjdk-1.9.0/lib/server/libjvm.so
7f3052fcc000-7f3053015000 rw-p 00000000 00:00 0 
7f3053015000-7f305302e000 r-xp 00000000 00:28 2870203                    /lib64/libpthread-2.25.so
7f305302e000-7f305322d000 ---p 00019000 00:28 2870203                    /lib64/libpthread-2.25.so
7f305322d000-7f305322e000 r--p 00018000 00:28 2870203                    /lib64/libpthread-2.25.so
7f305322e000-7f305322f000 rw-p 00019000 00:28 2870203                    /lib64/libpthread-2.25.so
7f305322f000-7f3053233000 rw-p 00000000 00:00 0 
7f3053233000-7f3053236000 r-xp 00000000 00:28 2870179                    /lib64/libdl-2.25.so
7f3053236000-7f3053435000 ---p 00003000 00:28 2870179                    /lib64/libdl-2.25.so
7f3053435000-7f3053436000 r--p 00002000 00:28 2870179                    /lib64/libdl-2.25.so
7f3053436000-7f3053437000 rw-p 00003000 00:28 2870179                    /lib64/libdl-2.25.so
7f3053437000-7f305344c000 r-xp 00000000 00:28 2022758                    /lib64/libz.so.1.2.8
7f305344c000-7f305364b000 ---p 00015000 00:28 2022758                    /lib64/libz.so.1.2.8
7f305364b000-7f305364c000 r--p 00014000 00:28 2022758                    /lib64/libz.so.1.2.8
7f305364c000-7f305364d000 rw-p 00015000 00:28 2022758                    /lib64/libz.so.1.2.8
7f305364d000-7f30537e9000 r-xp 00000000 00:28 2870173                    /lib64/libc-2.25.so
7f30537e9000-7f30539e8000 ---p 0019c000 00:28 2870173                    /lib64/libc-2.25.so
7f30539e8000-7f30539ec000 r--p 0019b000 00:28 2870173                    /lib64/libc-2.25.so
7f30539ec000-7f30539ee000 rw-p 0019f000 00:28 2870173                    /lib64/libc-2.25.so
7f30539ee000-7f30539f2000 rw-p 00000000 00:00 0 
7f30539f2000-7f3053a00000 r-xp 00000000 00:28 2823957                    /usr/lib64/jvm/java-1.9.0-openjdk-1.9.0/lib/jli/libjli.so
7f3053a00000-7f3053bff000 ---p 0000e000 00:28 2823957                    /usr/lib64/jvm/java-1.9.0-openjdk-1.9.0/lib/jli/libjli.so
7f3053bff000-7f3053c00000 r--p 0000d000 00:28 2823957                    /usr/lib64/jvm/java-1.9.0-openjdk-1.9.0/lib/jli/libjli.so
7f3053c00000-7f3053c01000 rw-p 0000e000 00:28 2823957                    /usr/lib64/jvm/java-1.9.0-openjdk-1.9.0/lib/jli/libjli.so
7f3053c01000-7f3053c25000 r-xp 00000000 00:28 2870165                    /lib64/ld-2.25.so
7f3053c8b000-7f3053ccf000 rw-p 00000000 00:00 0 
7f3053ccf000-7f3053cd6000 ---p 00000000 00:00 0 
7f3053cd6000-7f3053cde000 rw-s 00000000 00:2e 189805                     /tmp/hsperfdata_tobias/9177
7f3053cde000-7f3053ce3000 ---p 00000000 00:00 0 
7f3053ce3000-7f3053de4000 rw-p 00000000 00:00 0 
7f3053dea000-7f3053deb000 rw-p 00000000 00:00 0 
7f3053deb000-7f3053e20000 r--s 00000000 00:28 1662062                    /var/lib/nscd/passwd
7f3053e20000-7f3053e21000 rw-p 00000000 00:00 0 
7f3053e21000-7f3053e22000 r--p 00000000 00:00 0 
7f3053e22000-7f3053e24000 rw-p 00000000 00:00 0 
7f3053e24000-7f3053e25000 r--p 00023000 00:28 2870165                    /lib64/ld-2.25.so
7f3053e25000-7f3053e27000 rw-p 00024000 00:28 2870165                    /lib64/ld-2.25.so
7ffde9c06000-7ffde9c27000 rw-p 00000000 00:00 0                          [stack]
7ffde9dd7000-7ffde9dd9000 r--p 00000000 00:00 0                          [vvar]
7ffde9dd9000-7ffde9ddb000 r-xp 00000000 00:00 0                          [vdso]
ffffffffff600000-ffffffffff601000 r-xp 00000000 00:00 0                  [vsyscall]

VM Arguments:
jvm_args: -Dapplication.home=/usr/lib64/jvm/java-1.9.0-openjdk-1.9.0 --add-modules=ALL-DEFAULT -Xms8m -Djdk.module.main=jdk.compiler 
java_command: jdk.compiler/com.sun.tools.javac.Main -sourcepath . eu/exahype/solvers/UserDefinedFiniteVolumesinFortran.java
java_class_path (initial): <not set>
Launcher Type: SUN_STANDARD

Logging:
Log output configuration:
#0: stdout all=warning uptime,level,tags
#1: stderr all=off uptime,level,tags

Environment Variables:
JAVA_HOME=/usr/lib64/jvm/java
JRE_HOME=/usr/lib64/jvm/java/jre
PATH=/home/tobias/bin:/usr/local/bin:/usr/bin:/bin
SHELL=/bin/bash
DISPLAY=:0
HOSTTYPE=x86_64
OSTYPE=linux
MACHTYPE=x86_64-suse-linux

Signal Handlers:
SIGSEGV: [libjvm.so+0xc671c0], sa_mask[0]=11111111011111111101111111111110, sa_flags=SA_RESTART|SA_SIGINFO
SIGBUS: [libjvm.so+0xc671c0], sa_mask[0]=11111111011111111101111111111110, sa_flags=SA_RESTART|SA_SIGINFO
SIGFPE: [libjvm.so+0xc671c0], sa_mask[0]=11111111011111111101111111111110, sa_flags=SA_RESTART|SA_SIGINFO
SIGPIPE: [libjvm.so+0xa90bf0], sa_mask[0]=11111111011111111101111111111110, sa_flags=SA_RESTART|SA_SIGINFO
SIGXFSZ: [libjvm.so+0xa90bf0], sa_mask[0]=11111111011111111101111111111110, sa_flags=SA_RESTART|SA_SIGINFO
SIGILL: [libjvm.so+0xc671c0], sa_mask[0]=11111111011111111101111111111110, sa_flags=SA_RESTART|SA_SIGINFO
SIGUSR2: [libjvm.so+0xa90ab0], sa_mask[0]=00000000000000000000000000000000, sa_flags=SA_RESTART|SA_SIGINFO
SIGHUP: SIG_DFL, sa_mask[0]=00000000000000000000000000000000, sa_flags=none
SIGINT: SIG_DFL, sa_mask[0]=00000000000000000000000000000000, sa_flags=none
SIGTERM: SIG_DFL, sa_mask[0]=00000000000000000000000000000000, sa_flags=none
SIGQUIT: SIG_DFL, sa_mask[0]=00000000000000000000000000000000, sa_flags=none


---------------  S Y S T E M  ---------------

OS:NAME="openSUSE Tumbleweed"
# VERSION="20170430"
ID=opensuse
ID_LIKE="suse"
VERSION_ID="20170430"
PRETTY_NAME="openSUSE Tumbleweed"
ANSI_COLOR="0;32"
CPE_NAME="cpe:/o:opensuse:tumbleweed:20170430"
BUG_REPORT_URL="https://bugs.opensuse.org"
HOME_URL="https://www.opensuse.org/"
uname:Linux 4.10.12-1-default #1 SMP PREEMPT Fri Apr 21 11:50:25 UTC 2017 (3043bd9) x86_64
libc:glibc 2.25 NPTL 2.25 
rlimit: STACK 8192k, CORE 0k, NPROC 4096, NOFILE 4096, AS infinity
load average:1.75 0.92 0.55

/proc/meminfo:
MemTotal:       32821376 kB
MemFree:        27611292 kB
MemAvailable:   30772072 kB
Buffers:            2100 kB
Cached:          3382960 kB
SwapCached:            0 kB
Active:          2838420 kB
Inactive:        1799248 kB
Active(anon):    1231452 kB
Inactive(anon):    42824 kB
Active(file):    1606968 kB
Inactive(file):  1756424 kB
Unevictable:          80 kB
Mlocked:              80 kB
SwapTotal:       2103292 kB
SwapFree:        2103292 kB
Dirty:              1704 kB
Writeback:             0 kB
AnonPages:       1231924 kB
Mapped:           403436 kB
Shmem:             21964 kB
Slab:             373964 kB
SReclaimable:     263484 kB
SUnreclaim:       110480 kB
KernelStack:       13148 kB
PageTables:        49712 kB
NFS_Unstable:          0 kB
Bounce:                0 kB
WritebackTmp:          0 kB
CommitLimit:    18513980 kB
Committed_AS:    5232944 kB
VmallocTotal:   34359738367 kB
VmallocUsed:           0 kB
VmallocChunk:          0 kB
HardwareCorrupted:     0 kB
AnonHugePages:    673792 kB
ShmemHugePages:        0 kB
ShmemPmdMapped:        0 kB
HugePages_Total:       0
HugePages_Free:        0
HugePages_Rsvd:        0
HugePages_Surp:        0
Hugepagesize:       2048 kB
DirectMap4k:      181976 kB
DirectMap2M:     9129984 kB
DirectMap1G:    24117248 kB


CPU:total 8 (initial active 8) (4 cores per cpu, 2 threads per core) family 6 model 94 stepping 3, cmov, cx8, fxsr, mmx, sse, sse2, sse3, ssse3, sse4.1, sse4.2, popcnt, avx, avx2, aes, clmul, erms, rtm, 3dnowpref, lzcnt, ht, tsc, tscinvbit, bmi1, bmi2, adx, fma
CPU Model and flags from /proc/cpuinfo:
model name	: Intel(R) Core(TM) i7-6700 CPU @ 3.40GHz
flags		: fpu vme de pse tsc msr pae mce cx8 apic sep mtrr pge mca cmov pat pse36 clflush dts acpi mmx fxsr sse sse2 ss ht tm pbe syscall nx pdpe1gb rdtscp lm constant_tsc art arch_perfmon pebs bts rep_good nopl xtopology nonstop_tsc aperfmperf tsc_known_freq pni pclmulqdq dtes64 monitor ds_cpl vmx smx est tm2 ssse3 sdbg fma cx16 xtpr pdcm pcid sse4_1 sse4_2 x2apic movbe popcnt tsc_deadline_timer aes xsave avx f16c rdrand lahf_lm abm 3dnowprefetch intel_pt tpr_shadow vnmi flexpriority ept vpid fsgsbase tsc_adjust bmi1 hle avx2 smep bmi2 erms invpcid rtm mpx rdseed adx smap clflushopt xsaveopt xsavec xgetbv1 xsaves dtherm ida arat pln pts hwp hwp_notify hwp_act_window hwp_epp

Memory: 4k page, physical 32821376k(27611292k free), swap 2103292k(2103292k free)

vm_info: OpenJDK 64-Bit Server VM (9-internal+0-adhoc.abuild.jdk9-21b063d75b3e) for linux-amd64 JRE (9-internal+0-adhoc.abuild.jdk9-21b063d75b3e), built on Mar 31 2017 15:37:21 by "abuild" with gcc 6.3.1 20170202 [gcc-6-branch revision 245119]

END.
