#
# A fatal error has been detected by the Java Runtime Environment:
#
#  SIGBUS (0x7) at pc=0x00007f68564b0059, pid=7758, tid=7770
#
# JRE version:  (9.0) (build )
# Java VM: OpenJDK 64-Bit Server VM (9-internal+0-adhoc.abuild.jdk9-21b063d75b3e, mixed mode, tiered, compressed oops, g1 gc, linux-amd64)
# Problematic frame:
# V  [libjvm.so+0xae9059]  PerfMemory::alloc(unsigned long)+0x59
#
# Core dump will be written. Default location: Core dumps may be processed with "/usr/lib/systemd/systemd-coredump %P %u %g %s %t %c %e" (or dumping to /home/tobias/git/ExaHyPE-Engine/Toolkit/src/core.7758)
#
# If you would like to submit a bug report, please visit:
#   http://bugreport.java.com/bugreport/crash.jsp
#

---------------  S U M M A R Y ------------

Command Line: -Dapplication.home=/usr/lib64/jvm/java-1.9.0-openjdk-1.9.0 --add-modules=ALL-DEFAULT -Xms8m -Djdk.module.main=jdk.compiler jdk.compiler/com.sun.tools.javac.Main -sourcepath . eu/exahype/solvers/OptimisedFluxesLinearADER_DGinC.java

Host: Intel(R) Core(TM) i7-6700 CPU @ 3.40GHz, 8 cores, 31G, openSUSE Tumbleweed
Time: Wed May  3 10:47:40 2017 BST elapsed time: 0 seconds (0d 0h 0m 0s)

---------------  T H R E A D  ---------------

Current thread (0x00007f6850010000):  JavaThread "Unknown thread" [_thread_in_vm, id=7770, stack(0x00007f6857889000,0x00007f6857989000)]

Stack: [0x00007f6857889000,0x00007f6857989000],  sp=0x00007f6857987950,  free space=1018k
Native frames: (J=compiled Java code, A=aot compiled Java code, j=interpreted, Vv=VM code, C=native code)
V  [libjvm.so+0xae9059]  PerfMemory::alloc(unsigned long)+0x59
V  [libjvm.so+0xae67dc]  PerfByteArray::PerfByteArray(CounterNS, char const*, PerfData::Units, PerfData::Variability, int)+0x5c
V  [libjvm.so+0xae7d18]  PerfDataManager::create_string_variable(CounterNS, char const*, int, char const*, Thread*)+0x68
V  [libjvm.so+0x5964fc]  CollectedHeap::CollectedHeap()+0x27c
V  [libjvm.so+0x6cd0fc]  G1CollectedHeap::G1CollectedHeap(G1CollectorPolicy*)+0x1c
V  [libjvm.so+0xc2914b]  Universe::create_heap()+0x28b
V  [libjvm.so+0xc29545]  Universe::initialize_heap()+0x395
V  [libjvm.so+0xc29679]  universe_init()+0x49
V  [libjvm.so+0x79d6c7]  init_globals()+0x57
V  [libjvm.so+0xc0d28a]  Threads::create_vm(JavaVMInitArgs*, bool*)+0x3aa
V  [libjvm.so+0x7edc52]  JNI_CreateJavaVM+0x52
C  [libjli.so+0x3b74]  JavaMain+0x84
C  [libpthread.so.0+0x7537]  start_thread+0xd7


siginfo: si_signo: 7 (SIGBUS), si_code: 2 (BUS_ADRERR), si_addr: 0x00007f685788001c

Registers:
RAX=0x0000000000001138, RBX=0x00007f68578810c0, RCX=0x0000000000000001, RDX=0x00007f6857880000
RSP=0x00007f6857987950, RBP=0x00007f6857987970, RSI=0x00007f6850010000, RDI=0x00007f685000de70
R8 =0x000000000000fefc, R9 =0x0000000000000010, R10=0x0000000000000000, R11=0x0000000000000073
R12=0x0000000000000078, R13=0x00007f685000de70, R14=0x0000000000000025, R15=0x0000000000000051
RIP=0x00007f68564b0059, EFLAGS=0x0000000000010202, CSGSFS=0x002b000000000033, ERR=0x0000000000000007
  TRAPNO=0x000000000000000e

Top of Stack: (sp=0x00007f6857987950)
0x00007f6857987950:   00007f685001e720 00007f685001e720
0x00007f6857987960:   00007f685001e720 0000000000000078
0x00007f6857987970:   00007f68579879e0 00007f68564ad7dc
0x00007f6857987980:   00007f68579879a0 0000000000000038 

Instructions: (pc=0x00007f68564b0059)
0x00007f68564b0039:   04 23 48 3b 05 de b8 6e 00 73 3c 48 8b 15 b5 b8
0x00007f68564b0049:   6e 00 48 89 05 c6 b8 6e 00 48 2b 05 cf b8 6e 00
0x00007f68564b0059:   83 42 1c 01 89 42 08 4c 89 ef e8 f8 83 f7 ff 48
0x00007f68564b0069:   83 c4 08 48 89 d8 5b 41 5c 41 5d 5d c3 66 2e 0f 


---------------  P R O C E S S  ---------------

Java Threads: ( => current thread )

Other Threads:

[error occurred during error reporting (printing all threads), id 0x7]

VM state:not at safepoint (not fully initialized)

VM Mutex/Monitor currently owned by a thread:  ([mutex/lock_event])
[0x00007f685000de70] PerfDataMemAlloc_lock - owner thread: 0x00007f6850010000


[error occurred during error reporting (printing compressed oops mode), id 0x7]

Deoptimization events (0 events):
No events

Classes redefined (0 events):
No events

Internal exceptions (0 events):
No events

Events (0 events):
No events


Dynamic libraries:
00400000-00401000 r-xp 00000000 00:28 2823907                            /usr/lib64/jvm/java-1.9.0-openjdk-1.9.0/bin/javac
00600000-00601000 r--p 00000000 00:28 2823907                            /usr/lib64/jvm/java-1.9.0-openjdk-1.9.0/bin/javac
00601000-00602000 rw-p 00001000 00:28 2823907                            /usr/lib64/jvm/java-1.9.0-openjdk-1.9.0/bin/javac
01967000-01988000 rw-p 00000000 00:00 0                                  [heap]
7f6838746000-7f68389b6000 rwxp 00000000 00:00 0 
7f68389b6000-7f6838cd7000 ---p 00000000 00:00 0 
7f6838cd7000-7f6838f47000 rwxp 00000000 00:00 0 
7f6838f47000-7f684020e000 ---p 00000000 00:00 0 
7f684020e000-7f684047e000 rwxp 00000000 00:00 0 
7f684047e000-7f6847746000 ---p 00000000 00:00 0 
7f6847746000-7f6850000000 r--s 00000000 00:28 2823995                    /usr/lib64/jvm/java-1.9.0-openjdk-1.9.0/lib/modules
7f6850000000-7f6850037000 rw-p 00000000 00:00 0 
7f6850037000-7f6854000000 ---p 00000000 00:00 0 
7f68541ef000-7f68544f0000 rw-p 00000000 00:00 0 
7f68544f0000-7f68545d6000 ---p 00000000 00:00 0 
7f68545d6000-7f68545db000 rw-p 00000000 00:00 0 
7f68545db000-7f68546c1000 ---p 00000000 00:00 0 
7f68546c1000-7f68546c6000 r-xp 00000000 00:28 2823975                    /usr/lib64/jvm/java-1.9.0-openjdk-1.9.0/lib/libjimage.so
7f68546c6000-7f68548c5000 ---p 00005000 00:28 2823975                    /usr/lib64/jvm/java-1.9.0-openjdk-1.9.0/lib/libjimage.so
7f68548c5000-7f68548c6000 r--p 00004000 00:28 2823975                    /usr/lib64/jvm/java-1.9.0-openjdk-1.9.0/lib/libjimage.so
7f68548c6000-7f68548c7000 rw-p 00005000 00:28 2823975                    /usr/lib64/jvm/java-1.9.0-openjdk-1.9.0/lib/libjimage.so
7f68548c7000-7f68548ce000 r-xp 00000000 00:28 2823994                    /usr/lib64/jvm/java-1.9.0-openjdk-1.9.0/lib/libzip.so
7f68548ce000-7f6854acd000 ---p 00007000 00:28 2823994                    /usr/lib64/jvm/java-1.9.0-openjdk-1.9.0/lib/libzip.so
7f6854acd000-7f6854ace000 r--p 00006000 00:28 2823994                    /usr/lib64/jvm/java-1.9.0-openjdk-1.9.0/lib/libzip.so
7f6854ace000-7f6854acf000 rw-p 00007000 00:28 2823994                    /usr/lib64/jvm/java-1.9.0-openjdk-1.9.0/lib/libzip.so
7f6854acf000-7f6854afa000 r-xp 00000000 00:28 2823971                    /usr/lib64/jvm/java-1.9.0-openjdk-1.9.0/lib/libjava.so
7f6854afa000-7f6854cf9000 ---p 0002b000 00:28 2823971                    /usr/lib64/jvm/java-1.9.0-openjdk-1.9.0/lib/libjava.so
7f6854cf9000-7f6854cfa000 r--p 0002a000 00:28 2823971                    /usr/lib64/jvm/java-1.9.0-openjdk-1.9.0/lib/libjava.so
7f6854cfa000-7f6854cfc000 rw-p 0002b000 00:28 2823971                    /usr/lib64/jvm/java-1.9.0-openjdk-1.9.0/lib/libjava.so
7f6854cfc000-7f6854d09000 r-xp 00000000 00:28 2823993                    /usr/lib64/jvm/java-1.9.0-openjdk-1.9.0/lib/libverify.so
7f6854d09000-7f6854f08000 ---p 0000d000 00:28 2823993                    /usr/lib64/jvm/java-1.9.0-openjdk-1.9.0/lib/libverify.so
7f6854f08000-7f6854f0a000 r--p 0000c000 00:28 2823993                    /usr/lib64/jvm/java-1.9.0-openjdk-1.9.0/lib/libverify.so
7f6854f0a000-7f6854f0b000 rw-p 0000e000 00:28 2823993                    /usr/lib64/jvm/java-1.9.0-openjdk-1.9.0/lib/libverify.so
7f6854f0b000-7f6854f12000 r-xp 00000000 00:28 2870207                    /lib64/librt-2.25.so
7f6854f12000-7f6855111000 ---p 00007000 00:28 2870207                    /lib64/librt-2.25.so
7f6855111000-7f6855112000 r--p 00006000 00:28 2870207                    /lib64/librt-2.25.so
7f6855112000-7f6855113000 rw-p 00007000 00:28 2870207                    /lib64/librt-2.25.so
7f6855113000-7f6855129000 r-xp 00000000 00:28 2908769                    /lib64/libgcc_s.so.1
7f6855129000-7f6855329000 ---p 00016000 00:28 2908769                    /lib64/libgcc_s.so.1
7f6855329000-7f685532a000 r--p 00016000 00:28 2908769                    /lib64/libgcc_s.so.1
7f685532a000-7f685532b000 rw-p 00017000 00:28 2908769                    /lib64/libgcc_s.so.1
7f685532b000-7f685543d000 r-xp 00000000 00:28 2870181                    /lib64/libm-2.25.so
7f685543d000-7f685563c000 ---p 00112000 00:28 2870181                    /lib64/libm-2.25.so
7f685563c000-7f685563d000 r--p 00111000 00:28 2870181                    /lib64/libm-2.25.so
7f685563d000-7f685563e000 rw-p 00112000 00:28 2870181                    /lib64/libm-2.25.so
7f685563e000-7f68557b8000 r-xp 00000000 00:28 2925216                    /usr/lib64/libstdc++.so.6.0.23
7f68557b8000-7f68559b8000 ---p 0017a000 00:28 2925216                    /usr/lib64/libstdc++.so.6.0.23
7f68559b8000-7f68559c2000 r--p 0017a000 00:28 2925216                    /usr/lib64/libstdc++.so.6.0.23
7f68559c2000-7f68559c4000 rw-p 00184000 00:28 2925216                    /usr/lib64/libstdc++.so.6.0.23
7f68559c4000-7f68559c7000 rw-p 00000000 00:00 0 
7f68559c7000-7f685688a000 r-xp 00000000 00:28 2824003                    /usr/lib64/jvm/java-1.9.0-openjdk-1.9.0/lib/server/libjvm.so
7f685688a000-7f6856a8a000 ---p 00ec3000 00:28 2824003                    /usr/lib64/jvm/java-1.9.0-openjdk-1.9.0/lib/server/libjvm.so
7f6856a8a000-7f6856b41000 r--p 00ec3000 00:28 2824003                    /usr/lib64/jvm/java-1.9.0-openjdk-1.9.0/lib/server/libjvm.so
7f6856b41000-7f6856b76000 rw-p 00f7a000 00:28 2824003                    /usr/lib64/jvm/java-1.9.0-openjdk-1.9.0/lib/server/libjvm.so
7f6856b76000-7f6856bbf000 rw-p 00000000 00:00 0 
7f6856bbf000-7f6856bd8000 r-xp 00000000 00:28 2870203                    /lib64/libpthread-2.25.so
7f6856bd8000-7f6856dd7000 ---p 00019000 00:28 2870203                    /lib64/libpthread-2.25.so
7f6856dd7000-7f6856dd8000 r--p 00018000 00:28 2870203                    /lib64/libpthread-2.25.so
7f6856dd8000-7f6856dd9000 rw-p 00019000 00:28 2870203                    /lib64/libpthread-2.25.so
7f6856dd9000-7f6856ddd000 rw-p 00000000 00:00 0 
7f6856ddd000-7f6856de0000 r-xp 00000000 00:28 2870179                    /lib64/libdl-2.25.so
7f6856de0000-7f6856fdf000 ---p 00003000 00:28 2870179                    /lib64/libdl-2.25.so
7f6856fdf000-7f6856fe0000 r--p 00002000 00:28 2870179                    /lib64/libdl-2.25.so
7f6856fe0000-7f6856fe1000 rw-p 00003000 00:28 2870179                    /lib64/libdl-2.25.so
7f6856fe1000-7f6856ff6000 r-xp 00000000 00:28 2022758                    /lib64/libz.so.1.2.8
7f6856ff6000-7f68571f5000 ---p 00015000 00:28 2022758                    /lib64/libz.so.1.2.8
7f68571f5000-7f68571f6000 r--p 00014000 00:28 2022758                    /lib64/libz.so.1.2.8
7f68571f6000-7f68571f7000 rw-p 00015000 00:28 2022758                    /lib64/libz.so.1.2.8
7f68571f7000-7f6857393000 r-xp 00000000 00:28 2870173                    /lib64/libc-2.25.so
7f6857393000-7f6857592000 ---p 0019c000 00:28 2870173                    /lib64/libc-2.25.so
7f6857592000-7f6857596000 r--p 0019b000 00:28 2870173                    /lib64/libc-2.25.so
7f6857596000-7f6857598000 rw-p 0019f000 00:28 2870173                    /lib64/libc-2.25.so
7f6857598000-7f685759c000 rw-p 00000000 00:00 0 
7f685759c000-7f68575aa000 r-xp 00000000 00:28 2823957                    /usr/lib64/jvm/java-1.9.0-openjdk-1.9.0/lib/jli/libjli.so
7f68575aa000-7f68577a9000 ---p 0000e000 00:28 2823957                    /usr/lib64/jvm/java-1.9.0-openjdk-1.9.0/lib/jli/libjli.so
7f68577a9000-7f68577aa000 r--p 0000d000 00:28 2823957                    /usr/lib64/jvm/java-1.9.0-openjdk-1.9.0/lib/jli/libjli.so
7f68577aa000-7f68577ab000 rw-p 0000e000 00:28 2823957                    /usr/lib64/jvm/java-1.9.0-openjdk-1.9.0/lib/jli/libjli.so
7f68577ab000-7f68577cf000 r-xp 00000000 00:28 2870165                    /lib64/ld-2.25.so
7f6857874000-7f6857879000 rw-p 00000000 00:00 0 
7f6857879000-7f6857880000 ---p 00000000 00:00 0 
7f6857880000-7f6857888000 rw-s 00000000 00:2e 189741                     /tmp/hsperfdata_tobias/7758
7f6857888000-7f685788d000 ---p 00000000 00:00 0 
7f685788d000-7f685798e000 rw-p 00000000 00:00 0 
7f6857995000-7f68579ca000 r--s 00000000 00:28 1662062                    /var/lib/nscd/passwd
7f68579ca000-7f68579cb000 rw-p 00000000 00:00 0 
7f68579cb000-7f68579cc000 r--p 00000000 00:00 0 
7f68579cc000-7f68579ce000 rw-p 00000000 00:00 0 
7f68579ce000-7f68579cf000 r--p 00023000 00:28 2870165                    /lib64/ld-2.25.so
7f68579cf000-7f68579d1000 rw-p 00024000 00:28 2870165                    /lib64/ld-2.25.so
7ffdd9b00000-7ffdd9b21000 rw-p 00000000 00:00 0                          [stack]
7ffdd9b65000-7ffdd9b67000 r--p 00000000 00:00 0                          [vvar]
7ffdd9b67000-7ffdd9b69000 r-xp 00000000 00:00 0                          [vdso]
ffffffffff600000-ffffffffff601000 r-xp 00000000 00:00 0                  [vsyscall]

VM Arguments:
jvm_args: -Dapplication.home=/usr/lib64/jvm/java-1.9.0-openjdk-1.9.0 --add-modules=ALL-DEFAULT -Xms8m -Djdk.module.main=jdk.compiler 
java_command: jdk.compiler/com.sun.tools.javac.Main -sourcepath . eu/exahype/solvers/OptimisedFluxesLinearADER_DGinC.java
java_class_path (initial): <not set>
Launcher Type: SUN_STANDARD

Logging:
Log output configuration:
#0: stdout all=warning uptime,level,tags
#1: stderr all=off uptime,level,tags

Environment Variables:
JAVA_HOME=/usr/lib64/jvm/java
JRE_HOME=/usr/lib64/jvm/java/jre
PATH=/home/tobias/bin:/usr/local/bin:/usr/bin:/bin
SHELL=/bin/bash
DISPLAY=:0
HOSTTYPE=x86_64
OSTYPE=linux
MACHTYPE=x86_64-suse-linux

Signal Handlers:
SIGSEGV: [libjvm.so+0xc671c0], sa_mask[0]=11111111011111111101111111111110, sa_flags=SA_RESTART|SA_SIGINFO
SIGBUS: [libjvm.so+0xc671c0], sa_mask[0]=11111111011111111101111111111110, sa_flags=SA_RESTART|SA_SIGINFO
SIGFPE: [libjvm.so+0xc671c0], sa_mask[0]=11111111011111111101111111111110, sa_flags=SA_RESTART|SA_SIGINFO
SIGPIPE: [libjvm.so+0xa90bf0], sa_mask[0]=11111111011111111101111111111110, sa_flags=SA_RESTART|SA_SIGINFO
SIGXFSZ: [libjvm.so+0xa90bf0], sa_mask[0]=11111111011111111101111111111110, sa_flags=SA_RESTART|SA_SIGINFO
SIGILL: [libjvm.so+0xc671c0], sa_mask[0]=11111111011111111101111111111110, sa_flags=SA_RESTART|SA_SIGINFO
SIGUSR2: [libjvm.so+0xa90ab0], sa_mask[0]=00000000000000000000000000000000, sa_flags=SA_RESTART|SA_SIGINFO
SIGHUP: SIG_DFL, sa_mask[0]=00000000000000000000000000000000, sa_flags=none
SIGINT: SIG_DFL, sa_mask[0]=00000000000000000000000000000000, sa_flags=none
SIGTERM: SIG_DFL, sa_mask[0]=00000000000000000000000000000000, sa_flags=none
SIGQUIT: SIG_DFL, sa_mask[0]=00000000000000000000000000000000, sa_flags=none


---------------  S Y S T E M  ---------------

OS:NAME="openSUSE Tumbleweed"
# VERSION="20170430"
ID=opensuse
ID_LIKE="suse"
VERSION_ID="20170430"
PRETTY_NAME="openSUSE Tumbleweed"
ANSI_COLOR="0;32"
CPE_NAME="cpe:/o:opensuse:tumbleweed:20170430"
BUG_REPORT_URL="https://bugs.opensuse.org"
HOME_URL="https://www.opensuse.org/"
uname:Linux 4.10.12-1-default #1 SMP PREEMPT Fri Apr 21 11:50:25 UTC 2017 (3043bd9) x86_64
libc:glibc 2.25 NPTL 2.25 
rlimit: STACK 8192k, CORE 0k, NPROC 4096, NOFILE 4096, AS infinity
load average:0.69 0.47 0.37

/proc/meminfo:
MemTotal:       32821376 kB
MemFree:        26788624 kB
MemAvailable:   29916820 kB
Buffers:            2100 kB
Cached:          3359572 kB
SwapCached:            0 kB
Active:          3621840 kB
Inactive:        1835728 kB
Active(anon):    2055036 kB
Inactive(anon):    71240 kB
Active(file):    1566804 kB
Inactive(file):  1764488 kB
Unevictable:          80 kB
Mlocked:              80 kB
SwapTotal:       2103292 kB
SwapFree:        2103292 kB
Dirty:               976 kB
Writeback:             0 kB
AnonPages:       2075588 kB
Mapped:           438168 kB
Shmem:             30496 kB
Slab:             373212 kB
SReclaimable:     263000 kB
SUnreclaim:       110212 kB
KernelStack:       13112 kB
PageTables:        53004 kB
NFS_Unstable:          0 kB
Bounce:                0 kB
WritebackTmp:          0 kB
CommitLimit:    18513980 kB
Committed_AS:    5804464 kB
VmallocTotal:   34359738367 kB
VmallocUsed:           0 kB
VmallocChunk:          0 kB
HardwareCorrupted:     0 kB
AnonHugePages:   1191936 kB
ShmemHugePages:        0 kB
ShmemPmdMapped:        0 kB
HugePages_Total:       0
HugePages_Free:        0
HugePages_Rsvd:        0
HugePages_Surp:        0
Hugepagesize:       2048 kB
DirectMap4k:      181976 kB
DirectMap2M:     9129984 kB
DirectMap1G:    24117248 kB


CPU:total 8 (initial active 8) (4 cores per cpu, 2 threads per core) family 6 model 94 stepping 3, cmov, cx8, fxsr, mmx, sse, sse2, sse3, ssse3, sse4.1, sse4.2, popcnt, avx, avx2, aes, clmul, erms, rtm, 3dnowpref, lzcnt, ht, tsc, tscinvbit, bmi1, bmi2, adx, fma
CPU Model and flags from /proc/cpuinfo:
model name	: Intel(R) Core(TM) i7-6700 CPU @ 3.40GHz
flags		: fpu vme de pse tsc msr pae mce cx8 apic sep mtrr pge mca cmov pat pse36 clflush dts acpi mmx fxsr sse sse2 ss ht tm pbe syscall nx pdpe1gb rdtscp lm constant_tsc art arch_perfmon pebs bts rep_good nopl xtopology nonstop_tsc aperfmperf tsc_known_freq pni pclmulqdq dtes64 monitor ds_cpl vmx smx est tm2 ssse3 sdbg fma cx16 xtpr pdcm pcid sse4_1 sse4_2 x2apic movbe popcnt tsc_deadline_timer aes xsave avx f16c rdrand lahf_lm abm 3dnowprefetch intel_pt tpr_shadow vnmi flexpriority ept vpid fsgsbase tsc_adjust bmi1 hle avx2 smep bmi2 erms invpcid rtm mpx rdseed adx smap clflushopt xsaveopt xsavec xgetbv1 xsaves dtherm ida arat pln pts hwp hwp_notify hwp_act_window hwp_epp

Memory: 4k page, physical 32821376k(26788624k free), swap 2103292k(2103292k free)

vm_info: OpenJDK 64-Bit Server VM (9-internal+0-adhoc.abuild.jdk9-21b063d75b3e) for linux-amd64 JRE (9-internal+0-adhoc.abuild.jdk9-21b063d75b3e), built on Mar 31 2017 15:37:21 by "abuild" with gcc 6.3.1 20170202 [gcc-6-branch revision 245119]

END.
