#
# A fatal error has been detected by the Java Runtime Environment:
#
#  SIGBUS (0x7) at pc=0x00007f7ca15d3fd1, pid=8525, tid=8533
#
# JRE version:  (9.0) (build )
# Java VM: OpenJDK 64-Bit Server VM (9-internal+0-adhoc.abuild.jdk9-21b063d75b3e, mixed mode, tiered, compressed oops, g1 gc, linux-amd64)
# Problematic frame:
# C  [libc.so.6+0x96fd1]  __strcpy_sse2_unaligned+0x241
#
# Core dump will be written. Default location: Core dumps may be processed with "/usr/lib/systemd/systemd-coredump %P %u %g %s %t %c %e" (or dumping to /home/tobias/git/ExaHyPE-Engine/Toolkit/src/core.8525)
#
# If you would like to submit a bug report, please visit:
#   http://bugreport.java.com/bugreport/crash.jsp
#

---------------  S U M M A R Y ------------

Command Line: -Dapplication.home=/usr/lib64/jvm/java-1.9.0-openjdk-1.9.0 --add-modules=ALL-DEFAULT -Xms8m -Djdk.module.main=jdk.compiler jdk.compiler/com.sun.tools.javac.Main -sourcepath . eu/exahype/solvers/GenericADERDG.java

Host: Intel(R) Core(TM) i7-6700 CPU @ 3.40GHz, 8 cores, 31G, openSUSE Tumbleweed
Time: Wed May  3 10:49:05 2017 BST elapsed time: 0 seconds (0d 0h 0m 0s)

---------------  T H R E A D  ---------------

Current thread (0x00007f7c98010000):  JavaThread "Unknown thread" [_thread_in_vm, id=8533, stack(0x00007f7ca1bcf000,0x00007f7ca1ccf000)]

Stack: [0x00007f7ca1bcf000,0x00007f7ca1ccf000],  sp=0x00007f7ca1ccda98,  free space=1018k
Native frames: (J=compiled Java code, A=aot compiled Java code, j=interpreted, Vv=VM code, C=native code)
C  [libc.so.6+0x96fd1]  __strcpy_sse2_unaligned+0x241
V  [libjvm.so+0xa25732]  MetaspaceCounters::initialize_performance_counters()+0x102
V  [libjvm.so+0xc288de]  universe_post_init()+0x70e
V  [libjvm.so+0x79d73e]  init_globals()+0xce
V  [libjvm.so+0xc0d28a]  Threads::create_vm(JavaVMInitArgs*, bool*)+0x3aa
V  [libjvm.so+0x7edc52]  JNI_CreateJavaVM+0x52
C  [libjli.so+0x3b74]  JavaMain+0x84
C  [libpthread.so.0+0x7537]  start_thread+0xd7


siginfo: si_signo: 7 (SIGBUS), si_code: 2 (BUS_ADRERR), si_addr: 0x00007f7ca1bc8534

Register to memory mapping:

RAX=0x00007f7ca1bc8534 is an unknown value
RBX=0x00007f7c98106450 is an unknown value
RCX=0x0000000000000010 is an unknown value
RDX=0x0000000000000000 is an unknown value
RSP=0x00007f7ca1ccda98 is an unknown value
RBP=0x00007f7ca1ccdb10 is an unknown value
RSI=0x00007f7c98106490 is an unknown value
RDI=0x00007f7ca1bc8534 is an unknown value
R8 =0x000000000000fce1 is an unknown value
R9 =0x000000000000001c is an unknown value
R10=0x0000000000000000 is an unknown value
R11=0x0000000000000073 is an unknown value
R12=0x0000000000000038 is an unknown value
R13=0x0000000000000040 is an unknown value
R14=0x0000000000000000 is an unknown value
R15=0x00007f7ca1bc8520 is an unknown value


Registers:
RAX=0x00007f7ca1bc8534, RBX=0x00007f7c98106450, RCX=0x0000000000000010, RDX=0x0000000000000000
RSP=0x00007f7ca1ccda98, RBP=0x00007f7ca1ccdb10, RSI=0x00007f7c98106490, RDI=0x00007f7ca1bc8534
R8 =0x000000000000fce1, R9 =0x000000000000001c, R10=0x0000000000000000, R11=0x0000000000000073
R12=0x0000000000000038, R13=0x0000000000000040, R14=0x0000000000000000, R15=0x00007f7ca1bc8520
RIP=0x00007f7ca15d3fd1, EFLAGS=0x0000000000010246, CSGSFS=0x002b000000000033, ERR=0x0000000000000007
  TRAPNO=0x000000000000000e

Top of Stack: (sp=0x00007f7ca1ccda98)
0x00007f7ca1ccda98:   00007f7ca07f4abc 00007f7ca1ccdac0
0x00007f7ca1ccdaa8:   00007f7c98010000 00007f7ca1ccdad0
0x00007f7ca1ccdab8:   00007f7ca0851f6b 00007f7ca1ccdb10
0x00007f7ca1ccdac8:   0000000000000009 00007f7ca09fc1e0 

Instructions: (pc=0x00007f7ca15d3fd1)
0x00007f7ca15d3fb1:   ff e1 66 0f ef c0 f3 0f 6f 0e f3 0f 6f 56 10 66
0x00007f7ca15d3fc1:   0f 74 c1 66 0f d7 d0 48 85 d2 75 6b 66 0f 74 c2
0x00007f7ca15d3fd1:   f3 0f 7f 0f 66 0f d7 d0 48 85 d2 75 52 48 83 e6
0x00007f7ca15d3fe1:   f0 48 83 e1 0f e9 05 fe ff ff 0f 1f 44 00 00 48 


---------------  P R O C E S S  ---------------

Java Threads: ( => current thread )

Other Threads:
  0x00007f7c98025000 GCTaskThread "GC Thread#0" [stack: 0x00007f7c9e731000,0x00007f7c9e831000] [id=8575]
  0x00007f7c98026800 GCTaskThread "GC Thread#1" [stack: 0x00007f7c9e630000,0x00007f7c9e730000] [id=8585]
  0x00007f7c98028800 GCTaskThread "GC Thread#2" [stack: 0x00007f7c9e52f000,0x00007f7c9e62f000] [id=8588]
  0x00007f7c9802a000 GCTaskThread "GC Thread#3" [stack: 0x00007f7c9e42e000,0x00007f7c9e52e000] [id=8593]
  0x00007f7c9802c000 GCTaskThread "GC Thread#4" [stack: 0x00007f7c9e32d000,0x00007f7c9e42d000] [id=8596]
  0x00007f7c9802d800 GCTaskThread "GC Thread#5" [stack: 0x00007f7c9e22c000,0x00007f7c9e32c000] [id=8598]
  0x00007f7c9802f000 GCTaskThread "GC Thread#6" [stack: 0x00007f7c9e12b000,0x00007f7c9e22b000] [id=8600]
  0x00007f7c98031000 GCTaskThread "GC Thread#7" [stack: 0x00007f7c9e02a000,0x00007f7c9e12a000] [id=8602]
  0x00007f7c9808b000 ConcurrentGCThread "G1 Main Marker" [stack: 0x00007f7c9cb18000,0x00007f7c9cc18000] [id=8651]
  0x00007f7c9808c800 ConcurrentGCThread "G1 Marker#0" [stack: 0x00007f7c9ca17000,0x00007f7c9cb17000] [id=8653]
  0x00007f7c9808e800 ConcurrentGCThread "G1 Marker#1" [stack: 0x00007f7c9c916000,0x00007f7c9ca16000] [id=8654]
  0x00007f7c9803f800 ConcurrentGCThread "G1 Refine#0" [stack: 0x00007f7c9d01a000,0x00007f7c9d11a000] [id=8633]
  0x00007f7c9803d800 ConcurrentGCThread "G1 Refine#1" [stack: 0x00007f7c9d11b000,0x00007f7c9d21b000] [id=8630]
  0x00007f7c9803c000 ConcurrentGCThread "G1 Refine#2" [stack: 0x00007f7c9d21c000,0x00007f7c9d31c000] [id=8625]
  0x00007f7c9803a000 ConcurrentGCThread "G1 Refine#3" [stack: 0x00007f7c9d31d000,0x00007f7c9d41d000] [id=8620]
  0x00007f7c98038800 ConcurrentGCThread "G1 Refine#4" [stack: 0x00007f7c9d41e000,0x00007f7c9d51e000] [id=8616]
  0x00007f7c98036800 ConcurrentGCThread "G1 Refine#5" [stack: 0x00007f7c9d51f000,0x00007f7c9d61f000] [id=8613]
  0x00007f7c98035000 ConcurrentGCThread "G1 Refine#6" [stack: 0x00007f7c9d620000,0x00007f7c9d720000] [id=8609]
  0x00007f7c98033000 ConcurrentGCThread "G1 Refine#7" [stack: 0x00007f7c9d721000,0x00007f7c9d821000] [id=8606]
  0x00007f7c98041000 ConcurrentGCThread "G1 Young RemSet Sampling" [stack: 0x00007f7c9cf19000,0x00007f7c9d019000] [id=8636]

=>0x00007f7c98010000 (exited) JavaThread "Unknown thread" [_thread_in_vm, id=8533, stack(0x00007f7ca1bcf000,0x00007f7ca1ccf000)]

Threads with active compile tasks:

VM state:not at safepoint (normal execution)

VM Mutex/Monitor currently owned by a thread: None

Heap address: 0x00000005cb200000, size: 8014 MB, Compressed Oops mode: Zero based, Oop shift amount: 3
Narrow klass base: 0x0000000000000000, Narrow klass shift: 3
Compressed class space size: 1073741824 Address: 0x00000007c0000000

Heap:
 garbage-first heap   total 8192K, used 0K [0x00000005cb200000, 0x00000005cb300040, 0x00000007c0000000)
  region size 1024K, 1 young (1024K), 0 survivors (0K)
 Metaspace       used 1107K, capacity 4480K, committed 4480K, reserved 1056768K
  class space    used 80K, capacity 384K, committed 384K, reserved 1048576K
Heap Regions: E=young(eden), S=young(survivor), O=old, HS=humongous(starts), HC=humongous(continues), CS=collection set, F=free, A=archive, TS=gc time stamp, AC=allocation context, TAMS=top-at-mark-start (previous, next)
|   0|0x00000005cb200000, 0x00000005cb200000, 0x00000005cb300000|  0%| F|  |TS  0|AC  0|TAMS 0x00000005cb200000, 0x00000005cb200000|
|   1|0x00000005cb300000, 0x00000005cb300000, 0x00000005cb400000|  0%| F|  |TS  0|AC  0|TAMS 0x00000005cb300000, 0x00000005cb300000|
|   2|0x00000005cb400000, 0x00000005cb400000, 0x00000005cb500000|  0%| F|  |TS  0|AC  0|TAMS 0x00000005cb400000, 0x00000005cb400000|
|   3|0x00000005cb500000, 0x00000005cb500000, 0x00000005cb600000|  0%| F|  |TS  0|AC  0|TAMS 0x00000005cb500000, 0x00000005cb500000|
|   4|0x00000005cb600000, 0x00000005cb600000, 0x00000005cb700000|  0%| F|  |TS  0|AC  0|TAMS 0x00000005cb600000, 0x00000005cb600000|
|   5|0x00000005cb700000, 0x00000005cb700000, 0x00000005cb800000|  0%| F|  |TS  0|AC  0|TAMS 0x00000005cb700000, 0x00000005cb700000|
|   6|0x00000005cb800000, 0x00000005cb800000, 0x00000005cb900000|  0%| F|  |TS  0|AC  0|TAMS 0x00000005cb800000, 0x00000005cb800000|
|   7|0x00000005cb900000, 0x00000005cb90f5d0, 0x00000005cba00000|  6%| E|  |TS  0|AC  0|TAMS 0x00000005cb900000, 0x00000005cb900000|

Card table byte_map: [0x00007f7c3910b000,0x00007f7c3a0b2000] byte_map_base: 0x00007f7c362b2000

Marking Bits (Prev, Next): (CMBitMap*) 0x00007f7c98089fb0, (CMBitMap*) 0x00007f7c98089fe8
 Prev Bits: [0x00007f7c3042c000, 0x00007f7c38164000)
 Next Bits: [0x00007f7c286f4000, 0x00007f7c3042c000)

Polling page: 0x00007f7ca1d11000

CodeHeap 'non-profiled nmethods': size=120032Kb used=0Kb max_used=0Kb free=120032Kb
 bounds [0x00007f7c8820e000, 0x00007f7c8847e000, 0x00007f7c8f746000]
CodeHeap 'profiled nmethods': size=120028Kb used=0Kb max_used=0Kb free=120028Kb
 bounds [0x00007f7c80cd7000, 0x00007f7c80f47000, 0x00007f7c8820e000]
CodeHeap 'non-nmethods': size=5700Kb used=359Kb max_used=359Kb free=5340Kb
 bounds [0x00007f7c80746000, 0x00007f7c809b6000, 0x00007f7c80cd7000]
 total_blobs=79 nmethods=0 adapters=47
 compilation: enabled

Compilation events (0 events):
No events

GC Heap History (0 events):
No events

Deoptimization events (0 events):
No events

Classes redefined (0 events):
No events

Internal exceptions (0 events):
No events

Events (10 events):
Event: 0.014 loading class java/lang/Short
Event: 0.014 loading class java/lang/Short done
Event: 0.014 loading class java/lang/Integer
Event: 0.014 loading class java/lang/Integer done
Event: 0.014 loading class java/lang/Long
Event: 0.014 loading class java/lang/Long done
Event: 0.015 loading class java/lang/NullPointerException
Event: 0.015 loading class java/lang/NullPointerException done
Event: 0.015 loading class java/lang/ArithmeticException
Event: 0.015 loading class java/lang/ArithmeticException done


Dynamic libraries:
00400000-00401000 r-xp 00000000 00:28 2823907                            /usr/lib64/jvm/java-1.9.0-openjdk-1.9.0/bin/javac
00600000-00601000 r--p 00000000 00:28 2823907                            /usr/lib64/jvm/java-1.9.0-openjdk-1.9.0/bin/javac
00601000-00602000 rw-p 00001000 00:28 2823907                            /usr/lib64/jvm/java-1.9.0-openjdk-1.9.0/bin/javac
00cad000-00cce000 rw-p 00000000 00:00 0                                  [heap]
5cb200000-5cba00000 rw-p 00000000 00:00 0 
5cba00000-7c0000000 ---p 00000000 00:00 0 
7c0000000-7c0060000 rw-p 00000000 00:00 0 
7c0060000-800000000 ---p 00000000 00:00 0 
7f7c19800000-7f7c19c00000 rw-p 00000000 00:00 0 
7f7c19c00000-7f7c1a000000 ---p 00000000 00:00 0 
7f7c1a000000-7f7c1c000000 rwxp 00000000 00:00 0 
7f7c1c000000-7f7c1c021000 rw-p 00000000 00:00 0 
7f7c1c021000-7f7c20000000 ---p 00000000 00:00 0 
7f7c20000000-7f7c20021000 rw-p 00000000 00:00 0 
7f7c20021000-7f7c24000000 ---p 00000000 00:00 0 
7f7c24000000-7f7c24021000 rw-p 00000000 00:00 0 
7f7c24021000-7f7c28000000 ---p 00000000 00:00 0 
7f7c286f4000-7f7c28714000 rw-p 00000000 00:00 0 
7f7c28714000-7f7c3042c000 ---p 00000000 00:00 0 
7f7c3042c000-7f7c3044c000 rw-p 00000000 00:00 0 
7f7c3044c000-7f7c38164000 ---p 00000000 00:00 0 
7f7c38164000-7f7c38168000 rw-p 00000000 00:00 0 
7f7c38168000-7f7c3910b000 ---p 00000000 00:00 0 
7f7c3910b000-7f7c3910f000 rw-p 00000000 00:00 0 
7f7c3910f000-7f7c3b059000 ---p 00000000 00:00 0 
7f7c3b059000-7f7c3b05d000 rw-p 00000000 00:00 0 
7f7c3b05d000-7f7c3c000000 ---p 00000000 00:00 0 
7f7c3c000000-7f7c3c021000 rw-p 00000000 00:00 0 
7f7c3c021000-7f7c40000000 ---p 00000000 00:00 0 
7f7c40000000-7f7c40021000 rw-p 00000000 00:00 0 
7f7c40021000-7f7c44000000 ---p 00000000 00:00 0 
7f7c44000000-7f7c44021000 rw-p 00000000 00:00 0 
7f7c44021000-7f7c48000000 ---p 00000000 00:00 0 
7f7c48000000-7f7c48021000 rw-p 00000000 00:00 0 
7f7c48021000-7f7c4c000000 ---p 00000000 00:00 0 
7f7c4c000000-7f7c4c021000 rw-p 00000000 00:00 0 
7f7c4c021000-7f7c50000000 ---p 00000000 00:00 0 
7f7c50000000-7f7c50021000 rw-p 00000000 00:00 0 
7f7c50021000-7f7c54000000 ---p 00000000 00:00 0 
7f7c54000000-7f7c54021000 rw-p 00000000 00:00 0 
7f7c54021000-7f7c58000000 ---p 00000000 00:00 0 
7f7c58000000-7f7c58021000 rw-p 00000000 00:00 0 
7f7c58021000-7f7c5c000000 ---p 00000000 00:00 0 
7f7c5c000000-7f7c5c021000 rw-p 00000000 00:00 0 
7f7c5c021000-7f7c60000000 ---p 00000000 00:00 0 
7f7c60000000-7f7c60021000 rw-p 00000000 00:00 0 
7f7c60021000-7f7c64000000 ---p 00000000 00:00 0 
7f7c64000000-7f7c64021000 rw-p 00000000 00:00 0 
7f7c64021000-7f7c68000000 ---p 00000000 00:00 0 
7f7c68000000-7f7c68021000 rw-p 00000000 00:00 0 
7f7c68021000-7f7c6c000000 ---p 00000000 00:00 0 
7f7c6c000000-7f7c6c021000 rw-p 00000000 00:00 0 
7f7c6c021000-7f7c70000000 ---p 00000000 00:00 0 
7f7c70000000-7f7c70021000 rw-p 00000000 00:00 0 
7f7c70021000-7f7c74000000 ---p 00000000 00:00 0 
7f7c74000000-7f7c74021000 rw-p 00000000 00:00 0 
7f7c74021000-7f7c78000000 ---p 00000000 00:00 0 
7f7c78000000-7f7c78021000 rw-p 00000000 00:00 0 
7f7c78021000-7f7c7c000000 ---p 00000000 00:00 0 
7f7c7c000000-7f7c7c021000 rw-p 00000000 00:00 0 
7f7c7c021000-7f7c80000000 ---p 00000000 00:00 0 
7f7c8044a000-7f7c80746000 rw-p 00000000 00:00 0 
7f7c80746000-7f7c809b6000 rwxp 00000000 00:00 0 
7f7c809b6000-7f7c80cd7000 ---p 00000000 00:00 0 
7f7c80cd7000-7f7c80f47000 rwxp 00000000 00:00 0 
7f7c80f47000-7f7c8820e000 ---p 00000000 00:00 0 
7f7c8820e000-7f7c8847e000 rwxp 00000000 00:00 0 
7f7c8847e000-7f7c8f746000 ---p 00000000 00:00 0 
7f7c8f746000-7f7c98000000 r--s 00000000 00:28 2823995                    /usr/lib64/jvm/java-1.9.0-openjdk-1.9.0/lib/modules
7f7c98000000-7f7c98147000 rw-p 00000000 00:00 0 
7f7c98147000-7f7c9c000000 ---p 00000000 00:00 0 
7f7c9c03c000-7f7c9c915000 rw-p 00000000 00:00 0 
7f7c9c915000-7f7c9c916000 ---p 00000000 00:00 0 
7f7c9c916000-7f7c9ca16000 rw-p 00000000 00:00 0 
7f7c9ca16000-7f7c9ca17000 ---p 00000000 00:00 0 
7f7c9ca17000-7f7c9cb17000 rw-p 00000000 00:00 0 
7f7c9cb17000-7f7c9cb18000 ---p 00000000 00:00 0 
7f7c9cb18000-7f7c9cf18000 rw-p 00000000 00:00 0 
7f7c9cf18000-7f7c9cf19000 ---p 00000000 00:00 0 
7f7c9cf19000-7f7c9d019000 rw-p 00000000 00:00 0 
7f7c9d019000-7f7c9d01a000 ---p 00000000 00:00 0 
7f7c9d01a000-7f7c9d11a000 rw-p 00000000 00:00 0 
7f7c9d11a000-7f7c9d11b000 ---p 00000000 00:00 0 
7f7c9d11b000-7f7c9d21b000 rw-p 00000000 00:00 0 
7f7c9d21b000-7f7c9d21c000 ---p 00000000 00:00 0 
7f7c9d21c000-7f7c9d31c000 rw-p 00000000 00:00 0 
7f7c9d31c000-7f7c9d31d000 ---p 00000000 00:00 0 
7f7c9d31d000-7f7c9d41d000 rw-p 00000000 00:00 0 
7f7c9d41d000-7f7c9d41e000 ---p 00000000 00:00 0 
7f7c9d41e000-7f7c9d51e000 rw-p 00000000 00:00 0 
7f7c9d51e000-7f7c9d51f000 ---p 00000000 00:00 0 
7f7c9d51f000-7f7c9d61f000 rw-p 00000000 00:00 0 
7f7c9d61f000-7f7c9d620000 ---p 00000000 00:00 0 
7f7c9d620000-7f7c9d720000 rw-p 00000000 00:00 0 
7f7c9d720000-7f7c9d721000 ---p 00000000 00:00 0 
7f7c9d721000-7f7c9e029000 rw-p 00000000 00:00 0 
7f7c9e029000-7f7c9e02a000 ---p 00000000 00:00 0 
7f7c9e02a000-7f7c9e12a000 rw-p 00000000 00:00 0 
7f7c9e12a000-7f7c9e12b000 ---p 00000000 00:00 0 
7f7c9e12b000-7f7c9e22b000 rw-p 00000000 00:00 0 
7f7c9e22b000-7f7c9e22c000 ---p 00000000 00:00 0 
7f7c9e22c000-7f7c9e32c000 rw-p 00000000 00:00 0 
7f7c9e32c000-7f7c9e32d000 ---p 00000000 00:00 0 
7f7c9e32d000-7f7c9e42d000 rw-p 00000000 00:00 0 
7f7c9e42d000-7f7c9e42e000 ---p 00000000 00:00 0 
7f7c9e42e000-7f7c9e52e000 rw-p 00000000 00:00 0 
7f7c9e52e000-7f7c9e52f000 ---p 00000000 00:00 0 
7f7c9e52f000-7f7c9e62f000 rw-p 00000000 00:00 0 
7f7c9e62f000-7f7c9e630000 ---p 00000000 00:00 0 
7f7c9e630000-7f7c9e730000 rw-p 00000000 00:00 0 
7f7c9e730000-7f7c9e731000 ---p 00000000 00:00 0 
7f7c9e731000-7f7c9e836000 rw-p 00000000 00:00 0 
7f7c9e836000-7f7c9e91c000 ---p 00000000 00:00 0 
7f7c9e91c000-7f7c9e921000 rw-p 00000000 00:00 0 
7f7c9e921000-7f7c9ea07000 ---p 00000000 00:00 0 
7f7c9ea07000-7f7c9ea0c000 r-xp 00000000 00:28 2823975                    /usr/lib64/jvm/java-1.9.0-openjdk-1.9.0/lib/libjimage.so
7f7c9ea0c000-7f7c9ec0b000 ---p 00005000 00:28 2823975                    /usr/lib64/jvm/java-1.9.0-openjdk-1.9.0/lib/libjimage.so
7f7c9ec0b000-7f7c9ec0c000 r--p 00004000 00:28 2823975                    /usr/lib64/jvm/java-1.9.0-openjdk-1.9.0/lib/libjimage.so
7f7c9ec0c000-7f7c9ec0d000 rw-p 00005000 00:28 2823975                    /usr/lib64/jvm/java-1.9.0-openjdk-1.9.0/lib/libjimage.so
7f7c9ec0d000-7f7c9ec14000 r-xp 00000000 00:28 2823994                    /usr/lib64/jvm/java-1.9.0-openjdk-1.9.0/lib/libzip.so
7f7c9ec14000-7f7c9ee13000 ---p 00007000 00:28 2823994                    /usr/lib64/jvm/java-1.9.0-openjdk-1.9.0/lib/libzip.so
7f7c9ee13000-7f7c9ee14000 r--p 00006000 00:28 2823994                    /usr/lib64/jvm/java-1.9.0-openjdk-1.9.0/lib/libzip.so
7f7c9ee14000-7f7c9ee15000 rw-p 00007000 00:28 2823994                    /usr/lib64/jvm/java-1.9.0-openjdk-1.9.0/lib/libzip.so
7f7c9ee15000-7f7c9ee40000 r-xp 00000000 00:28 2823971                    /usr/lib64/jvm/java-1.9.0-openjdk-1.9.0/lib/libjava.so
7f7c9ee40000-7f7c9f03f000 ---p 0002b000 00:28 2823971                    /usr/lib64/jvm/java-1.9.0-openjdk-1.9.0/lib/libjava.so
7f7c9f03f000-7f7c9f040000 r--p 0002a000 00:28 2823971                    /usr/lib64/jvm/java-1.9.0-openjdk-1.9.0/lib/libjava.so
7f7c9f040000-7f7c9f042000 rw-p 0002b000 00:28 2823971                    /usr/lib64/jvm/java-1.9.0-openjdk-1.9.0/lib/libjava.so
7f7c9f042000-7f7c9f04f000 r-xp 00000000 00:28 2823993                    /usr/lib64/jvm/java-1.9.0-openjdk-1.9.0/lib/libverify.so
7f7c9f04f000-7f7c9f24e000 ---p 0000d000 00:28 2823993                    /usr/lib64/jvm/java-1.9.0-openjdk-1.9.0/lib/libverify.so
7f7c9f24e000-7f7c9f250000 r--p 0000c000 00:28 2823993                    /usr/lib64/jvm/java-1.9.0-openjdk-1.9.0/lib/libverify.so
7f7c9f250000-7f7c9f251000 rw-p 0000e000 00:28 2823993                    /usr/lib64/jvm/java-1.9.0-openjdk-1.9.0/lib/libverify.so
7f7c9f251000-7f7c9f258000 r-xp 00000000 00:28 2870207                    /lib64/librt-2.25.so
7f7c9f258000-7f7c9f457000 ---p 00007000 00:28 2870207                    /lib64/librt-2.25.so
7f7c9f457000-7f7c9f458000 r--p 00006000 00:28 2870207                    /lib64/librt-2.25.so
7f7c9f458000-7f7c9f459000 rw-p 00007000 00:28 2870207                    /lib64/librt-2.25.so
7f7c9f459000-7f7c9f46f000 r-xp 00000000 00:28 2908769                    /lib64/libgcc_s.so.1
7f7c9f46f000-7f7c9f66f000 ---p 00016000 00:28 2908769                    /lib64/libgcc_s.so.1
7f7c9f66f000-7f7c9f670000 r--p 00016000 00:28 2908769                    /lib64/libgcc_s.so.1
7f7c9f670000-7f7c9f671000 rw-p 00017000 00:28 2908769                    /lib64/libgcc_s.so.1
7f7c9f671000-7f7c9f783000 r-xp 00000000 00:28 2870181                    /lib64/libm-2.25.so
7f7c9f783000-7f7c9f982000 ---p 00112000 00:28 2870181                    /lib64/libm-2.25.so
7f7c9f982000-7f7c9f983000 r--p 00111000 00:28 2870181                    /lib64/libm-2.25.so
7f7c9f983000-7f7c9f984000 rw-p 00112000 00:28 2870181                    /lib64/libm-2.25.so
7f7c9f984000-7f7c9fafe000 r-xp 00000000 00:28 2925216                    /usr/lib64/libstdc++.so.6.0.23
7f7c9fafe000-7f7c9fcfe000 ---p 0017a000 00:28 2925216                    /usr/lib64/libstdc++.so.6.0.23
7f7c9fcfe000-7f7c9fd08000 r--p 0017a000 00:28 2925216                    /usr/lib64/libstdc++.so.6.0.23
7f7c9fd08000-7f7c9fd0a000 rw-p 00184000 00:28 2925216                    /usr/lib64/libstdc++.so.6.0.23
7f7c9fd0a000-7f7c9fd0d000 rw-p 00000000 00:00 0 
7f7c9fd0d000-7f7ca0bd0000 r-xp 00000000 00:28 2824003                    /usr/lib64/jvm/java-1.9.0-openjdk-1.9.0/lib/server/libjvm.so
7f7ca0bd0000-7f7ca0dd0000 ---p 00ec3000 00:28 2824003                    /usr/lib64/jvm/java-1.9.0-openjdk-1.9.0/lib/server/libjvm.so
7f7ca0dd0000-7f7ca0e87000 r--p 00ec3000 00:28 2824003                    /usr/lib64/jvm/java-1.9.0-openjdk-1.9.0/lib/server/libjvm.so
7f7ca0e87000-7f7ca0ebc000 rw-p 00f7a000 00:28 2824003                    /usr/lib64/jvm/java-1.9.0-openjdk-1.9.0/lib/server/libjvm.so
7f7ca0ebc000-7f7ca0f05000 rw-p 00000000 00:00 0 
7f7ca0f05000-7f7ca0f1e000 r-xp 00000000 00:28 2870203                    /lib64/libpthread-2.25.so
7f7ca0f1e000-7f7ca111d000 ---p 00019000 00:28 2870203                    /lib64/libpthread-2.25.so
7f7ca111d000-7f7ca111e000 r--p 00018000 00:28 2870203                    /lib64/libpthread-2.25.so
7f7ca111e000-7f7ca111f000 rw-p 00019000 00:28 2870203                    /lib64/libpthread-2.25.so
7f7ca111f000-7f7ca1123000 rw-p 00000000 00:00 0 
7f7ca1123000-7f7ca1126000 r-xp 00000000 00:28 2870179                    /lib64/libdl-2.25.so
7f7ca1126000-7f7ca1325000 ---p 00003000 00:28 2870179                    /lib64/libdl-2.25.so
7f7ca1325000-7f7ca1326000 r--p 00002000 00:28 2870179                    /lib64/libdl-2.25.so
7f7ca1326000-7f7ca1327000 rw-p 00003000 00:28 2870179                    /lib64/libdl-2.25.so
7f7ca1327000-7f7ca133c000 r-xp 00000000 00:28 2022758                    /lib64/libz.so.1.2.8
7f7ca133c000-7f7ca153b000 ---p 00015000 00:28 2022758                    /lib64/libz.so.1.2.8
7f7ca153b000-7f7ca153c000 r--p 00014000 00:28 2022758                    /lib64/libz.so.1.2.8
7f7ca153c000-7f7ca153d000 rw-p 00015000 00:28 2022758                    /lib64/libz.so.1.2.8
7f7ca153d000-7f7ca16d9000 r-xp 00000000 00:28 2870173                    /lib64/libc-2.25.so
7f7ca16d9000-7f7ca18d8000 ---p 0019c000 00:28 2870173                    /lib64/libc-2.25.so
7f7ca18d8000-7f7ca18dc000 r--p 0019b000 00:28 2870173                    /lib64/libc-2.25.so
7f7ca18dc000-7f7ca18de000 rw-p 0019f000 00:28 2870173                    /lib64/libc-2.25.so
7f7ca18de000-7f7ca18e2000 rw-p 00000000 00:00 0 
7f7ca18e2000-7f7ca18f0000 r-xp 00000000 00:28 2823957                    /usr/lib64/jvm/java-1.9.0-openjdk-1.9.0/lib/jli/libjli.so
7f7ca18f0000-7f7ca1aef000 ---p 0000e000 00:28 2823957                    /usr/lib64/jvm/java-1.9.0-openjdk-1.9.0/lib/jli/libjli.so
7f7ca1aef000-7f7ca1af0000 r--p 0000d000 00:28 2823957                    /usr/lib64/jvm/java-1.9.0-openjdk-1.9.0/lib/jli/libjli.so
7f7ca1af0000-7f7ca1af1000 rw-p 0000e000 00:28 2823957                    /usr/lib64/jvm/java-1.9.0-openjdk-1.9.0/lib/jli/libjli.so
7f7ca1af1000-7f7ca1b15000 r-xp 00000000 00:28 2870165                    /lib64/ld-2.25.so
7f7ca1b2e000-7f7ca1bbf000 rw-p 00000000 00:00 0 
7f7ca1bbf000-7f7ca1bc6000 ---p 00000000 00:00 0 
7f7ca1bc6000-7f7ca1bce000 rw-s 00000000 00:2e 189787                     /tmp/hsperfdata_tobias/8525
7f7ca1bce000-7f7ca1bd3000 ---p 00000000 00:00 0 
7f7ca1bd3000-7f7ca1cd4000 rw-p 00000000 00:00 0 
7f7ca1cda000-7f7ca1cdb000 rw-p 00000000 00:00 0 
7f7ca1cdb000-7f7ca1d10000 r--s 00000000 00:28 1662062                    /var/lib/nscd/passwd
7f7ca1d10000-7f7ca1d11000 rw-p 00000000 00:00 0 
7f7ca1d11000-7f7ca1d12000 r--p 00000000 00:00 0 
7f7ca1d12000-7f7ca1d14000 rw-p 00000000 00:00 0 
7f7ca1d14000-7f7ca1d15000 r--p 00023000 00:28 2870165                    /lib64/ld-2.25.so
7f7ca1d15000-7f7ca1d17000 rw-p 00024000 00:28 2870165                    /lib64/ld-2.25.so
7ffc9f99d000-7ffc9f9be000 rw-p 00000000 00:00 0                          [stack]
7ffc9f9dc000-7ffc9f9de000 r--p 00000000 00:00 0                          [vvar]
7ffc9f9de000-7ffc9f9e0000 r-xp 00000000 00:00 0                          [vdso]
ffffffffff600000-ffffffffff601000 r-xp 00000000 00:00 0                  [vsyscall]

VM Arguments:
jvm_args: -Dapplication.home=/usr/lib64/jvm/java-1.9.0-openjdk-1.9.0 --add-modules=ALL-DEFAULT -Xms8m -Djdk.module.main=jdk.compiler 
java_command: jdk.compiler/com.sun.tools.javac.Main -sourcepath . eu/exahype/solvers/GenericADERDG.java
java_class_path (initial): <not set>
Launcher Type: SUN_STANDARD

Logging:
Log output configuration:
#0: stdout all=warning uptime,level,tags
#1: stderr all=off uptime,level,tags

Environment Variables:
JAVA_HOME=/usr/lib64/jvm/java
JRE_HOME=/usr/lib64/jvm/java/jre
PATH=/home/tobias/bin:/usr/local/bin:/usr/bin:/bin
SHELL=/bin/bash
DISPLAY=:0
HOSTTYPE=x86_64
OSTYPE=linux
MACHTYPE=x86_64-suse-linux

Signal Handlers:
SIGSEGV: [libjvm.so+0xc671c0], sa_mask[0]=11111111011111111101111111111110, sa_flags=SA_RESTART|SA_SIGINFO
SIGBUS: [libjvm.so+0xc671c0], sa_mask[0]=11111111011111111101111111111110, sa_flags=SA_RESTART|SA_SIGINFO
SIGFPE: [libjvm.so+0xc671c0], sa_mask[0]=11111111011111111101111111111110, sa_flags=SA_RESTART|SA_SIGINFO
SIGPIPE: [libjvm.so+0xa90bf0], sa_mask[0]=11111111011111111101111111111110, sa_flags=SA_RESTART|SA_SIGINFO
SIGXFSZ: [libjvm.so+0xa90bf0], sa_mask[0]=11111111011111111101111111111110, sa_flags=SA_RESTART|SA_SIGINFO
SIGILL: [libjvm.so+0xc671c0], sa_mask[0]=11111111011111111101111111111110, sa_flags=SA_RESTART|SA_SIGINFO
SIGUSR2: [libjvm.so+0xa90ab0], sa_mask[0]=00000000000000000000000000000000, sa_flags=SA_RESTART|SA_SIGINFO
SIGHUP: SIG_DFL, sa_mask[0]=00000000000000000000000000000000, sa_flags=none
SIGINT: SIG_DFL, sa_mask[0]=00000000000000000000000000000000, sa_flags=none
SIGTERM: SIG_DFL, sa_mask[0]=00000000000000000000000000000000, sa_flags=none
SIGQUIT: SIG_DFL, sa_mask[0]=00000000000000000000000000000000, sa_flags=none


---------------  S Y S T E M  ---------------

OS:NAME="openSUSE Tumbleweed"
# VERSION="20170430"
ID=opensuse
ID_LIKE="suse"
VERSION_ID="20170430"
PRETTY_NAME="openSUSE Tumbleweed"
ANSI_COLOR="0;32"
CPE_NAME="cpe:/o:opensuse:tumbleweed:20170430"
BUG_REPORT_URL="https://bugs.opensuse.org"
HOME_URL="https://www.opensuse.org/"
uname:Linux 4.10.12-1-default #1 SMP PREEMPT Fri Apr 21 11:50:25 UTC 2017 (3043bd9) x86_64
libc:glibc 2.25 NPTL 2.25 
rlimit: STACK 8192k, CORE 0k, NPROC 4096, NOFILE 4096, AS infinity
load average:0.86 0.69 0.46

/proc/meminfo:
MemTotal:       32821376 kB
MemFree:        27037412 kB
MemAvailable:   30197964 kB
Buffers:            2100 kB
Cached:          3383584 kB
SwapCached:            0 kB
Active:          3397760 kB
Inactive:        1810336 kB
Active(anon):    1792716 kB
Inactive(anon):    51996 kB
Active(file):    1605044 kB
Inactive(file):  1758340 kB
Unevictable:          80 kB
Mlocked:              80 kB
SwapTotal:       2103292 kB
SwapFree:        2103292 kB
Dirty:              1220 kB
Writeback:             0 kB
AnonPages:       1801908 kB
Mapped:           422300 kB
Shmem:             22888 kB
Slab:             373668 kB
SReclaimable:     263264 kB
SUnreclaim:       110404 kB
KernelStack:       13900 kB
PageTables:        51772 kB
NFS_Unstable:          0 kB
Bounce:                0 kB
WritebackTmp:          0 kB
CommitLimit:    18513980 kB
Committed_AS:    5685156 kB
VmallocTotal:   34359738367 kB
VmallocUsed:           0 kB
VmallocChunk:          0 kB
HardwareCorrupted:     0 kB
AnonHugePages:    954368 kB
ShmemHugePages:        0 kB
ShmemPmdMapped:        0 kB
HugePages_Total:       0
HugePages_Free:        0
HugePages_Rsvd:        0
HugePages_Surp:        0
Hugepagesize:       2048 kB
DirectMap4k:      181976 kB
DirectMap2M:     9129984 kB
DirectMap1G:    24117248 kB


CPU:total 8 (initial active 8) (4 cores per cpu, 2 threads per core) family 6 model 94 stepping 3, cmov, cx8, fxsr, mmx, sse, sse2, sse3, ssse3, sse4.1, sse4.2, popcnt, avx, avx2, aes, clmul, erms, rtm, 3dnowpref, lzcnt, ht, tsc, tscinvbit, bmi1, bmi2, adx, fma
CPU Model and flags from /proc/cpuinfo:
model name	: Intel(R) Core(TM) i7-6700 CPU @ 3.40GHz
flags		: fpu vme de pse tsc msr pae mce cx8 apic sep mtrr pge mca cmov pat pse36 clflush dts acpi mmx fxsr sse sse2 ss ht tm pbe syscall nx pdpe1gb rdtscp lm constant_tsc art arch_perfmon pebs bts rep_good nopl xtopology nonstop_tsc aperfmperf tsc_known_freq pni pclmulqdq dtes64 monitor ds_cpl vmx smx est tm2 ssse3 sdbg fma cx16 xtpr pdcm pcid sse4_1 sse4_2 x2apic movbe popcnt tsc_deadline_timer aes xsave avx f16c rdrand lahf_lm abm 3dnowprefetch intel_pt tpr_shadow vnmi flexpriority ept vpid fsgsbase tsc_adjust bmi1 hle avx2 smep bmi2 erms invpcid rtm mpx rdseed adx smap clflushopt xsaveopt xsavec xgetbv1 xsaves dtherm ida arat pln pts hwp hwp_notify hwp_act_window hwp_epp

Memory: 4k page, physical 32821376k(27036296k free), swap 2103292k(2103292k free)

vm_info: OpenJDK 64-Bit Server VM (9-internal+0-adhoc.abuild.jdk9-21b063d75b3e) for linux-amd64 JRE (9-internal+0-adhoc.abuild.jdk9-21b063d75b3e), built on Mar 31 2017 15:37:21 by "abuild" with gcc 6.3.1 20170202 [gcc-6-branch revision 245119]

END.
